#
# There is insufficient memory for the Java Runtime Environment to continue.
# Native memory allocation (mmap) failed to map 48758784 bytes for committing reserved memory.
# Possible reasons:
#   The system is out of physical RAM or swap space
#   The process is running with CompressedOops enabled, and the Java Heap may be blocking the growth of the native heap
# Possible solutions:
#   Reduce memory load on the system
#   Increase physical memory or swap space
#   Check if swap backing store is full
#   Decrease Java heap size (-Xmx/-Xms)
#   Decrease number of Java threads
#   Decrease Java thread stack sizes (-Xss)
#   Set larger code cache with -XX:ReservedCodeCacheSize=
#   JVM is running with Unscaled Compressed Oops mode in which the Java heap is
#     placed in the first 4GB address space. The Java Heap base address is the
#     maximum limit for the native heap growth. Please use -XX:HeapBaseMinAddress
#     to set the Java Heap base and to place the Java Heap above 4GB virtual address.
# This output file may be truncated or incomplete.
#
#  Out of Memory Error (os_linux.cpp:2749), pid=15833, tid=0x00007fe497d08700
#
# JRE version: Java(TM) SE Runtime Environment (8.0_201-b09) (build 1.8.0_201-b09)
# Java VM: Java HotSpot(TM) 64-Bit Server VM (25.201-b09 mixed mode linux-amd64 compressed oops)
# Failed to write core dump. Core dumps have been disabled. To enable core dumping, try "ulimit -c unlimited" before starting Java again
#

---------------  T H R E A D  ---------------

Current thread (0x00007fe4c81c7800):  VMThread [stack: 0x00007fe497c08000,0x00007fe497d09000] [id=15952]

Stack: [0x00007fe497c08000,0x00007fe497d09000],  sp=0x00007fe497d07430,  free space=1021k
Native frames: (J=compiled Java code, j=interpreted, Vv=VM code, C=native code)
V  [libjvm.so+0xad3525]  VMError::report_and_die()+0x2e5
V  [libjvm.so+0x4e0457]  report_vm_out_of_memory(char const*, int, unsigned long, VMErrorType, char const*)+0x67
V  [libjvm.so+0x9102f0]  os::pd_commit_memory(char*, unsigned long, unsigned long, bool)+0x100
V  [libjvm.so+0x90791f]  os::commit_memory(char*, unsigned long, unsigned long, bool)+0x1f
V  [libjvm.so+0x98c806]  PSVirtualSpace::expand_by(unsigned long)+0x56
V  [libjvm.so+0x97badb]  PSOldGen::expand_by(unsigned long) [clone .part.28]+0x1b
V  [libjvm.so+0x97bc98]  PSOldGen::expand(unsigned long) [clone .part.29]+0xa8
V  [libjvm.so+0x97c841]  PSOldGen::resize(unsigned long)+0xe1
V  [libjvm.so+0x98297c]  PSParallelCompact::invoke_no_policy(bool) [clone .part.118]+0xa2c
V  [libjvm.so+0x98a795]  PSScavenge::invoke()+0x215
V  [libjvm.so+0x93a318]  ParallelScavengeHeap::failed_mem_allocate(unsigned long)+0x68
V  [libjvm.so+0xad5073]  VM_ParallelGCFailedAllocation::doit()+0x93
V  [libjvm.so+0xada296]  VM_Operation::evaluate()+0x46
V  [libjvm.so+0xad85cd]  VMThread::evaluate_operation(VM_Operation*) [clone .constprop.44]+0xcd
V  [libjvm.so+0xad8bb3]  VMThread::loop()+0x3a3
V  [libjvm.so+0xad8f88]  VMThread::run()+0x78
V  [libjvm.so+0x90d922]  java_start(Thread*)+0x102

VM_Operation (0x00007fe4cf07d8a0): ParallelGCFailedAllocation, mode: safepoint, requested by thread 0x00007fe4c800a800


---------------  P R O C E S S  ---------------

Java Threads: ( => current thread )
  0x00007fe4c8213000 JavaThread "Service Thread" daemon [_thread_blocked, id=16015, stack(0x00007fe496a41000,0x00007fe496b42000)]
  0x00007fe4c8210000 JavaThread "C1 CompilerThread3" daemon [_thread_blocked, id=16004, stack(0x00007fe496b42000,0x00007fe496c43000)]
  0x00007fe4c820e000 JavaThread "C2 CompilerThread2" daemon [_thread_blocked, id=16000, stack(0x00007fe496c43000,0x00007fe496d44000)]
  0x00007fe4c820c000 JavaThread "C2 CompilerThread1" daemon [_thread_blocked, id=15990, stack(0x00007fe496d44000,0x00007fe496e45000)]
  0x00007fe4c8209800 JavaThread "C2 CompilerThread0" daemon [_thread_blocked, id=15983, stack(0x00007fe496e45000,0x00007fe496f46000)]
  0x00007fe4c8208000 JavaThread "Signal Dispatcher" daemon [_thread_blocked, id=15973, stack(0x00007fe496f46000,0x00007fe497047000)]
  0x00007fe4c81d4000 JavaThread "Finalizer" daemon [_thread_blocked, id=15964, stack(0x00007fe497a06000,0x00007fe497b07000)]
  0x00007fe4c81d1800 JavaThread "Reference Handler" daemon [_thread_blocked, id=15959, stack(0x00007fe497b07000,0x00007fe497c08000)]
  0x00007fe4c800a800 JavaThread "main" [_thread_blocked, id=15847, stack(0x00007fe4cef7e000,0x00007fe4cf07f000)]

Other Threads:
=>0x00007fe4c81c7800 VMThread [stack: 0x00007fe497c08000,0x00007fe497d09000] [id=15952]
  0x00007fe4c8215800 WatcherThread [stack: 0x00007fe496940000,0x00007fe496a41000] [id=16025]

VM state:at safepoint (normal execution)

VM Mutex/Monitor currently owned by a thread:  ([mutex/lock_event])
[0x00007fe4c80065e0] ExpandHeap_lock - owner thread: 0x00007fe4c81c7800
[0x00007fe4c8006c60] Threads_lock - owner thread: 0x00007fe4c81c7800
[0x00007fe4c8007160] Heap_lock - owner thread: 0x00007fe4c800a800

heap address: 0x00000000c5a00000, size: 934 MB, Compressed Oops mode: 32-bit
Narrow klass base: 0x0000000000000000, Narrow klass shift: 3
Compressed class space size: 1073741824 Address: 0x0000000100000000

Heap:
 PSYoungGen      total 48640K, used 0K [0x00000000ec900000, 0x00000000f0a00000, 0x0000000100000000)
  eden space 46080K, 0% used [0x00000000ec900000,0x00000000ec900000,0x00000000ef600000)
  from space 2560K, 0% used [0x00000000f0780000,0x00000000f0780000,0x00000000f0a00000)
  to   space 2560K, 0% used [0x00000000f0500000,0x00000000f0500000,0x00000000f0780000)
 ParOldGen       total 89088K, used 59656K [0x00000000c5a00000, 0x00000000cb100000, 0x00000000ec900000)
  object space 89088K, 66% used [0x00000000c5a00000,0x00000000c94421b0,0x00000000cb100000)
 Metaspace       used 2864K, capacity 4486K, committed 4864K, reserved 1056768K
  class space    used 308K, capacity 386K, committed 512K, reserved 1048576K

Card table byte_map: [0x00007fe4b8a6c000,0x00007fe4b8c40000] byte_map_base: 0x00007fe4b843f000

Marking Bits: (ParMarkBitMap*) 0x00007fe4ce455d80
 Begin Bits: [0x00007fe49a2d0000, 0x00007fe49b168000)
 End Bits:   [0x00007fe49b168000, 0x00007fe49c000000)

Polling page: 0x00007fe4cf09a000

CodeCache: size=245760Kb used=1109Kb max_used=1120Kb free=244650Kb
 bounds [0x00007fe4b9000000, 0x00007fe4b9270000, 0x00007fe4c8000000]
 total_blobs=260 nmethods=29 adapters=146
 compilation: enabled

Compilation events (10 events):
Event: 0,299 Thread 0x00007fe4c820e000   25       4       java.util.ArrayList::add (29 bytes)
Event: 0,300 Thread 0x00007fe4c820e000 nmethod 25 0x00007fe4b9114d10 code [0x00007fe4b9114e80, 0x00007fe4b9115008]
Event: 0,300 Thread 0x00007fe4c820e000   26       4       java.lang.Integer::valueOf (32 bytes)
Event: 0,301 Thread 0x00007fe4c820e000 nmethod 26 0x00007fe4b91151d0 code [0x00007fe4b9115320, 0x00007fe4b91153f8]
Event: 0,310 Thread 0x00007fe4c8210000   27 %     3       algoritmo.Algoritmo::main @ 10 (57 bytes)
Event: 0,311 Thread 0x00007fe4c8210000 nmethod 27% 0x00007fe4b9113d50 code [0x00007fe4b9113f40, 0x00007fe4b9114838]
Event: 0,311 Thread 0x00007fe4c8210000   28       3       algoritmo.Algoritmo::main (57 bytes)
Event: 0,311 Thread 0x00007fe4c8210000 nmethod 28 0x00007fe4b9112810 code [0x00007fe4b9112a40, 0x00007fe4b91135e8]
Event: 0,312 Thread 0x00007fe4c8209800   29 %     4       algoritmo.Algoritmo::main @ 10 (57 bytes)
Event: 0,319 Thread 0x00007fe4c8209800 nmethod 29% 0x00007fe4b9111f90 code [0x00007fe4b9112120, 0x00007fe4b9112408]

GC Heap History (10 events):
Event: 0,480 GC heap after
Heap after GC invocations=1 (full 0):
 PSYoungGen      total 17920K, used 2558K [0x00000000ec900000, 0x00000000eec00000, 0x0000000100000000)
  eden space 15360K, 0% used [0x00000000ec900000,0x00000000ec900000,0x00000000ed800000)
  from space 2560K, 99% used [0x00000000ed800000,0x00000000eda7f918,0x00000000eda80000)
  to   space 2560K, 0% used [0x00000000ee980000,0x00000000ee980000,0x00000000eec00000)
 ParOldGen       total 40960K, used 8152K [0x00000000c5a00000, 0x00000000c8200000, 0x00000000ec900000)
  object space 40960K, 19% used [0x00000000c5a00000,0x00000000c61f6000,0x00000000c8200000)
 Metaspace       used 2864K, capacity 4486K, committed 4864K, reserved 1056768K
  class space    used 308K, capacity 386K, committed 512K, reserved 1048576K
}
Event: 0,620 GC heap before
{Heap before GC invocations=2 (full 0):
 PSYoungGen      total 17920K, used 17918K [0x00000000ec900000, 0x00000000eec00000, 0x0000000100000000)
  eden space 15360K, 100% used [0x00000000ec900000,0x00000000ed800000,0x00000000ed800000)
  from space 2560K, 99% used [0x00000000ed800000,0x00000000eda7f918,0x00000000eda80000)
  to   space 2560K, 0% used [0x00000000ee980000,0x00000000ee980000,0x00000000eec00000)
 ParOldGen       total 40960K, used 8152K [0x00000000c5a00000, 0x00000000c8200000, 0x00000000ec900000)
  object space 40960K, 19% used [0x00000000c5a00000,0x00000000c61f6000,0x00000000c8200000)
 Metaspace       used 2864K, capacity 4486K, committed 4864K, reserved 1056768K
  class space    used 308K, capacity 386K, committed 512K, reserved 1048576K
Event: 0,703 GC heap after
Heap after GC invocations=2 (full 0):
 PSYoungGen      total 33280K, used 2544K [0x00000000ec900000, 0x00000000eec00000, 0x0000000100000000)
  eden space 30720K, 0% used [0x00000000ec900000,0x00000000ec900000,0x00000000ee700000)
  from space 2560K, 99% used [0x00000000ee980000,0x00000000eebfc010,0x00000000eec00000)
  to   space 2560K, 0% used [0x00000000ee700000,0x00000000ee700000,0x00000000ee980000)
 ParOldGen       total 40960K, used 18300K [0x00000000c5a00000, 0x00000000c8200000, 0x00000000ec900000)
  object space 40960K, 44% used [0x00000000c5a00000,0x00000000c6bdf010,0x00000000c8200000)
 Metaspace       used 2864K, capacity 4486K, committed 4864K, reserved 1056768K
  class space    used 308K, capacity 386K, committed 512K, reserved 1048576K
}
Event: 0,777 GC heap before
{Heap before GC invocations=3 (full 0):
 PSYoungGen      total 33280K, used 33264K [0x00000000ec900000, 0x00000000eec00000, 0x0000000100000000)
  eden space 30720K, 100% used [0x00000000ec900000,0x00000000ee700000,0x00000000ee700000)
  from space 2560K, 99% used [0x00000000ee980000,0x00000000eebfc010,0x00000000eec00000)
  to   space 2560K, 0% used [0x00000000ee700000,0x00000000ee700000,0x00000000ee980000)
 ParOldGen       total 40960K, used 18300K [0x00000000c5a00000, 0x00000000c8200000, 0x00000000ec900000)
  object space 40960K, 44% used [0x00000000c5a00000,0x00000000c6bdf010,0x00000000c8200000)
 Metaspace       used 2864K, capacity 4486K, committed 4864K, reserved 1056768K
  class space    used 308K, capacity 386K, committed 512K, reserved 1048576K
Event: 0,910 GC heap after
Heap after GC invocations=3 (full 0):
 PSYoungGen      total 33280K, used 2528K [0x00000000ec900000, 0x00000000f0a00000, 0x0000000100000000)
  eden space 30720K, 0% used [0x00000000ec900000,0x00000000ec900000,0x00000000ee700000)
  from space 2560K, 98% used [0x00000000ee700000,0x00000000ee978020,0x00000000ee980000)
  to   space 2560K, 0% used [0x00000000f0780000,0x00000000f0780000,0x00000000f0a00000)
 ParOldGen       total 42496K, used 41959K [0x00000000c5a00000, 0x00000000c8380000, 0x00000000ec900000)
  object space 42496K, 98% used [0x00000000c5a00000,0x00000000c82f9c18,0x00000000c8380000)
 Metaspace       used 2864K, capacity 4486K, committed 4864K, reserved 1056768K
  class space    used 308K, capacity 386K, committed 512K, reserved 1048576K
}
Event: 0,910 GC heap before
{Heap before GC invocations=4 (full 1):
 PSYoungGen      total 33280K, used 2528K [0x00000000ec900000, 0x00000000f0a00000, 0x0000000100000000)
  eden space 30720K, 0% used [0x00000000ec900000,0x00000000ec900000,0x00000000ee700000)
  from space 2560K, 98% used [0x00000000ee700000,0x00000000ee978020,0x00000000ee980000)
  to   space 2560K, 0% used [0x00000000f0780000,0x00000000f0780000,0x00000000f0a00000)
 ParOldGen       total 42496K, used 41959K [0x00000000c5a00000, 0x00000000c8380000, 0x00000000ec900000)
  object space 42496K, 98% used [0x00000000c5a00000,0x00000000c82f9c18,0x00000000c8380000)
 Metaspace       used 2864K, capacity 4486K, committed 4864K, reserved 1056768K
  class space    used 308K, capacity 386K, committed 512K, reserved 1048576K
Event: 2,126 GC heap after
Heap after GC invocations=4 (full 1):
 PSYoungGen      total 33280K, used 0K [0x00000000ec900000, 0x00000000f0a00000, 0x0000000100000000)
  eden space 30720K, 0% used [0x00000000ec900000,0x00000000ec900000,0x00000000ee700000)
  from space 2560K, 0% used [0x00000000ee700000,0x00000000ee700000,0x00000000ee980000)
  to   space 2560K, 0% used [0x00000000f0780000,0x00000000f0780000,0x00000000f0a00000)
 ParOldGen       total 89088K, used 39619K [0x00000000c5a00000, 0x00000000cb100000, 0x00000000ec900000)
  object space 89088K, 44% used [0x00000000c5a00000,0x00000000c80b0f48,0x00000000cb100000)
 Metaspace       used 2864K, capacity 4486K, committed 4864K, reserved 1056768K
  class space    used 308K, capacity 386K, committed 512K, reserved 1048576K
}
Event: 2,142 GC heap before
{Heap before GC invocations=5 (full 1):
 PSYoungGen      total 33280K, used 30720K [0x00000000ec900000, 0x00000000f0a00000, 0x0000000100000000)
  eden space 30720K, 100% used [0x00000000ec900000,0x00000000ee700000,0x00000000ee700000)
  from space 2560K, 0% used [0x00000000ee700000,0x00000000ee700000,0x00000000ee980000)
  to   space 2560K, 0% used [0x00000000f0780000,0x00000000f0780000,0x00000000f0a00000)
 ParOldGen       total 89088K, used 39619K [0x00000000c5a00000, 0x00000000cb100000, 0x00000000ec900000)
  object space 89088K, 44% used [0x00000000c5a00000,0x00000000c80b0f48,0x00000000cb100000)
 Metaspace       used 2864K, capacity 4486K, committed 4864K, reserved 1056768K
  class space    used 308K, capacity 386K, committed 512K, reserved 1048576K
Event: 5,960 GC heap after
Heap after GC invocations=5 (full 1):
 PSYoungGen      total 48640K, used 2560K [0x00000000ec900000, 0x00000000f0a00000, 0x0000000100000000)
  eden space 46080K, 0% used [0x00000000ec900000,0x00000000ec900000,0x00000000ef600000)
  from space 2560K, 100% used [0x00000000f0780000,0x00000000f0a00000,0x00000000f0a00000)
  to   space 2560K, 0% used [0x00000000f0500000,0x00000000f0500000,0x00000000f0780000)
 ParOldGen       total 89088K, used 67844K [0x00000000c5a00000, 0x00000000cb100000, 0x00000000ec900000)
  object space 89088K, 76% used [0x00000000c5a00000,0x00000000c9c41148,0x00000000cb100000)
 Metaspace       used 2864K, capacity 4486K, committed 4864K, reserved 1056768K
  class space    used 308K, capacity 386K, committed 512K, reserved 1048576K
}
Event: 5,960 GC heap before
{Heap before GC invocations=6 (full 2):
 PSYoungGen      total 48640K, used 2560K [0x00000000ec900000, 0x00000000f0a00000, 0x0000000100000000)
  eden space 46080K, 0% used [0x00000000ec900000,0x00000000ec900000,0x00000000ef600000)
  from space 2560K, 100% used [0x00000000f0780000,0x00000000f0a00000,0x00000000f0a00000)
  to   space 2560K, 0% used [0x00000000f0500000,0x00000000f0500000,0x00000000f0780000)
 ParOldGen       total 89088K, used 67844K [0x00000000c5a00000, 0x00000000cb100000, 0x00000000ec900000)
  object space 89088K, 76% used [0x00000000c5a00000,0x00000000c9c41148,0x00000000cb100000)
 Metaspace       used 2864K, capacity 4486K, committed 4864K, reserved 1056768K
  class space    used 308K, capacity 386K, committed 512K, reserved 1048576K

Deoptimization events (0 events):
No events

Classes redefined (0 events):
No events

Internal exceptions (2 events):
Event: 0,062 Thread 0x00007fe4c800a800 Exception <a 'java/lang/NoSuchMethodError': Method sun.misc.Unsafe.defineClass(Ljava/lang/String;[BII)Ljava/lang/Class; name or signature does not match> (0x00000000ec907cb0) thrown at [/HUDSON/workspace/8-2-build-linux-amd64/jdk8u201/12317/hotspot/src/sh
Event: 0,062 Thread 0x00007fe4c800a800 Exception <a 'java/lang/NoSuchMethodError': Method sun.misc.Unsafe.prefetchRead(Ljava/lang/Object;J)V name or signature does not match> (0x00000000ec907f98) thrown at [/HUDSON/workspace/8-2-build-linux-amd64/jdk8u201/12317/hotspot/src/share/vm/prims/jni.c

Events (10 events):
Event: 0,297 loading class java/lang/Void done
Event: 0,328 Thread 0x00007fe4c800a800 DEOPT PACKING pc=0x00007fe4b9114710 sp=0x00007fe4cf07d9a0
Event: 0,328 Thread 0x00007fe4c800a800 DEOPT UNPACKING pc=0x00007fe4b9047784 sp=0x00007fe4cf07d738 mode 0
Event: 0,393 Executing VM operation: ParallelGCFailedAllocation
Event: 0,480 Executing VM operation: ParallelGCFailedAllocation done
Event: 0,620 Executing VM operation: ParallelGCFailedAllocation
Event: 0,703 Executing VM operation: ParallelGCFailedAllocation done
Event: 0,777 Executing VM operation: ParallelGCFailedAllocation
Event: 2,126 Executing VM operation: ParallelGCFailedAllocation done
Event: 2,142 Executing VM operation: ParallelGCFailedAllocation


Dynamic libraries:
00400000-00401000 r-xp 00000000 08:01 17829650                           /usr/lib/jvm/java-8-oracle/jre/bin/java
00600000-00601000 r--p 00000000 08:01 17829650                           /usr/lib/jvm/java-8-oracle/jre/bin/java
00601000-00602000 rw-p 00001000 08:01 17829650                           /usr/lib/jvm/java-8-oracle/jre/bin/java
01fa9000-01fca000 rw-p 00000000 00:00 0                                  [heap]
c5a00000-cb100000 rw-p 00000000 00:00 0 
cdf80000-ec900000 ---p 00000000 00:00 0 
ec900000-f0a00000 rw-p 00000000 00:00 0 
f0a00000-100000000 ---p 00000000 00:00 0 
100000000-100080000 rw-p 00000000 00:00 0 
100080000-140000000 ---p 00000000 00:00 0 
7fe468000000-7fe468021000 rw-p 00000000 00:00 0 
7fe468021000-7fe46c000000 ---p 00000000 00:00 0 
7fe46c000000-7fe46c021000 rw-p 00000000 00:00 0 
7fe46c021000-7fe470000000 ---p 00000000 00:00 0 
7fe470000000-7fe470021000 rw-p 00000000 00:00 0 
7fe470021000-7fe474000000 ---p 00000000 00:00 0 
7fe474000000-7fe474021000 rw-p 00000000 00:00 0 
7fe474021000-7fe478000000 ---p 00000000 00:00 0 
7fe478000000-7fe478082000 rw-p 00000000 00:00 0 
7fe478082000-7fe47c000000 ---p 00000000 00:00 0 
7fe47c000000-7fe47c021000 rw-p 00000000 00:00 0 
7fe47c021000-7fe480000000 ---p 00000000 00:00 0 
7fe480000000-7fe480021000 rw-p 00000000 00:00 0 
7fe480021000-7fe484000000 ---p 00000000 00:00 0 
7fe484000000-7fe484021000 rw-p 00000000 00:00 0 
7fe484021000-7fe488000000 ---p 00000000 00:00 0 
7fe488000000-7fe488021000 rw-p 00000000 00:00 0 
7fe488021000-7fe48c000000 ---p 00000000 00:00 0 
7fe48c000000-7fe48c021000 rw-p 00000000 00:00 0 
7fe48c021000-7fe490000000 ---p 00000000 00:00 0 
7fe490000000-7fe490021000 rw-p 00000000 00:00 0 
7fe490021000-7fe494000000 ---p 00000000 00:00 0 
7fe4966ab000-7fe496940000 rw-p 00000000 00:00 0 
7fe496940000-7fe496941000 ---p 00000000 00:00 0 
7fe496941000-7fe496a41000 rw-p 00000000 00:00 0 
7fe496a41000-7fe496a44000 ---p 00000000 00:00 0 
7fe496a44000-7fe496b42000 rw-p 00000000 00:00 0 
7fe496b42000-7fe496b45000 ---p 00000000 00:00 0 
7fe496b45000-7fe496c43000 rw-p 00000000 00:00 0 
7fe496c43000-7fe496c46000 ---p 00000000 00:00 0 
7fe496c46000-7fe496d44000 rw-p 00000000 00:00 0 
7fe496d44000-7fe496d47000 ---p 00000000 00:00 0 
7fe496d47000-7fe496e45000 rw-p 00000000 00:00 0 
7fe496e45000-7fe496e48000 ---p 00000000 00:00 0 
7fe496e48000-7fe496f46000 rw-p 00000000 00:00 0 
7fe496f46000-7fe496f49000 ---p 00000000 00:00 0 
7fe496f49000-7fe497047000 rw-p 00000000 00:00 0 
7fe497047000-7fe497a06000 r--p 00000000 08:01 17439542                   /usr/lib/locale/locale-archive
7fe497a06000-7fe497a09000 ---p 00000000 00:00 0 
7fe497a09000-7fe497b07000 rw-p 00000000 00:00 0 
7fe497b07000-7fe497b0a000 ---p 00000000 00:00 0 
7fe497b0a000-7fe497c08000 rw-p 00000000 00:00 0 
7fe497c08000-7fe497c09000 ---p 00000000 00:00 0 
7fe497c09000-7fe499723000 rw-p 00000000 00:00 0 
7fe499723000-7fe4998fd000 r--s 03d6f000 08:01 17967127                   /usr/lib/jvm/java-8-oracle/jre/lib/rt.jar
7fe4998fd000-7fe499d3d000 rw-p 00000000 00:00 0 
7fe499d3d000-7fe49a0fd000 ---p 00000000 00:00 0 
7fe49a0fd000-7fe49c000000 rw-p 00000000 00:00 0 
7fe49c000000-7fe49c14a000 rw-p 00000000 00:00 0 
7fe49c14a000-7fe4a0000000 ---p 00000000 00:00 0 
7fe4a0000000-7fe4a0021000 rw-p 00000000 00:00 0 
7fe4a0021000-7fe4a4000000 ---p 00000000 00:00 0 
7fe4a4000000-7fe4a4021000 rw-p 00000000 00:00 0 
7fe4a4021000-7fe4a8000000 ---p 00000000 00:00 0 
7fe4a8000000-7fe4a8213000 rw-p 00000000 00:00 0 
7fe4a8213000-7fe4ac000000 ---p 00000000 00:00 0 
7fe4ac000000-7fe4ac021000 rw-p 00000000 00:00 0 
7fe4ac021000-7fe4b0000000 ---p 00000000 00:00 0 
7fe4b0000000-7fe4b0021000 rw-p 00000000 00:00 0 
7fe4b0021000-7fe4b4000000 ---p 00000000 00:00 0 
7fe4b4000000-7fe4b4021000 rw-p 00000000 00:00 0 
7fe4b4021000-7fe4b8000000 ---p 00000000 00:00 0 
7fe4b802b000-7fe4b812c000 rw-p 00000000 00:00 0 
7fe4b812c000-7fe4b812d000 ---p 00000000 00:00 0 
7fe4b812d000-7fe4b822d000 rw-p 00000000 00:00 0 
7fe4b822d000-7fe4b822e000 ---p 00000000 00:00 0 
7fe4b822e000-7fe4b832e000 rw-p 00000000 00:00 0 
7fe4b832e000-7fe4b832f000 ---p 00000000 00:00 0 
7fe4b832f000-7fe4b842f000 rw-p 00000000 00:00 0 
7fe4b842f000-7fe4b8430000 ---p 00000000 00:00 0 
7fe4b8430000-7fe4b8530000 rw-p 00000000 00:00 0 
7fe4b8530000-7fe4b8531000 ---p 00000000 00:00 0 
7fe4b8531000-7fe4b8631000 rw-p 00000000 00:00 0 
7fe4b8631000-7fe4b8632000 ---p 00000000 00:00 0 
7fe4b8632000-7fe4b8732000 rw-p 00000000 00:00 0 
7fe4b8732000-7fe4b8733000 ---p 00000000 00:00 0 
7fe4b8733000-7fe4b8833000 rw-p 00000000 00:00 0 
7fe4b8833000-7fe4b8834000 ---p 00000000 00:00 0 
7fe4b8834000-7fe4b8960000 rw-p 00000000 00:00 0 
7fe4b8960000-7fe4b8a6c000 ---p 00000000 00:00 0 
7fe4b8a6c000-7fe4b8a98000 rw-p 00000000 00:00 0 
7fe4b8a98000-7fe4b8ba3000 ---p 00000000 00:00 0 
7fe4b8ba3000-7fe4b8bc4000 rw-p 00000000 00:00 0 
7fe4b8bc4000-7fe4b8c3f000 ---p 00000000 00:00 0 
7fe4b8c3f000-7fe4b8c4a000 rw-p 00000000 00:00 0 
7fe4b8c4a000-7fe4b9000000 ---p 00000000 00:00 0 
7fe4b9000000-7fe4b9270000 rwxp 00000000 00:00 0 
7fe4b9270000-7fe4c8000000 ---p 00000000 00:00 0 
7fe4c8000000-7fe4c8241000 rw-p 00000000 00:00 0 
7fe4c8241000-7fe4cc000000 ---p 00000000 00:00 0 
7fe4cc069000-7fe4cc0df000 rw-p 00000000 00:00 0 
7fe4cc0df000-7fe4cc0fa000 r-xp 00000000 08:01 18090705                   /usr/lib/jvm/java-8-oracle/jre/lib/amd64/libzip.so
7fe4cc0fa000-7fe4cc2f9000 ---p 0001b000 08:01 18090705                   /usr/lib/jvm/java-8-oracle/jre/lib/amd64/libzip.so
7fe4cc2f9000-7fe4cc2fa000 r--p 0001a000 08:01 18090705                   /usr/lib/jvm/java-8-oracle/jre/lib/amd64/libzip.so
7fe4cc2fa000-7fe4cc2fb000 rw-p 0001b000 08:01 18090705                   /usr/lib/jvm/java-8-oracle/jre/lib/amd64/libzip.so
7fe4cc2fb000-7fe4cc306000 r-xp 00000000 08:01 4985510                    /lib/x86_64-linux-gnu/libnss_files-2.23.so
7fe4cc306000-7fe4cc505000 ---p 0000b000 08:01 4985510                    /lib/x86_64-linux-gnu/libnss_files-2.23.so
7fe4cc505000-7fe4cc506000 r--p 0000a000 08:01 4985510                    /lib/x86_64-linux-gnu/libnss_files-2.23.so
7fe4cc506000-7fe4cc507000 rw-p 0000b000 08:01 4985510                    /lib/x86_64-linux-gnu/libnss_files-2.23.so
7fe4cc507000-7fe4cc50d000 rw-p 00000000 00:00 0 
7fe4cc50d000-7fe4cc518000 r-xp 00000000 08:01 4985520                    /lib/x86_64-linux-gnu/libnss_nis-2.23.so
7fe4cc518000-7fe4cc717000 ---p 0000b000 08:01 4985520                    /lib/x86_64-linux-gnu/libnss_nis-2.23.so
7fe4cc717000-7fe4cc718000 r--p 0000a000 08:01 4985520                    /lib/x86_64-linux-gnu/libnss_nis-2.23.so
7fe4cc718000-7fe4cc719000 rw-p 0000b000 08:01 4985520                    /lib/x86_64-linux-gnu/libnss_nis-2.23.so
7fe4cc719000-7fe4cc72f000 r-xp 00000000 08:01 4985504                    /lib/x86_64-linux-gnu/libnsl-2.23.so
7fe4cc72f000-7fe4cc92e000 ---p 00016000 08:01 4985504                    /lib/x86_64-linux-gnu/libnsl-2.23.so
7fe4cc92e000-7fe4cc92f000 r--p 00015000 08:01 4985504                    /lib/x86_64-linux-gnu/libnsl-2.23.so
7fe4cc92f000-7fe4cc930000 rw-p 00016000 08:01 4985504                    /lib/x86_64-linux-gnu/libnsl-2.23.so
7fe4cc930000-7fe4cc932000 rw-p 00000000 00:00 0 
7fe4cc932000-7fe4cc93a000 r-xp 00000000 08:01 4985506                    /lib/x86_64-linux-gnu/libnss_compat-2.23.so
7fe4cc93a000-7fe4ccb39000 ---p 00008000 08:01 4985506                    /lib/x86_64-linux-gnu/libnss_compat-2.23.so
7fe4ccb39000-7fe4ccb3a000 r--p 00007000 08:01 4985506                    /lib/x86_64-linux-gnu/libnss_compat-2.23.so
7fe4ccb3a000-7fe4ccb3b000 rw-p 00008000 08:01 4985506                    /lib/x86_64-linux-gnu/libnss_compat-2.23.so
7fe4ccb3b000-7fe4ccb67000 r-xp 00000000 08:01 18090338                   /usr/lib/jvm/java-8-oracle/jre/lib/amd64/libjava.so
7fe4ccb67000-7fe4ccd67000 ---p 0002c000 08:01 18090338                   /usr/lib/jvm/java-8-oracle/jre/lib/amd64/libjava.so
7fe4ccd67000-7fe4ccd68000 r--p 0002c000 08:01 18090338                   /usr/lib/jvm/java-8-oracle/jre/lib/amd64/libjava.so
7fe4ccd68000-7fe4ccd6a000 rw-p 0002d000 08:01 18090338                   /usr/lib/jvm/java-8-oracle/jre/lib/amd64/libjava.so
7fe4ccd6a000-7fe4ccd77000 r-xp 00000000 08:01 18090704                   /usr/lib/jvm/java-8-oracle/jre/lib/amd64/libverify.so
7fe4ccd77000-7fe4ccf76000 ---p 0000d000 08:01 18090704                   /usr/lib/jvm/java-8-oracle/jre/lib/amd64/libverify.so
7fe4ccf76000-7fe4ccf78000 r--p 0000c000 08:01 18090704                   /usr/lib/jvm/java-8-oracle/jre/lib/amd64/libverify.so
7fe4ccf78000-7fe4ccf79000 rw-p 0000e000 08:01 18090704                   /usr/lib/jvm/java-8-oracle/jre/lib/amd64/libverify.so
7fe4ccf79000-7fe4ccf80000 r-xp 00000000 08:01 4985565                    /lib/x86_64-linux-gnu/librt-2.23.so
7fe4ccf80000-7fe4cd17f000 ---p 00007000 08:01 4985565                    /lib/x86_64-linux-gnu/librt-2.23.so
7fe4cd17f000-7fe4cd180000 r--p 00006000 08:01 4985565                    /lib/x86_64-linux-gnu/librt-2.23.so
7fe4cd180000-7fe4cd181000 rw-p 00007000 08:01 4985565                    /lib/x86_64-linux-gnu/librt-2.23.so
7fe4cd181000-7fe4cd289000 r-xp 00000000 08:01 4985481                    /lib/x86_64-linux-gnu/libm-2.23.so
7fe4cd289000-7fe4cd488000 ---p 00108000 08:01 4985481                    /lib/x86_64-linux-gnu/libm-2.23.so
7fe4cd488000-7fe4cd489000 r--p 00107000 08:01 4985481                    /lib/x86_64-linux-gnu/libm-2.23.so
7fe4cd489000-7fe4cd48a000 rw-p 00108000 08:01 4985481                    /lib/x86_64-linux-gnu/libm-2.23.so
7fe4cd48a000-7fe4ce172000 r-xp 00000000 08:01 18090320                   /usr/lib/jvm/java-8-oracle/jre/lib/amd64/server/libjvm.so
7fe4ce172000-7fe4ce371000 ---p 00ce8000 08:01 18090320                   /usr/lib/jvm/java-8-oracle/jre/lib/amd64/server/libjvm.so
7fe4ce371000-7fe4ce407000 r--p 00ce7000 08:01 18090320                   /usr/lib/jvm/java-8-oracle/jre/lib/amd64/server/libjvm.so
7fe4ce407000-7fe4ce438000 rw-p 00d7d000 08:01 18090320                   /usr/lib/jvm/java-8-oracle/jre/lib/amd64/server/libjvm.so
7fe4ce438000-7fe4ce473000 rw-p 00000000 00:00 0 
7fe4ce473000-7fe4ce633000 r-xp 00000000 08:01 4985411                    /lib/x86_64-linux-gnu/libc-2.23.so
7fe4ce633000-7fe4ce833000 ---p 001c0000 08:01 4985411                    /lib/x86_64-linux-gnu/libc-2.23.so
7fe4ce833000-7fe4ce837000 r--p 001c0000 08:01 4985411                    /lib/x86_64-linux-gnu/libc-2.23.so
7fe4ce837000-7fe4ce839000 rw-p 001c4000 08:01 4985411                    /lib/x86_64-linux-gnu/libc-2.23.so
7fe4ce839000-7fe4ce83d000 rw-p 00000000 00:00 0 
7fe4ce83d000-7fe4ce840000 r-xp 00000000 08:01 4985435                    /lib/x86_64-linux-gnu/libdl-2.23.so
7fe4ce840000-7fe4cea3f000 ---p 00003000 08:01 4985435                    /lib/x86_64-linux-gnu/libdl-2.23.so
7fe4cea3f000-7fe4cea40000 r--p 00002000 08:01 4985435                    /lib/x86_64-linux-gnu/libdl-2.23.so
7fe4cea40000-7fe4cea41000 rw-p 00003000 08:01 4985435                    /lib/x86_64-linux-gnu/libdl-2.23.so
7fe4cea41000-7fe4cea58000 r-xp 00000000 08:01 18090282                   /usr/lib/jvm/java-8-oracle/jre/lib/amd64/jli/libjli.so
7fe4cea58000-7fe4cec57000 ---p 00017000 08:01 18090282                   /usr/lib/jvm/java-8-oracle/jre/lib/amd64/jli/libjli.so
7fe4cec57000-7fe4cec58000 r--p 00016000 08:01 18090282                   /usr/lib/jvm/java-8-oracle/jre/lib/amd64/jli/libjli.so
7fe4cec58000-7fe4cec59000 rw-p 00017000 08:01 18090282                   /usr/lib/jvm/java-8-oracle/jre/lib/amd64/jli/libjli.so
7fe4cec59000-7fe4cec71000 r-xp 00000000 08:01 4985557                    /lib/x86_64-linux-gnu/libpthread-2.23.so
7fe4cec71000-7fe4cee70000 ---p 00018000 08:01 4985557                    /lib/x86_64-linux-gnu/libpthread-2.23.so
7fe4cee70000-7fe4cee71000 r--p 00017000 08:01 4985557                    /lib/x86_64-linux-gnu/libpthread-2.23.so
7fe4cee71000-7fe4cee72000 rw-p 00018000 08:01 4985557                    /lib/x86_64-linux-gnu/libpthread-2.23.so
7fe4cee72000-7fe4cee76000 rw-p 00000000 00:00 0 
7fe4cee76000-7fe4cee9c000 r-xp 00000000 08:01 4985383                    /lib/x86_64-linux-gnu/ld-2.23.so
7fe4ceec1000-7fe4cef7e000 rw-p 00000000 00:00 0 
7fe4cef7e000-7fe4cef81000 ---p 00000000 00:00 0 
7fe4cef81000-7fe4cf084000 rw-p 00000000 00:00 0 
7fe4cf090000-7fe4cf091000 r--s 00000000 08:01 7608180                    /home/laboratorio/bin/Algoritmo.jar
7fe4cf091000-7fe4cf099000 rw-s 00000000 08:01 8126769                    /tmp/hsperfdata_root/15833
7fe4cf099000-7fe4cf09a000 rw-p 00000000 00:00 0 
7fe4cf09a000-7fe4cf09b000 ---p 00000000 00:00 0 
7fe4cf09b000-7fe4cf09c000 r--p 00025000 08:01 4985383                    /lib/x86_64-linux-gnu/ld-2.23.so
7fe4cf09c000-7fe4cf09d000 rw-p 00026000 08:01 4985383                    /lib/x86_64-linux-gnu/ld-2.23.so
7fe4cf09d000-7fe4cf09e000 rw-p 00000000 00:00 0 
7ffcaed28000-7ffcaed49000 rw-p 00000000 00:00 0                          [stack]
7ffcaed70000-7ffcaed73000 r--p 00000000 00:00 0                          [vvar]
7ffcaed73000-7ffcaed75000 r-xp 00000000 00:00 0                          [vdso]
ffffffffff600000-ffffffffff601000 r-xp 00000000 00:00 0                  [vsyscall]

VM Arguments:
java_command: /home/laboratorio/bin/Algoritmo.jar
java_class_path (initial): /home/laboratorio/bin/Algoritmo.jar
Launcher Type: SUN_STANDARD

Environment Variables:
PATH=/usr/local/sbin:/usr/local/bin:/usr/sbin:/usr/bin:/sbin:/bin:/snap/bin
USERNAME=root
SHELL=/bin/bash
DISPLAY=:0

Signal Handlers:
SIGSEGV: [libjvm.so+0xad3e60], sa_mask[0]=11111111011111111101111111111110, sa_flags=SA_RESTART|SA_SIGINFO
SIGBUS: [libjvm.so+0xad3e60], sa_mask[0]=11111111011111111101111111111110, sa_flags=SA_RESTART|SA_SIGINFO
SIGFPE: [libjvm.so+0x90b880], sa_mask[0]=11111111011111111101111111111110, sa_flags=SA_RESTART|SA_SIGINFO
SIGPIPE: [libjvm.so+0x90b880], sa_mask[0]=11111111011111111101111111111110, sa_flags=SA_RESTART|SA_SIGINFO
SIGXFSZ: [libjvm.so+0x90b880], sa_mask[0]=11111111011111111101111111111110, sa_flags=SA_RESTART|SA_SIGINFO
SIGILL: [libjvm.so+0x90b880], sa_mask[0]=11111111011111111101111111111110, sa_flags=SA_RESTART|SA_SIGINFO
SIGUSR1: SIG_DFL, sa_mask[0]=00000000000000000000000000000000, sa_flags=none
SIGUSR2: [libjvm.so+0x90b750], sa_mask[0]=00000000000000000000000000000000, sa_flags=SA_RESTART|SA_SIGINFO
SIGHUP: [libjvm.so+0x90bd70], sa_mask[0]=11111111011111111101111111111110, sa_flags=SA_RESTART|SA_SIGINFO
SIGINT: SIG_IGN, sa_mask[0]=00000000000000000000000000000000, sa_flags=none
SIGTERM: [libjvm.so+0x90bd70], sa_mask[0]=11111111011111111101111111111110, sa_flags=SA_RESTART|SA_SIGINFO
SIGQUIT: [libjvm.so+0x90bd70], sa_mask[0]=11111111011111111101111111111110, sa_flags=SA_RESTART|SA_SIGINFO


---------------  S Y S T E M  ---------------

OS:DISTRIB_ID=Ubuntu
DISTRIB_RELEASE=16.04
DISTRIB_CODENAME=xenial
DISTRIB_DESCRIPTION="Ubuntu 16.04.5 LTS"

uname:Linux 4.15.0-65-generic #74~16.04.1-Ubuntu SMP Wed Sep 18 09:51:44 UTC 2019 x86_64
libc:glibc 2.23 NPTL 2.23 
rlimit: STACK 8192k, CORE 0k, NPROC 14690, NOFILE 1048576, AS infinity
load average:62,74 32,11 13,23

/proc/meminfo:
MemTotal:        3821336 kB
MemFree:          950968 kB
MemAvailable:     890168 kB
Buffers:            2316 kB
Cached:           250768 kB
SwapCached:         2156 kB
Active:          2251068 kB
Inactive:         375088 kB
Active(anon):    2246732 kB
Inactive(anon):   317208 kB
Active(file):       4336 kB
Inactive(file):    57880 kB
Unevictable:          48 kB
Mlocked:              48 kB
SwapTotal:        998396 kB
SwapFree:             12 kB
Dirty:               292 kB
Writeback:           624 kB
AnonPages:       2371872 kB
Mapped:           134520 kB
Shmem:            190540 kB
Slab:             111648 kB
SReclaimable:      51472 kB
SUnreclaim:        60176 kB
KernelStack:       19104 kB
PageTables:        56972 kB
NFS_Unstable:          0 kB
Bounce:                0 kB
WritebackTmp:          0 kB
CommitLimit:     2909064 kB
Committed_AS:   10365124 kB
VmallocTotal:   34359738367 kB
VmallocUsed:           0 kB
VmallocChunk:          0 kB
HardwareCorrupted:     0 kB
AnonHugePages:         0 kB
ShmemHugePages:        0 kB
ShmemPmdMapped:        0 kB
CmaTotal:              0 kB
CmaFree:               0 kB
HugePages_Total:       0
HugePages_Free:        0
HugePages_Rsvd:        0
HugePages_Surp:        0
Hugepagesize:       2048 kB
DirectMap4k:      222568 kB
DirectMap2M:     3751936 kB

container (cgroup) information:
container_type: cgroupv1
cpu_cpuset_cpus: 0-7
cpu_memory_nodes: 0
active_processor_count: 8
cpu_quota: -1
cpu_period: 100000
cpu_shares: -1
memory_limit_in_bytes: -1
memory_and_swap_limit_in_bytes: -2
memory_soft_limit_in_bytes: -1
memory_usage_in_bytes: 2690822144
memory_max_usage_in_bytes: 4726784


CPU:total 8 (initial active 8) (4 cores per cpu, 2 threads per core) family 6 model 58 stepping 9, cmov, cx8, fxsr, mmx, sse, sse2, sse3, ssse3, sse4.1, sse4.2, popcnt, avx, aes, clmul, erms, ht, tsc, tscinvbit, tscinv

/proc/cpuinfo:
processor	: 0
vendor_id	: GenuineIntel
cpu family	: 6
model		: 58
model name	: Intel(R) Core(TM) i7-3770 CPU @ 3.40GHz
stepping	: 9
microcode	: 0x21
cpu MHz		: 3254.114
cache size	: 8192 KB
physical id	: 0
siblings	: 8
core id		: 0
cpu cores	: 4
apicid		: 0
initial apicid	: 0
fpu		: yes
fpu_exception	: yes
cpuid level	: 13
wp		: yes
flags		: fpu vme de pse tsc msr pae mce cx8 apic sep mtrr pge mca cmov pat pse36 clflush dts acpi mmx fxsr sse sse2 ss ht tm pbe syscall nx rdtscp lm constant_tsc arch_perfmon pebs bts rep_good nopl xtopology nonstop_tsc cpuid aperfmperf pni pclmulqdq dtes64 monitor ds_cpl vmx smx est tm2 ssse3 cx16 xtpr pdcm pcid sse4_1 sse4_2 x2apic popcnt tsc_deadline_timer aes xsave avx f16c rdrand lahf_lm cpuid_fault epb pti ssbd ibrs ibpb stibp tpr_shadow vnmi flexpriority ept vpid fsgsbase smep erms xsaveopt dtherm ida arat pln pts md_clear flush_l1d
bugs		: cpu_meltdown spectre_v1 spectre_v2 spec_store_bypass l1tf mds swapgs
bogomips	: 6785.06
clflush size	: 64
cache_alignment	: 64
address sizes	: 36 bits physical, 48 bits virtual
power management:

processor	: 1
vendor_id	: GenuineIntel
cpu family	: 6
model		: 58
model name	: Intel(R) Core(TM) i7-3770 CPU @ 3.40GHz
stepping	: 9
microcode	: 0x21
cpu MHz		: 3277.300
cache size	: 8192 KB
physical id	: 0
siblings	: 8
core id		: 1
cpu cores	: 4
apicid		: 2
initial apicid	: 2
fpu		: yes
fpu_exception	: yes
cpuid level	: 13
wp		: yes
flags		: fpu vme de pse tsc msr pae mce cx8 apic sep mtrr pge mca cmov pat pse36 clflush dts acpi mmx fxsr sse sse2 ss ht tm pbe syscall nx rdtscp lm constant_tsc arch_perfmon pebs bts rep_good nopl xtopology nonstop_tsc cpuid aperfmperf pni pclmulqdq dtes64 monitor ds_cpl vmx smx est tm2 ssse3 cx16 xtpr pdcm pcid sse4_1 sse4_2 x2apic popcnt tsc_deadline_timer aes xsave avx f16c rdrand lahf_lm cpuid_fault epb pti ssbd ibrs ibpb stibp tpr_shadow vnmi flexpriority ept vpid fsgsbase smep erms xsaveopt dtherm ida arat pln pts md_clear flush_l1d
bugs		: cpu_meltdown spectre_v1 spectre_v2 spec_store_bypass l1tf mds swapgs
bogomips	: 6785.06
clflush size	: 64
cache_alignment	: 64
address sizes	: 36 bits physical, 48 bits virtual
power management:

processor	: 2
vendor_id	: GenuineIntel
cpu family	: 6
model		: 58
model name	: Intel(R) Core(TM) i7-3770 CPU @ 3.40GHz
stepping	: 9
microcode	: 0x21
cpu MHz		: 3271.534
cache size	: 8192 KB
physical id	: 0
siblings	: 8
core id		: 2
cpu cores	: 4
apicid		: 4
initial apicid	: 4
fpu		: yes
fpu_exception	: yes
cpuid level	: 13
wp		: yes
flags		: fpu vme de pse tsc msr pae mce cx8 apic sep mtrr pge mca cmov pat pse36 clflush dts acpi mmx fxsr sse sse2 ss ht tm pbe syscall nx rdtscp lm constant_tsc arch_perfmon pebs bts rep_good nopl xtopology nonstop_tsc cpuid aperfmperf pni pclmulqdq dtes64 monitor ds_cpl vmx smx est tm2 ssse3 cx16 xtpr pdcm pcid sse4_1 sse4_2 x2apic popcnt tsc_deadline_timer aes xsave avx f16c rdrand lahf_lm cpuid_fault epb pti ssbd ibrs ibpb stibp tpr_shadow vnmi flexpriority ept vpid fsgsbase smep erms xsaveopt dtherm ida arat pln pts md_clear flush_l1d
bugs		: cpu_meltdown spectre_v1 spectre_v2 spec_store_bypass l1tf mds swapgs
bogomips	: 6785.06
clflush size	: 64
cache_alignment	: 64
address sizes	: 36 bits physical, 48 bits virtual
power management:

processor	: 3
vendor_id	: GenuineIntel
cpu family	: 6
model		: 58
model name	: Intel(R) Core(TM) i7-3770 CPU @ 3.40GHz
stepping	: 9
microcode	: 0x21
cpu MHz		: 3249.825
cache size	: 8192 KB
physical id	: 0
siblings	: 8
core id		: 3
cpu cores	: 4
apicid		: 6
initial apicid	: 6
fpu		: yes
fpu_exception	: yes
cpuid level	: 13
wp		: yes
flags		: fpu vme de pse tsc msr pae mce cx8 apic sep mtrr pge mca cmov pat pse36 clflush dts acpi mmx fxsr sse sse2 ss ht tm pbe syscall nx rdtscp lm constant_tsc arch_perfmon pebs bts rep_good nopl xtopology nonstop_tsc cpuid aperfmperf pni pclmulqdq dtes64 monitor ds_cpl vmx smx est tm2 ssse3 cx16 xtpr pdcm pcid sse4_1 sse4_2 x2apic popcnt tsc_deadline_timer aes xsave avx f16c rdrand lahf_lm cpuid_fault epb pti ssbd ibrs ibpb stibp tpr_shadow vnmi flexpriority ept vpid fsgsbase smep erms xsaveopt dtherm ida arat pln pts md_clear flush_l1d
bugs		: cpu_meltdown spectre_v1 spectre_v2 spec_store_bypass l1tf mds swapgs
bogomips	: 6785.06
clflush size	: 64
cache_alignment	: 64
address sizes	: 36 bits physical, 48 bits virtual
power management:

processor	: 4
vendor_id	: GenuineIntel
cpu family	: 6
model		: 58
model name	: Intel(R) Core(TM) i7-3770 CPU @ 3.40GHz
stepping	: 9
microcode	: 0x21
cpu MHz		: 3245.201
cache size	: 8192 KB
physical id	: 0
siblings	: 8
core id		: 0
cpu cores	: 4
apicid		: 1
initial apicid	: 1
fpu		: yes
fpu_exception	: yes
cpuid level	: 13
wp		: yes
flags		: fpu vme de pse tsc msr pae mce cx8 apic sep mtrr pge mca cmov pat pse36 clflush dts acpi mmx fxsr sse sse2 ss ht tm pbe syscall nx rdtscp lm constant_tsc arch_perfmon pebs bts rep_good nopl xtopology nonstop_tsc cpuid aperfmperf pni pclmulqdq dtes64 monitor ds_cpl vmx smx est tm2 ssse3 cx16 xtpr pdcm pcid sse4_1 sse4_2 x2apic popcnt tsc_deadline_timer aes xsave avx f16c rdrand lahf_lm cpuid_fault epb pti ssbd ibrs ibpb stibp tpr_shadow vnmi flexpriority ept vpid fsgsbase smep erms xsaveopt dtherm ida arat pln pts md_clear flush_l1d
bugs		: cpu_meltdown spectre_v1 spectre_v2 spec_store_bypass l1tf mds swapgs
bogomips	: 6785.06
clflush size	: 64
cache_alignment	: 64
address sizes	: 36 bits physical, 48 bits virtual
power management:

processor	: 5
vendor_id	: GenuineIntel
cpu family	: 6
model		: 58
model name	: Intel(R) Core(TM) i7-3770 CPU @ 3.40GHz
stepping	: 9
microcode	: 0x21
cpu MHz		: 3242.359
cache size	: 8192 KB
physical id	: 0
siblings	: 8
core id		: 1
cpu cores	: 4
apicid		: 3
initial apicid	: 3
fpu		: yes
fpu_exception	: yes
cpuid level	: 13
wp		: yes
flags		: fpu vme de pse tsc msr pae mce cx8 apic sep mtrr pge mca cmov pat pse36 clflush dts acpi mmx fxsr sse sse2 ss ht tm pbe syscall nx rdtscp lm constant_tsc arch_perfmon pebs bts rep_good nopl xtopology nonstop_tsc cpuid aperfmperf pni pclmulqdq dtes64 monitor ds_cpl vmx smx est tm2 ssse3 cx16 xtpr pdcm pcid sse4_1 sse4_2 x2apic popcnt tsc_deadline_timer aes xsave avx f16c rdrand lahf_lm cpuid_fault epb pti ssbd ibrs ibpb stibp tpr_shadow vnmi flexpriority ept vpid fsgsbase smep erms xsaveopt dtherm ida arat pln pts md_clear flush_l1d
bugs		: cpu_meltdown spectre_v1 spectre_v2 spec_store_bypass l1tf mds swapgs
bogomips	: 6785.06
clflush size	: 64
cache_alignment	: 64
address sizes	: 36 bits physical, 48 bits virtual
power management:

processor	: 6
vendor_id	: GenuineIntel
cpu family	: 6
model		: 58
model name	: Intel(R) Core(TM) i7-3770 CPU @ 3.40GHz
stepping	: 9
microcode	: 0x21
cpu MHz		: 3297.176
cache size	: 8192 KB
physical id	: 0
siblings	: 8
core id		: 2
cpu cores	: 4
apicid		: 5
initial apicid	: 5
fpu		: yes
fpu_exception	: yes
cpuid level	: 13
wp		: yes
flags		: fpu vme de pse tsc msr pae mce cx8 apic sep mtrr pge mca cmov pat pse36 clflush dts acpi mmx fxsr sse sse2 ss ht tm pbe syscall nx rdtscp lm constant_tsc arch_perfmon pebs bts rep_good nopl xtopology nonstop_tsc cpuid aperfmperf pni pclmulqdq dtes64 monitor ds_cpl vmx smx est tm2 ssse3 cx16 xtpr pdcm pcid sse4_1 sse4_2 x2apic popcnt tsc_deadline_timer aes xsave avx f16c rdrand lahf_lm cpuid_fault epb pti ssbd ibrs ibpb stibp tpr_shadow vnmi flexpriority ept vpid fsgsbase smep erms xsaveopt dtherm ida arat pln pts md_clear flush_l1d
bugs		: cpu_meltdown spectre_v1 spectre_v2 spec_store_bypass l1tf mds swapgs
bogomips	: 6785.06
clflush size	: 64
cache_alignment	: 64
address sizes	: 36 bits physical, 48 bits virtual
power management:

processor	: 7
vendor_id	: GenuineIntel
cpu family	: 6
model		: 58
model name	: Intel(R) Core(TM) i7-3770 CPU @ 3.40GHz
stepping	: 9
microcode	: 0x21
cpu MHz		: 3245.959
cache size	: 8192 KB
physical id	: 0
siblings	: 8
core id		: 3
cpu cores	: 4
apicid		: 7
initial apicid	: 7
fpu		: yes
fpu_exception	: yes
cpuid level	: 13
wp		: yes
flags		: fpu vme de pse tsc msr pae mce cx8 apic sep mtrr pge mca cmov pat pse36 clflush dts acpi mmx fxsr sse sse2 ss ht tm pbe syscall nx rdtscp lm constant_tsc arch_perfmon pebs bts rep_good nopl xtopology nonstop_tsc cpuid aperfmperf pni pclmulqdq dtes64 monitor ds_cpl vmx smx est tm2 ssse3 cx16 xtpr pdcm pcid sse4_1 sse4_2 x2apic popcnt tsc_deadline_timer aes xsave avx f16c rdrand lahf_lm cpuid_fault epb pti ssbd ibrs ibpb stibp tpr_shadow vnmi flexpriority ept vpid fsgsbase smep erms xsaveopt dtherm ida arat pln pts md_clear flush_l1d
bugs		: cpu_meltdown spectre_v1 spectre_v2 spec_store_bypass l1tf mds swapgs
bogomips	: 6785.06
clflush size	: 64
cache_alignment	: 64
address sizes	: 36 bits physical, 48 bits virtual
power management:



Memory: 4k page, physical 3821336k(950968k free), swap 998396k(12k free)

vm_info: Java HotSpot(TM) 64-Bit Server VM (25.201-b09) for linux-amd64 JRE (1.8.0_201-b09), built on Dec 15 2018 11:35:59 by "java_re" with gcc 7.3.0

time: Fri Jan 17 13:46:12 2020
timezone: -05
elapsed time: 149 seconds (0d 0h 2m 29s)

