#
# There is insufficient memory for the Java Runtime Environment to continue.
# Native memory allocation (mmap) failed to map 94371840 bytes for committing reserved memory.
# Possible reasons:
#   The system is out of physical RAM or swap space
#   The process is running with CompressedOops enabled, and the Java Heap may be blocking the growth of the native heap
# Possible solutions:
#   Reduce memory load on the system
#   Increase physical memory or swap space
#   Check if swap backing store is full
#   Decrease Java heap size (-Xmx/-Xms)
#   Decrease number of Java threads
#   Decrease Java thread stack sizes (-Xss)
#   Set larger code cache with -XX:ReservedCodeCacheSize=
#   JVM is running with Unscaled Compressed Oops mode in which the Java heap is
#     placed in the first 4GB address space. The Java Heap base address is the
#     maximum limit for the native heap growth. Please use -XX:HeapBaseMinAddress
#     to set the Java Heap base and to place the Java Heap above 4GB virtual address.
# This output file may be truncated or incomplete.
#
#  Out of Memory Error (os_linux.cpp:2749), pid=22445, tid=0x00007f0dd73f3700
#
# JRE version: Java(TM) SE Runtime Environment (8.0_201-b09) (build 1.8.0_201-b09)
# Java VM: Java HotSpot(TM) 64-Bit Server VM (25.201-b09 mixed mode linux-amd64 compressed oops)
# Failed to write core dump. Core dumps have been disabled. To enable core dumping, try "ulimit -c unlimited" before starting Java again
#

---------------  T H R E A D  ---------------

Current thread (0x00007f0df01c7800):  VMThread [stack: 0x00007f0dd72f3000,0x00007f0dd73f4000] [id=22455]

Stack: [0x00007f0dd72f3000,0x00007f0dd73f4000],  sp=0x00007f0dd73f2430,  free space=1021k
Native frames: (J=compiled Java code, j=interpreted, Vv=VM code, C=native code)
V  [libjvm.so+0xad3525]  VMError::report_and_die()+0x2e5
V  [libjvm.so+0x4e0457]  report_vm_out_of_memory(char const*, int, unsigned long, VMErrorType, char const*)+0x67
V  [libjvm.so+0x9102f0]  os::pd_commit_memory(char*, unsigned long, unsigned long, bool)+0x100
V  [libjvm.so+0x90791f]  os::commit_memory(char*, unsigned long, unsigned long, bool)+0x1f
V  [libjvm.so+0x98c806]  PSVirtualSpace::expand_by(unsigned long)+0x56
V  [libjvm.so+0x97badb]  PSOldGen::expand_by(unsigned long) [clone .part.28]+0x1b
V  [libjvm.so+0x97bc98]  PSOldGen::expand(unsigned long) [clone .part.29]+0xa8
V  [libjvm.so+0x97c841]  PSOldGen::resize(unsigned long)+0xe1
V  [libjvm.so+0x98297c]  PSParallelCompact::invoke_no_policy(bool) [clone .part.118]+0xa2c
V  [libjvm.so+0x98a795]  PSScavenge::invoke()+0x215
V  [libjvm.so+0x93a318]  ParallelScavengeHeap::failed_mem_allocate(unsigned long)+0x68
V  [libjvm.so+0xad5073]  VM_ParallelGCFailedAllocation::doit()+0x93
V  [libjvm.so+0xada296]  VM_Operation::evaluate()+0x46
V  [libjvm.so+0xad85cd]  VMThread::evaluate_operation(VM_Operation*) [clone .constprop.44]+0xcd
V  [libjvm.so+0xad8bb3]  VMThread::loop()+0x3a3
V  [libjvm.so+0xad8f88]  VMThread::run()+0x78
V  [libjvm.so+0x90d922]  java_start(Thread*)+0x102

VM_Operation (0x00007f0df67ce8a0): ParallelGCFailedAllocation, mode: safepoint, requested by thread 0x00007f0df000a800


---------------  P R O C E S S  ---------------

Java Threads: ( => current thread )
  0x00007f0df0225800 JavaThread "Service Thread" daemon [_thread_blocked, id=22463, stack(0x00007f0dd612c000,0x00007f0dd622d000)]
  0x00007f0df0210000 JavaThread "C1 CompilerThread3" daemon [_thread_blocked, id=22462, stack(0x00007f0dd622d000,0x00007f0dd632e000)]
  0x00007f0df020e000 JavaThread "C2 CompilerThread2" daemon [_thread_blocked, id=22461, stack(0x00007f0dd632e000,0x00007f0dd642f000)]
  0x00007f0df020c000 JavaThread "C2 CompilerThread1" daemon [_thread_blocked, id=22460, stack(0x00007f0dd642f000,0x00007f0dd6530000)]
  0x00007f0df0209800 JavaThread "C2 CompilerThread0" daemon [_thread_blocked, id=22459, stack(0x00007f0dd6530000,0x00007f0dd6631000)]
  0x00007f0df0208000 JavaThread "Signal Dispatcher" daemon [_thread_blocked, id=22458, stack(0x00007f0dd6631000,0x00007f0dd6732000)]
  0x00007f0df01d4000 JavaThread "Finalizer" daemon [_thread_blocked, id=22457, stack(0x00007f0dd70f1000,0x00007f0dd71f2000)]
  0x00007f0df01d1800 JavaThread "Reference Handler" daemon [_thread_blocked, id=22456, stack(0x00007f0dd71f2000,0x00007f0dd72f3000)]
  0x00007f0df000a800 JavaThread "main" [_thread_blocked, id=22446, stack(0x00007f0df66cf000,0x00007f0df67d0000)]

Other Threads:
=>0x00007f0df01c7800 VMThread [stack: 0x00007f0dd72f3000,0x00007f0dd73f4000] [id=22455]
  0x00007f0df0230000 WatcherThread [stack: 0x00007f0dd602b000,0x00007f0dd612c000] [id=22464]

VM state:at safepoint (normal execution)

VM Mutex/Monitor currently owned by a thread:  ([mutex/lock_event])
[0x00007f0df00065e0] ExpandHeap_lock - owner thread: 0x00007f0df01c7800
[0x00007f0df0006c60] Threads_lock - owner thread: 0x00007f0df01c7800
[0x00007f0df0007160] Heap_lock - owner thread: 0x00007f0df000a800

heap address: 0x00000000c5a00000, size: 934 MB, Compressed Oops mode: 32-bit
Narrow klass base: 0x0000000000000000, Narrow klass shift: 3
Compressed class space size: 1073741824 Address: 0x0000000100000000

Heap:
 PSYoungGen      total 161792K, used 0K [0x00000000ec900000, 0x00000000fe380000, 0x0000000100000000)
  eden space 55808K, 0% used [0x00000000ec900000,0x00000000ec900000,0x00000000eff80000)
  from space 105984K, 0% used [0x00000000eff80000,0x00000000eff80000,0x00000000f6700000)
  to   space 105984K, 0% used [0x00000000f7c00000,0x00000000f7c00000,0x00000000fe380000)
 ParOldGen       total 545792K, used 532670K [0x00000000c5a00000, 0x00000000e6f00000, 0x00000000ec900000)
  object space 545792K, 97% used [0x00000000c5a00000,0x00000000e622f920,0x00000000e6f00000)
 Metaspace       used 2865K, capacity 4486K, committed 4864K, reserved 1056768K
  class space    used 308K, capacity 386K, committed 512K, reserved 1048576K

Card table byte_map: [0x00007f0de0219000,0x00007f0de03ed000] byte_map_base: 0x00007f0ddfbec000

Marking Bits: (ParMarkBitMap*) 0x00007f0df5ba6d80
 Begin Bits: [0x00007f0dddba9000, 0x00007f0ddea41000)
 End Bits:   [0x00007f0ddea41000, 0x00007f0ddf8d9000)

Polling page: 0x00007f0df67eb000

CodeCache: size=245760Kb used=1113Kb max_used=1124Kb free=244647Kb
 bounds [0x00007f0de07ad000, 0x00007f0de0a1d000, 0x00007f0def7ad000]
 total_blobs=262 nmethods=31 adapters=146
 compilation: enabled

Compilation events (10 events):
Event: 0,147 Thread 0x00007f0df0210000 nmethod 22 0x00007f0de08c0150 code [0x00007f0de08c02a0, 0x00007f0de08c03f0]
Event: 0,147 Thread 0x00007f0df020c000   28       4       java.lang.Integer::valueOf (32 bytes)
Event: 0,148 Thread 0x00007f0df020c000 nmethod 28 0x00007f0de08c3110 code [0x00007f0de08c3260, 0x00007f0de08c3338]
Event: 0,149 Thread 0x00007f0df0209800 nmethod 27 0x00007f0de08c1750 code [0x00007f0de08c18c0, 0x00007f0de08c1a48]
Event: 0,151 Thread 0x00007f0df0210000   29 %     3       algoritmo.Algoritmo::main @ 10 (57 bytes)
Event: 0,152 Thread 0x00007f0df0210000 nmethod 29% 0x00007f0de08c0790 code [0x00007f0de08c0980, 0x00007f0de08c1278]
Event: 0,152 Thread 0x00007f0df0210000   30       3       algoritmo.Algoritmo::main (57 bytes)
Event: 0,152 Thread 0x00007f0df0210000 nmethod 30 0x00007f0de08c3750 code [0x00007f0de08c3980, 0x00007f0de08c4528]
Event: 0,153 Thread 0x00007f0df020e000   31 %     4       algoritmo.Algoritmo::main @ 10 (57 bytes)
Event: 0,155 Thread 0x00007f0df020e000 nmethod 31% 0x00007f0de08c6690 code [0x00007f0de08c6820, 0x00007f0de08c6b08]

GC Heap History (10 events):
Event: 5,575 GC heap after
Heap after GC invocations=14 (full 4):
 PSYoungGen      total 141312K, used 99328K [0x00000000ec900000, 0x00000000fca00000, 0x0000000100000000)
  eden space 41984K, 0% used [0x00000000ec900000,0x00000000ec900000,0x00000000ef200000)
  from space 99328K, 100% used [0x00000000f5980000,0x00000000fba80000,0x00000000fba80000)
  to   space 105984K, 0% used [0x00000000ef200000,0x00000000ef200000,0x00000000f5980000)
 ParOldGen       total 368128K, used 307280K [0x00000000c5a00000, 0x00000000dc180000, 0x00000000ec900000)
  object space 368128K, 83% used [0x00000000c5a00000,0x00000000d86141e0,0x00000000dc180000)
 Metaspace       used 2865K, capacity 4486K, committed 4864K, reserved 1056768K
  class space    used 308K, capacity 386K, committed 512K, reserved 1048576K
}
Event: 5,589 GC heap before
{Heap before GC invocations=15 (full 4):
 PSYoungGen      total 141312K, used 141312K [0x00000000ec900000, 0x00000000fca00000, 0x0000000100000000)
  eden space 41984K, 100% used [0x00000000ec900000,0x00000000ef200000,0x00000000ef200000)
  from space 99328K, 100% used [0x00000000f5980000,0x00000000fba80000,0x00000000fba80000)
  to   space 105984K, 0% used [0x00000000ef200000,0x00000000ef200000,0x00000000f5980000)
 ParOldGen       total 368128K, used 307280K [0x00000000c5a00000, 0x00000000dc180000, 0x00000000ec900000)
  object space 368128K, 83% used [0x00000000c5a00000,0x00000000d86141e0,0x00000000dc180000)
 Metaspace       used 2865K, capacity 4486K, committed 4864K, reserved 1056768K
  class space    used 308K, capacity 386K, committed 512K, reserved 1048576K
Event: 6,047 GC heap after
Heap after GC invocations=15 (full 4):
 PSYoungGen      total 147968K, used 105984K [0x00000000ec900000, 0x00000000fd200000, 0x0000000100000000)
  eden space 41984K, 0% used [0x00000000ec900000,0x00000000ec900000,0x00000000ef200000)
  from space 105984K, 100% used [0x00000000ef200000,0x00000000f5980000,0x00000000f5980000)
  to   space 105984K, 0% used [0x00000000f6a80000,0x00000000f6a80000,0x00000000fd200000)
 ParOldGen       total 368128K, used 342672K [0x00000000c5a00000, 0x00000000dc180000, 0x00000000ec900000)
  object space 368128K, 93% used [0x00000000c5a00000,0x00000000da8a41e0,0x00000000dc180000)
 Metaspace       used 2865K, capacity 4486K, committed 4864K, reserved 1056768K
  class space    used 308K, capacity 386K, committed 512K, reserved 1048576K
}
Event: 6,047 GC heap before
{Heap before GC invocations=16 (full 5):
 PSYoungGen      total 147968K, used 105984K [0x00000000ec900000, 0x00000000fd200000, 0x0000000100000000)
  eden space 41984K, 0% used [0x00000000ec900000,0x00000000ec900000,0x00000000ef200000)
  from space 105984K, 100% used [0x00000000ef200000,0x00000000f5980000,0x00000000f5980000)
  to   space 105984K, 0% used [0x00000000f6a80000,0x00000000f6a80000,0x00000000fd200000)
 ParOldGen       total 368128K, used 342672K [0x00000000c5a00000, 0x00000000dc180000, 0x00000000ec900000)
  object space 368128K, 93% used [0x00000000c5a00000,0x00000000da8a41e0,0x00000000dc180000)
 Metaspace       used 2865K, capacity 4486K, committed 4864K, reserved 1056768K
  class space    used 308K, capacity 386K, committed 512K, reserved 1048576K
Event: 8,989 GC heap after
Heap after GC invocations=16 (full 5):
 PSYoungGen      total 147968K, used 26611K [0x00000000ec900000, 0x00000000fd200000, 0x0000000100000000)
  eden space 41984K, 0% used [0x00000000ec900000,0x00000000ec900000,0x00000000ef200000)
  from space 105984K, 25% used [0x00000000ef200000,0x00000000f0bfcc00,0x00000000f5980000)
  to   space 105984K, 0% used [0x00000000f6a80000,0x00000000f6a80000,0x00000000fd200000)
 ParOldGen       total 545792K, used 367706K [0x00000000c5a00000, 0x00000000e6f00000, 0x00000000ec900000)
  object space 545792K, 67% used [0x00000000c5a00000,0x00000000dc116ba8,0x00000000e6f00000)
 Metaspace       used 2865K, capacity 4486K, committed 4864K, reserved 1056768K
  class space    used 308K, capacity 386K, committed 512K, reserved 1048576K
}
Event: 9,078 GC heap before
{Heap before GC invocations=17 (full 5):
 PSYoungGen      total 147968K, used 68595K [0x00000000ec900000, 0x00000000fd200000, 0x0000000100000000)
  eden space 41984K, 100% used [0x00000000ec900000,0x00000000ef200000,0x00000000ef200000)
  from space 105984K, 25% used [0x00000000ef200000,0x00000000f0bfcc00,0x00000000f5980000)
  to   space 105984K, 0% used [0x00000000f6a80000,0x00000000f6a80000,0x00000000fd200000)
 ParOldGen       total 545792K, used 489392K [0x00000000c5a00000, 0x00000000e6f00000, 0x00000000ec900000)
  object space 545792K, 89% used [0x00000000c5a00000,0x00000000e37ec348,0x00000000e6f00000)
 Metaspace       used 2865K, capacity 4486K, committed 4864K, reserved 1056768K
  class space    used 308K, capacity 386K, committed 512K, reserved 1048576K
Event: 9,307 GC heap after
Heap after GC invocations=17 (full 5):
 PSYoungGen      total 158208K, used 68736K [0x00000000ec900000, 0x00000000fce80000, 0x0000000100000000)
  eden space 55808K, 0% used [0x00000000ec900000,0x00000000ec900000,0x00000000eff80000)
  from space 102400K, 67% used [0x00000000f6a80000,0x00000000fada0000,0x00000000fce80000)
  to   space 105984K, 0% used [0x00000000eff80000,0x00000000eff80000,0x00000000f6700000)
 ParOldGen       total 545792K, used 489392K [0x00000000c5a00000, 0x00000000e6f00000, 0x00000000ec900000)
  object space 545792K, 89% used [0x00000000c5a00000,0x00000000e37ec348,0x00000000e6f00000)
 Metaspace       used 2865K, capacity 4486K, committed 4864K, reserved 1056768K
  class space    used 308K, capacity 386K, committed 512K, reserved 1048576K
}
Event: 9,323 GC heap before
{Heap before GC invocations=18 (full 5):
 PSYoungGen      total 158208K, used 124544K [0x00000000ec900000, 0x00000000fce80000, 0x0000000100000000)
  eden space 55808K, 100% used [0x00000000ec900000,0x00000000eff80000,0x00000000eff80000)
  from space 102400K, 67% used [0x00000000f6a80000,0x00000000fada0000,0x00000000fce80000)
  to   space 105984K, 0% used [0x00000000eff80000,0x00000000eff80000,0x00000000f6700000)
 ParOldGen       total 545792K, used 489392K [0x00000000c5a00000, 0x00000000e6f00000, 0x00000000ec900000)
  object space 545792K, 89% used [0x00000000c5a00000,0x00000000e37ec348,0x00000000e6f00000)
 Metaspace       used 2865K, capacity 4486K, committed 4864K, reserved 1056768K
  class space    used 308K, capacity 386K, committed 512K, reserved 1048576K
Event: 9,742 GC heap after
Heap after GC invocations=18 (full 5):
 PSYoungGen      total 161792K, used 105984K [0x00000000ec900000, 0x00000000fe380000, 0x0000000100000000)
  eden space 55808K, 0% used [0x00000000ec900000,0x00000000ec900000,0x00000000eff80000)
  from space 105984K, 100% used [0x00000000eff80000,0x00000000f6700000,0x00000000f6700000)
  to   space 105984K, 0% used [0x00000000f7c00000,0x00000000f7c00000,0x00000000fe380000)
 ParOldGen       total 545792K, used 508032K [0x00000000c5a00000, 0x00000000e6f00000, 0x00000000ec900000)
  object space 545792K, 93% used [0x00000000c5a00000,0x00000000e4a20348,0x00000000e6f00000)
 Metaspace       used 2865K, capacity 4486K, committed 4864K, reserved 1056768K
  class space    used 308K, capacity 386K, committed 512K, reserved 1048576K
}
Event: 9,745 GC heap before
{Heap before GC invocations=19 (full 6):
 PSYoungGen      total 161792K, used 105984K [0x00000000ec900000, 0x00000000fe380000, 0x0000000100000000)
  eden space 55808K, 0% used [0x00000000ec900000,0x00000000ec900000,0x00000000eff80000)
  from space 105984K, 100% used [0x00000000eff80000,0x00000000f6700000,0x00000000f6700000)
  to   space 105984K, 0% used [0x00000000f7c00000,0x00000000f7c00000,0x00000000fe380000)
 ParOldGen       total 545792K, used 508032K [0x00000000c5a00000, 0x00000000e6f00000, 0x00000000ec900000)
  object space 545792K, 93% used [0x00000000c5a00000,0x00000000e4a20348,0x00000000e6f00000)
 Metaspace       used 2865K, capacity 4486K, committed 4864K, reserved 1056768K
  class space    used 308K, capacity 386K, committed 512K, reserved 1048576K

Deoptimization events (0 events):
No events

Classes redefined (0 events):
No events

Internal exceptions (2 events):
Event: 0,017 Thread 0x00007f0df000a800 Exception <a 'java/lang/NoSuchMethodError': Method sun.misc.Unsafe.defineClass(Ljava/lang/String;[BII)Ljava/lang/Class; name or signature does not match> (0x00000000ec907cb0) thrown at [/HUDSON/workspace/8-2-build-linux-amd64/jdk8u201/12317/hotspot/src/sh
Event: 0,017 Thread 0x00007f0df000a800 Exception <a 'java/lang/NoSuchMethodError': Method sun.misc.Unsafe.prefetchRead(Ljava/lang/Object;J)V name or signature does not match> (0x00000000ec907f98) thrown at [/HUDSON/workspace/8-2-build-linux-amd64/jdk8u201/12317/hotspot/src/share/vm/prims/jni.c

Events (10 events):
Event: 4,983 Executing VM operation: ParallelGCFailedAllocation done
Event: 5,036 Executing VM operation: ParallelGCFailedAllocation
Event: 5,226 Executing VM operation: ParallelGCFailedAllocation done
Event: 5,237 Executing VM operation: ParallelGCFailedAllocation
Event: 5,576 Executing VM operation: ParallelGCFailedAllocation done
Event: 5,588 Executing VM operation: ParallelGCFailedAllocation
Event: 8,989 Executing VM operation: ParallelGCFailedAllocation done
Event: 9,078 Executing VM operation: ParallelGCFailedAllocation
Event: 9,307 Executing VM operation: ParallelGCFailedAllocation done
Event: 9,323 Executing VM operation: ParallelGCFailedAllocation


Dynamic libraries:
00400000-00401000 r-xp 00000000 08:01 17829650                           /usr/lib/jvm/java-8-oracle/jre/bin/java
00600000-00601000 r--p 00000000 08:01 17829650                           /usr/lib/jvm/java-8-oracle/jre/bin/java
00601000-00602000 rw-p 00001000 08:01 17829650                           /usr/lib/jvm/java-8-oracle/jre/bin/java
01104000-01125000 rw-p 00000000 00:00 0                                  [heap]
c5a00000-e6f00000 rw-p 00000000 00:00 0 
ec900000-fe380000 rw-p 00000000 00:00 0 
fe380000-100000000 ---p 00000000 00:00 0 
100000000-100080000 rw-p 00000000 00:00 0 
100080000-140000000 ---p 00000000 00:00 0 
7f0d78000000-7f0d78021000 rw-p 00000000 00:00 0 
7f0d78021000-7f0d7c000000 ---p 00000000 00:00 0 
7f0d80000000-7f0d8002e000 rw-p 00000000 00:00 0 
7f0d8002e000-7f0d84000000 ---p 00000000 00:00 0 
7f0d84000000-7f0d84021000 rw-p 00000000 00:00 0 
7f0d84021000-7f0d88000000 ---p 00000000 00:00 0 
7f0d88000000-7f0d88022000 rw-p 00000000 00:00 0 
7f0d88022000-7f0d8c000000 ---p 00000000 00:00 0 
7f0d8c000000-7f0d8c021000 rw-p 00000000 00:00 0 
7f0d8c021000-7f0d90000000 ---p 00000000 00:00 0 
7f0d90000000-7f0d90021000 rw-p 00000000 00:00 0 
7f0d90021000-7f0d94000000 ---p 00000000 00:00 0 
7f0d94000000-7f0d94051000 rw-p 00000000 00:00 0 
7f0d94051000-7f0d98000000 ---p 00000000 00:00 0 
7f0d98000000-7f0d98021000 rw-p 00000000 00:00 0 
7f0d98021000-7f0d9c000000 ---p 00000000 00:00 0 
7f0d9c000000-7f0d9c021000 rw-p 00000000 00:00 0 
7f0d9c021000-7f0da0000000 ---p 00000000 00:00 0 
7f0da0000000-7f0da0724000 rw-p 00000000 00:00 0 
7f0da0724000-7f0da4000000 ---p 00000000 00:00 0 
7f0da4000000-7f0da4021000 rw-p 00000000 00:00 0 
7f0da4021000-7f0da8000000 ---p 00000000 00:00 0 
7f0da8000000-7f0daae6a000 rw-p 00000000 00:00 0 
7f0daae6a000-7f0dac000000 ---p 00000000 00:00 0 
7f0db0000000-7f0db0021000 rw-p 00000000 00:00 0 
7f0db0021000-7f0db4000000 ---p 00000000 00:00 0 
7f0db8000000-7f0dbb427000 rw-p 00000000 00:00 0 
7f0dbb427000-7f0dbc000000 ---p 00000000 00:00 0 
7f0dc0000000-7f0dc1251000 rw-p 00000000 00:00 0 
7f0dc1251000-7f0dc4000000 ---p 00000000 00:00 0 
7f0dc8000000-7f0dc922c000 rw-p 00000000 00:00 0 
7f0dc922c000-7f0dcc000000 ---p 00000000 00:00 0 
7f0dd0000000-7f0dd1796000 rw-p 00000000 00:00 0 
7f0dd1796000-7f0dd4000000 ---p 00000000 00:00 0 
7f0dd5d96000-7f0dd602b000 rw-p 00000000 00:00 0 
7f0dd602b000-7f0dd602c000 ---p 00000000 00:00 0 
7f0dd602c000-7f0dd612c000 rw-p 00000000 00:00 0 
7f0dd612c000-7f0dd612f000 ---p 00000000 00:00 0 
7f0dd612f000-7f0dd622d000 rw-p 00000000 00:00 0 
7f0dd622d000-7f0dd6230000 ---p 00000000 00:00 0 
7f0dd6230000-7f0dd632e000 rw-p 00000000 00:00 0 
7f0dd632e000-7f0dd6331000 ---p 00000000 00:00 0 
7f0dd6331000-7f0dd642f000 rw-p 00000000 00:00 0 
7f0dd642f000-7f0dd6432000 ---p 00000000 00:00 0 
7f0dd6432000-7f0dd6530000 rw-p 00000000 00:00 0 
7f0dd6530000-7f0dd6533000 ---p 00000000 00:00 0 
7f0dd6533000-7f0dd6631000 rw-p 00000000 00:00 0 
7f0dd6631000-7f0dd6634000 ---p 00000000 00:00 0 
7f0dd6634000-7f0dd6732000 rw-p 00000000 00:00 0 
7f0dd6732000-7f0dd70f1000 r--p 00000000 08:01 17439542                   /usr/lib/locale/locale-archive
7f0dd70f1000-7f0dd70f4000 ---p 00000000 00:00 0 
7f0dd70f4000-7f0dd71f2000 rw-p 00000000 00:00 0 
7f0dd71f2000-7f0dd71f5000 ---p 00000000 00:00 0 
7f0dd71f5000-7f0dd72f3000 rw-p 00000000 00:00 0 
7f0dd72f3000-7f0dd72f4000 ---p 00000000 00:00 0 
7f0dd72f4000-7f0dd8000000 rw-p 00000000 00:00 0 
7f0dd8000000-7f0dd97c6000 rw-p 00000000 00:00 0 
7f0dd97c6000-7f0ddc000000 ---p 00000000 00:00 0 
7f0ddc0ed000-7f0ddcffc000 rw-p 00000000 00:00 0 
7f0ddcffc000-7f0ddd1d6000 r--s 03d6f000 08:01 17967127                   /usr/lib/jvm/java-8-oracle/jre/lib/rt.jar
7f0ddd1d6000-7f0ddd616000 rw-p 00000000 00:00 0 
7f0ddd616000-7f0ddd9d6000 ---p 00000000 00:00 0 
7f0ddd9d6000-7f0ddf8d9000 rw-p 00000000 00:00 0 
7f0ddf8d9000-7f0ddf8da000 ---p 00000000 00:00 0 
7f0ddf8da000-7f0ddf9da000 rw-p 00000000 00:00 0 
7f0ddf9da000-7f0ddf9db000 ---p 00000000 00:00 0 
7f0ddf9db000-7f0ddfadb000 rw-p 00000000 00:00 0 
7f0ddfadb000-7f0ddfadc000 ---p 00000000 00:00 0 
7f0ddfadc000-7f0ddfbdc000 rw-p 00000000 00:00 0 
7f0ddfbdc000-7f0ddfbdd000 ---p 00000000 00:00 0 
7f0ddfbdd000-7f0ddfcdd000 rw-p 00000000 00:00 0 
7f0ddfcdd000-7f0ddfcde000 ---p 00000000 00:00 0 
7f0ddfcde000-7f0ddfdde000 rw-p 00000000 00:00 0 
7f0ddfdde000-7f0ddfddf000 ---p 00000000 00:00 0 
7f0ddfddf000-7f0ddfedf000 rw-p 00000000 00:00 0 
7f0ddfedf000-7f0ddfee0000 ---p 00000000 00:00 0 
7f0ddfee0000-7f0ddffe0000 rw-p 00000000 00:00 0 
7f0ddffe0000-7f0ddffe1000 ---p 00000000 00:00 0 
7f0ddffe1000-7f0de01ec000 rw-p 00000000 00:00 0 
7f0de01ec000-7f0de0219000 ---p 00000000 00:00 0 
7f0de0219000-7f0de0324000 rw-p 00000000 00:00 0 
7f0de0324000-7f0de0350000 ---p 00000000 00:00 0 
7f0de0350000-7f0de03de000 rw-p 00000000 00:00 0 
7f0de03de000-7f0de03ec000 ---p 00000000 00:00 0 
7f0de03ec000-7f0de03f7000 rw-p 00000000 00:00 0 
7f0de03f7000-7f0de07ad000 ---p 00000000 00:00 0 
7f0de07ad000-7f0de0a1d000 rwxp 00000000 00:00 0 
7f0de0a1d000-7f0def7ad000 ---p 00000000 00:00 0 
7f0def7ad000-7f0def7c8000 r-xp 00000000 08:01 18090705                   /usr/lib/jvm/java-8-oracle/jre/lib/amd64/libzip.so
7f0def7c8000-7f0def9c7000 ---p 0001b000 08:01 18090705                   /usr/lib/jvm/java-8-oracle/jre/lib/amd64/libzip.so
7f0def9c7000-7f0def9c8000 r--p 0001a000 08:01 18090705                   /usr/lib/jvm/java-8-oracle/jre/lib/amd64/libzip.so
7f0def9c8000-7f0def9c9000 rw-p 0001b000 08:01 18090705                   /usr/lib/jvm/java-8-oracle/jre/lib/amd64/libzip.so
7f0def9c9000-7f0def9d4000 r-xp 00000000 08:01 4985510                    /lib/x86_64-linux-gnu/libnss_files-2.23.so
7f0def9d4000-7f0defbd3000 ---p 0000b000 08:01 4985510                    /lib/x86_64-linux-gnu/libnss_files-2.23.so
7f0defbd3000-7f0defbd4000 r--p 0000a000 08:01 4985510                    /lib/x86_64-linux-gnu/libnss_files-2.23.so
7f0defbd4000-7f0defbd5000 rw-p 0000b000 08:01 4985510                    /lib/x86_64-linux-gnu/libnss_files-2.23.so
7f0defbd5000-7f0defbdb000 rw-p 00000000 00:00 0 
7f0defbdb000-7f0defbe6000 r-xp 00000000 08:01 4985520                    /lib/x86_64-linux-gnu/libnss_nis-2.23.so
7f0defbe6000-7f0defde5000 ---p 0000b000 08:01 4985520                    /lib/x86_64-linux-gnu/libnss_nis-2.23.so
7f0defde5000-7f0defde6000 r--p 0000a000 08:01 4985520                    /lib/x86_64-linux-gnu/libnss_nis-2.23.so
7f0defde6000-7f0defde7000 rw-p 0000b000 08:01 4985520                    /lib/x86_64-linux-gnu/libnss_nis-2.23.so
7f0defde7000-7f0defdfd000 r-xp 00000000 08:01 4985504                    /lib/x86_64-linux-gnu/libnsl-2.23.so
7f0defdfd000-7f0defffc000 ---p 00016000 08:01 4985504                    /lib/x86_64-linux-gnu/libnsl-2.23.so
7f0defffc000-7f0defffd000 r--p 00015000 08:01 4985504                    /lib/x86_64-linux-gnu/libnsl-2.23.so
7f0defffd000-7f0defffe000 rw-p 00016000 08:01 4985504                    /lib/x86_64-linux-gnu/libnsl-2.23.so
7f0defffe000-7f0df0000000 rw-p 00000000 00:00 0 
7f0df0000000-7f0df0252000 rw-p 00000000 00:00 0 
7f0df0252000-7f0df4000000 ---p 00000000 00:00 0 
7f0df400d000-7f0df4083000 rw-p 00000000 00:00 0 
7f0df4083000-7f0df408b000 r-xp 00000000 08:01 4985506                    /lib/x86_64-linux-gnu/libnss_compat-2.23.so
7f0df408b000-7f0df428a000 ---p 00008000 08:01 4985506                    /lib/x86_64-linux-gnu/libnss_compat-2.23.so
7f0df428a000-7f0df428b000 r--p 00007000 08:01 4985506                    /lib/x86_64-linux-gnu/libnss_compat-2.23.so
7f0df428b000-7f0df428c000 rw-p 00008000 08:01 4985506                    /lib/x86_64-linux-gnu/libnss_compat-2.23.so
7f0df428c000-7f0df42b8000 r-xp 00000000 08:01 18090338                   /usr/lib/jvm/java-8-oracle/jre/lib/amd64/libjava.so
7f0df42b8000-7f0df44b8000 ---p 0002c000 08:01 18090338                   /usr/lib/jvm/java-8-oracle/jre/lib/amd64/libjava.so
7f0df44b8000-7f0df44b9000 r--p 0002c000 08:01 18090338                   /usr/lib/jvm/java-8-oracle/jre/lib/amd64/libjava.so
7f0df44b9000-7f0df44bb000 rw-p 0002d000 08:01 18090338                   /usr/lib/jvm/java-8-oracle/jre/lib/amd64/libjava.so
7f0df44bb000-7f0df44c8000 r-xp 00000000 08:01 18090704                   /usr/lib/jvm/java-8-oracle/jre/lib/amd64/libverify.so
7f0df44c8000-7f0df46c7000 ---p 0000d000 08:01 18090704                   /usr/lib/jvm/java-8-oracle/jre/lib/amd64/libverify.so
7f0df46c7000-7f0df46c9000 r--p 0000c000 08:01 18090704                   /usr/lib/jvm/java-8-oracle/jre/lib/amd64/libverify.so
7f0df46c9000-7f0df46ca000 rw-p 0000e000 08:01 18090704                   /usr/lib/jvm/java-8-oracle/jre/lib/amd64/libverify.so
7f0df46ca000-7f0df46d1000 r-xp 00000000 08:01 4985565                    /lib/x86_64-linux-gnu/librt-2.23.so
7f0df46d1000-7f0df48d0000 ---p 00007000 08:01 4985565                    /lib/x86_64-linux-gnu/librt-2.23.so
7f0df48d0000-7f0df48d1000 r--p 00006000 08:01 4985565                    /lib/x86_64-linux-gnu/librt-2.23.so
7f0df48d1000-7f0df48d2000 rw-p 00007000 08:01 4985565                    /lib/x86_64-linux-gnu/librt-2.23.so
7f0df48d2000-7f0df49da000 r-xp 00000000 08:01 4985481                    /lib/x86_64-linux-gnu/libm-2.23.so
7f0df49da000-7f0df4bd9000 ---p 00108000 08:01 4985481                    /lib/x86_64-linux-gnu/libm-2.23.so
7f0df4bd9000-7f0df4bda000 r--p 00107000 08:01 4985481                    /lib/x86_64-linux-gnu/libm-2.23.so
7f0df4bda000-7f0df4bdb000 rw-p 00108000 08:01 4985481                    /lib/x86_64-linux-gnu/libm-2.23.so
7f0df4bdb000-7f0df58c3000 r-xp 00000000 08:01 18090320                   /usr/lib/jvm/java-8-oracle/jre/lib/amd64/server/libjvm.so
7f0df58c3000-7f0df5ac2000 ---p 00ce8000 08:01 18090320                   /usr/lib/jvm/java-8-oracle/jre/lib/amd64/server/libjvm.so
7f0df5ac2000-7f0df5b58000 r--p 00ce7000 08:01 18090320                   /usr/lib/jvm/java-8-oracle/jre/lib/amd64/server/libjvm.so
7f0df5b58000-7f0df5b89000 rw-p 00d7d000 08:01 18090320                   /usr/lib/jvm/java-8-oracle/jre/lib/amd64/server/libjvm.so
7f0df5b89000-7f0df5bc4000 rw-p 00000000 00:00 0 
7f0df5bc4000-7f0df5d84000 r-xp 00000000 08:01 4985411                    /lib/x86_64-linux-gnu/libc-2.23.so
7f0df5d84000-7f0df5f84000 ---p 001c0000 08:01 4985411                    /lib/x86_64-linux-gnu/libc-2.23.so
7f0df5f84000-7f0df5f88000 r--p 001c0000 08:01 4985411                    /lib/x86_64-linux-gnu/libc-2.23.so
7f0df5f88000-7f0df5f8a000 rw-p 001c4000 08:01 4985411                    /lib/x86_64-linux-gnu/libc-2.23.so
7f0df5f8a000-7f0df5f8e000 rw-p 00000000 00:00 0 
7f0df5f8e000-7f0df5f91000 r-xp 00000000 08:01 4985435                    /lib/x86_64-linux-gnu/libdl-2.23.so
7f0df5f91000-7f0df6190000 ---p 00003000 08:01 4985435                    /lib/x86_64-linux-gnu/libdl-2.23.so
7f0df6190000-7f0df6191000 r--p 00002000 08:01 4985435                    /lib/x86_64-linux-gnu/libdl-2.23.so
7f0df6191000-7f0df6192000 rw-p 00003000 08:01 4985435                    /lib/x86_64-linux-gnu/libdl-2.23.so
7f0df6192000-7f0df61a9000 r-xp 00000000 08:01 18090282                   /usr/lib/jvm/java-8-oracle/jre/lib/amd64/jli/libjli.so
7f0df61a9000-7f0df63a8000 ---p 00017000 08:01 18090282                   /usr/lib/jvm/java-8-oracle/jre/lib/amd64/jli/libjli.so
7f0df63a8000-7f0df63a9000 r--p 00016000 08:01 18090282                   /usr/lib/jvm/java-8-oracle/jre/lib/amd64/jli/libjli.so
7f0df63a9000-7f0df63aa000 rw-p 00017000 08:01 18090282                   /usr/lib/jvm/java-8-oracle/jre/lib/amd64/jli/libjli.so
7f0df63aa000-7f0df63c2000 r-xp 00000000 08:01 4985557                    /lib/x86_64-linux-gnu/libpthread-2.23.so
7f0df63c2000-7f0df65c1000 ---p 00018000 08:01 4985557                    /lib/x86_64-linux-gnu/libpthread-2.23.so
7f0df65c1000-7f0df65c2000 r--p 00017000 08:01 4985557                    /lib/x86_64-linux-gnu/libpthread-2.23.so
7f0df65c2000-7f0df65c3000 rw-p 00018000 08:01 4985557                    /lib/x86_64-linux-gnu/libpthread-2.23.so
7f0df65c3000-7f0df65c7000 rw-p 00000000 00:00 0 
7f0df65c7000-7f0df65ed000 r-xp 00000000 08:01 4985383                    /lib/x86_64-linux-gnu/ld-2.23.so
7f0df6612000-7f0df66cf000 rw-p 00000000 00:00 0 
7f0df66cf000-7f0df66d2000 ---p 00000000 00:00 0 
7f0df66d2000-7f0df67d5000 rw-p 00000000 00:00 0 
7f0df67e1000-7f0df67e2000 r--s 00000000 08:01 7608180                    /home/laboratorio/bin/Algoritmo.jar
7f0df67e2000-7f0df67ea000 rw-s 00000000 08:01 8126773                    /tmp/hsperfdata_root/22445
7f0df67ea000-7f0df67eb000 rw-p 00000000 00:00 0 
7f0df67eb000-7f0df67ec000 ---p 00000000 00:00 0 
7f0df67ec000-7f0df67ed000 r--p 00025000 08:01 4985383                    /lib/x86_64-linux-gnu/ld-2.23.so
7f0df67ed000-7f0df67ee000 rw-p 00026000 08:01 4985383                    /lib/x86_64-linux-gnu/ld-2.23.so
7f0df67ee000-7f0df67ef000 rw-p 00000000 00:00 0 
7ffc7e20d000-7ffc7e22e000 rw-p 00000000 00:00 0                          [stack]
7ffc7e2ce000-7ffc7e2d1000 r--p 00000000 00:00 0                          [vvar]
7ffc7e2d1000-7ffc7e2d3000 r-xp 00000000 00:00 0                          [vdso]
ffffffffff600000-ffffffffff601000 r-xp 00000000 00:00 0                  [vsyscall]

VM Arguments:
java_command: /home/laboratorio/bin/Algoritmo.jar
java_class_path (initial): /home/laboratorio/bin/Algoritmo.jar
Launcher Type: SUN_STANDARD

Environment Variables:
PATH=/usr/local/sbin:/usr/local/bin:/usr/sbin:/usr/bin:/sbin:/bin:/snap/bin
USERNAME=root
SHELL=/bin/bash
DISPLAY=:0

Signal Handlers:
SIGSEGV: [libjvm.so+0xad3e60], sa_mask[0]=11111111011111111101111111111110, sa_flags=SA_RESTART|SA_SIGINFO
SIGBUS: [libjvm.so+0xad3e60], sa_mask[0]=11111111011111111101111111111110, sa_flags=SA_RESTART|SA_SIGINFO
SIGFPE: [libjvm.so+0x90b880], sa_mask[0]=11111111011111111101111111111110, sa_flags=SA_RESTART|SA_SIGINFO
SIGPIPE: [libjvm.so+0x90b880], sa_mask[0]=11111111011111111101111111111110, sa_flags=SA_RESTART|SA_SIGINFO
SIGXFSZ: [libjvm.so+0x90b880], sa_mask[0]=11111111011111111101111111111110, sa_flags=SA_RESTART|SA_SIGINFO
SIGILL: [libjvm.so+0x90b880], sa_mask[0]=11111111011111111101111111111110, sa_flags=SA_RESTART|SA_SIGINFO
SIGUSR1: SIG_DFL, sa_mask[0]=00000000000000000000000000000000, sa_flags=none
SIGUSR2: [libjvm.so+0x90b750], sa_mask[0]=00000000000000000000000000000000, sa_flags=SA_RESTART|SA_SIGINFO
SIGHUP: [libjvm.so+0x90bd70], sa_mask[0]=11111111011111111101111111111110, sa_flags=SA_RESTART|SA_SIGINFO
SIGINT: SIG_IGN, sa_mask[0]=00000000000000000000000000000000, sa_flags=none
SIGTERM: [libjvm.so+0x90bd70], sa_mask[0]=11111111011111111101111111111110, sa_flags=SA_RESTART|SA_SIGINFO
SIGQUIT: [libjvm.so+0x90bd70], sa_mask[0]=11111111011111111101111111111110, sa_flags=SA_RESTART|SA_SIGINFO


---------------  S Y S T E M  ---------------

OS:DISTRIB_ID=Ubuntu
DISTRIB_RELEASE=16.04
DISTRIB_CODENAME=xenial
DISTRIB_DESCRIPTION="Ubuntu 16.04.5 LTS"

uname:Linux 4.15.0-65-generic #74~16.04.1-Ubuntu SMP Wed Sep 18 09:51:44 UTC 2019 x86_64
libc:glibc 2.23 NPTL 2.23 
rlimit: STACK 8192k, CORE 0k, NPROC 14690, NOFILE 1048576, AS infinity
load average:1,63 0,77 4,30

/proc/meminfo:
MemTotal:        3821336 kB
MemFree:          114940 kB
MemAvailable:      33464 kB
Buffers:             920 kB
Cached:           241048 kB
SwapCached:         2400 kB
Active:          2881676 kB
Inactive:         590552 kB
Active(anon):    2871064 kB
Inactive(anon):   574316 kB
Active(file):      10612 kB
Inactive(file):    16236 kB
Unevictable:          48 kB
Mlocked:              48 kB
SwapTotal:        998396 kB
SwapFree:              0 kB
Dirty:               168 kB
Writeback:           200 kB
AnonPages:       3228344 kB
Mapped:           112312 kB
Shmem:            214828 kB
Slab:             103860 kB
SReclaimable:      45488 kB
SUnreclaim:        58372 kB
KernelStack:       17808 kB
PageTables:        55916 kB
NFS_Unstable:          0 kB
Bounce:                0 kB
WritebackTmp:          0 kB
CommitLimit:     2909064 kB
Committed_AS:   10254220 kB
VmallocTotal:   34359738367 kB
VmallocUsed:           0 kB
VmallocChunk:          0 kB
HardwareCorrupted:     0 kB
AnonHugePages:         0 kB
ShmemHugePages:        0 kB
ShmemPmdMapped:        0 kB
CmaTotal:              0 kB
CmaFree:               0 kB
HugePages_Total:       0
HugePages_Free:        0
HugePages_Rsvd:        0
HugePages_Surp:        0
Hugepagesize:       2048 kB
DirectMap4k:      222568 kB
DirectMap2M:     3751936 kB

container (cgroup) information:
container_type: cgroupv1
cpu_cpuset_cpus: 0-7
cpu_memory_nodes: 0
active_processor_count: 8
cpu_quota: -1
cpu_period: 100000
cpu_shares: -1
memory_limit_in_bytes: -1
memory_and_swap_limit_in_bytes: -2
memory_soft_limit_in_bytes: -1
memory_usage_in_bytes: 3557916672
memory_max_usage_in_bytes: 4726784


CPU:total 8 (initial active 8) (4 cores per cpu, 2 threads per core) family 6 model 58 stepping 9, cmov, cx8, fxsr, mmx, sse, sse2, sse3, ssse3, sse4.1, sse4.2, popcnt, avx, aes, clmul, erms, ht, tsc, tscinvbit, tscinv

/proc/cpuinfo:
processor	: 0
vendor_id	: GenuineIntel
cpu family	: 6
model		: 58
model name	: Intel(R) Core(TM) i7-3770 CPU @ 3.40GHz
stepping	: 9
microcode	: 0x21
cpu MHz		: 2949.455
cache size	: 8192 KB
physical id	: 0
siblings	: 8
core id		: 0
cpu cores	: 4
apicid		: 0
initial apicid	: 0
fpu		: yes
fpu_exception	: yes
cpuid level	: 13
wp		: yes
flags		: fpu vme de pse tsc msr pae mce cx8 apic sep mtrr pge mca cmov pat pse36 clflush dts acpi mmx fxsr sse sse2 ss ht tm pbe syscall nx rdtscp lm constant_tsc arch_perfmon pebs bts rep_good nopl xtopology nonstop_tsc cpuid aperfmperf pni pclmulqdq dtes64 monitor ds_cpl vmx smx est tm2 ssse3 cx16 xtpr pdcm pcid sse4_1 sse4_2 x2apic popcnt tsc_deadline_timer aes xsave avx f16c rdrand lahf_lm cpuid_fault epb pti ssbd ibrs ibpb stibp tpr_shadow vnmi flexpriority ept vpid fsgsbase smep erms xsaveopt dtherm ida arat pln pts md_clear flush_l1d
bugs		: cpu_meltdown spectre_v1 spectre_v2 spec_store_bypass l1tf mds swapgs
bogomips	: 6785.06
clflush size	: 64
cache_alignment	: 64
address sizes	: 36 bits physical, 48 bits virtual
power management:

processor	: 1
vendor_id	: GenuineIntel
cpu family	: 6
model		: 58
model name	: Intel(R) Core(TM) i7-3770 CPU @ 3.40GHz
stepping	: 9
microcode	: 0x21
cpu MHz		: 2729.746
cache size	: 8192 KB
physical id	: 0
siblings	: 8
core id		: 1
cpu cores	: 4
apicid		: 2
initial apicid	: 2
fpu		: yes
fpu_exception	: yes
cpuid level	: 13
wp		: yes
flags		: fpu vme de pse tsc msr pae mce cx8 apic sep mtrr pge mca cmov pat pse36 clflush dts acpi mmx fxsr sse sse2 ss ht tm pbe syscall nx rdtscp lm constant_tsc arch_perfmon pebs bts rep_good nopl xtopology nonstop_tsc cpuid aperfmperf pni pclmulqdq dtes64 monitor ds_cpl vmx smx est tm2 ssse3 cx16 xtpr pdcm pcid sse4_1 sse4_2 x2apic popcnt tsc_deadline_timer aes xsave avx f16c rdrand lahf_lm cpuid_fault epb pti ssbd ibrs ibpb stibp tpr_shadow vnmi flexpriority ept vpid fsgsbase smep erms xsaveopt dtherm ida arat pln pts md_clear flush_l1d
bugs		: cpu_meltdown spectre_v1 spectre_v2 spec_store_bypass l1tf mds swapgs
bogomips	: 6785.06
clflush size	: 64
cache_alignment	: 64
address sizes	: 36 bits physical, 48 bits virtual
power management:

processor	: 2
vendor_id	: GenuineIntel
cpu family	: 6
model		: 58
model name	: Intel(R) Core(TM) i7-3770 CPU @ 3.40GHz
stepping	: 9
microcode	: 0x21
cpu MHz		: 2580.379
cache size	: 8192 KB
physical id	: 0
siblings	: 8
core id		: 2
cpu cores	: 4
apicid		: 4
initial apicid	: 4
fpu		: yes
fpu_exception	: yes
cpuid level	: 13
wp		: yes
flags		: fpu vme de pse tsc msr pae mce cx8 apic sep mtrr pge mca cmov pat pse36 clflush dts acpi mmx fxsr sse sse2 ss ht tm pbe syscall nx rdtscp lm constant_tsc arch_perfmon pebs bts rep_good nopl xtopology nonstop_tsc cpuid aperfmperf pni pclmulqdq dtes64 monitor ds_cpl vmx smx est tm2 ssse3 cx16 xtpr pdcm pcid sse4_1 sse4_2 x2apic popcnt tsc_deadline_timer aes xsave avx f16c rdrand lahf_lm cpuid_fault epb pti ssbd ibrs ibpb stibp tpr_shadow vnmi flexpriority ept vpid fsgsbase smep erms xsaveopt dtherm ida arat pln pts md_clear flush_l1d
bugs		: cpu_meltdown spectre_v1 spectre_v2 spec_store_bypass l1tf mds swapgs
bogomips	: 6785.06
clflush size	: 64
cache_alignment	: 64
address sizes	: 36 bits physical, 48 bits virtual
power management:

processor	: 3
vendor_id	: GenuineIntel
cpu family	: 6
model		: 58
model name	: Intel(R) Core(TM) i7-3770 CPU @ 3.40GHz
stepping	: 9
microcode	: 0x21
cpu MHz		: 2814.355
cache size	: 8192 KB
physical id	: 0
siblings	: 8
core id		: 3
cpu cores	: 4
apicid		: 6
initial apicid	: 6
fpu		: yes
fpu_exception	: yes
cpuid level	: 13
wp		: yes
flags		: fpu vme de pse tsc msr pae mce cx8 apic sep mtrr pge mca cmov pat pse36 clflush dts acpi mmx fxsr sse sse2 ss ht tm pbe syscall nx rdtscp lm constant_tsc arch_perfmon pebs bts rep_good nopl xtopology nonstop_tsc cpuid aperfmperf pni pclmulqdq dtes64 monitor ds_cpl vmx smx est tm2 ssse3 cx16 xtpr pdcm pcid sse4_1 sse4_2 x2apic popcnt tsc_deadline_timer aes xsave avx f16c rdrand lahf_lm cpuid_fault epb pti ssbd ibrs ibpb stibp tpr_shadow vnmi flexpriority ept vpid fsgsbase smep erms xsaveopt dtherm ida arat pln pts md_clear flush_l1d
bugs		: cpu_meltdown spectre_v1 spectre_v2 spec_store_bypass l1tf mds swapgs
bogomips	: 6785.06
clflush size	: 64
cache_alignment	: 64
address sizes	: 36 bits physical, 48 bits virtual
power management:

processor	: 4
vendor_id	: GenuineIntel
cpu family	: 6
model		: 58
model name	: Intel(R) Core(TM) i7-3770 CPU @ 3.40GHz
stepping	: 9
microcode	: 0x21
cpu MHz		: 2861.116
cache size	: 8192 KB
physical id	: 0
siblings	: 8
core id		: 0
cpu cores	: 4
apicid		: 1
initial apicid	: 1
fpu		: yes
fpu_exception	: yes
cpuid level	: 13
wp		: yes
flags		: fpu vme de pse tsc msr pae mce cx8 apic sep mtrr pge mca cmov pat pse36 clflush dts acpi mmx fxsr sse sse2 ss ht tm pbe syscall nx rdtscp lm constant_tsc arch_perfmon pebs bts rep_good nopl xtopology nonstop_tsc cpuid aperfmperf pni pclmulqdq dtes64 monitor ds_cpl vmx smx est tm2 ssse3 cx16 xtpr pdcm pcid sse4_1 sse4_2 x2apic popcnt tsc_deadline_timer aes xsave avx f16c rdrand lahf_lm cpuid_fault epb pti ssbd ibrs ibpb stibp tpr_shadow vnmi flexpriority ept vpid fsgsbase smep erms xsaveopt dtherm ida arat pln pts md_clear flush_l1d
bugs		: cpu_meltdown spectre_v1 spectre_v2 spec_store_bypass l1tf mds swapgs
bogomips	: 6785.06
clflush size	: 64
cache_alignment	: 64
address sizes	: 36 bits physical, 48 bits virtual
power management:

processor	: 5
vendor_id	: GenuineIntel
cpu family	: 6
model		: 58
model name	: Intel(R) Core(TM) i7-3770 CPU @ 3.40GHz
stepping	: 9
microcode	: 0x21
cpu MHz		: 2414.326
cache size	: 8192 KB
physical id	: 0
siblings	: 8
core id		: 1
cpu cores	: 4
apicid		: 3
initial apicid	: 3
fpu		: yes
fpu_exception	: yes
cpuid level	: 13
wp		: yes
flags		: fpu vme de pse tsc msr pae mce cx8 apic sep mtrr pge mca cmov pat pse36 clflush dts acpi mmx fxsr sse sse2 ss ht tm pbe syscall nx rdtscp lm constant_tsc arch_perfmon pebs bts rep_good nopl xtopology nonstop_tsc cpuid aperfmperf pni pclmulqdq dtes64 monitor ds_cpl vmx smx est tm2 ssse3 cx16 xtpr pdcm pcid sse4_1 sse4_2 x2apic popcnt tsc_deadline_timer aes xsave avx f16c rdrand lahf_lm cpuid_fault epb pti ssbd ibrs ibpb stibp tpr_shadow vnmi flexpriority ept vpid fsgsbase smep erms xsaveopt dtherm ida arat pln pts md_clear flush_l1d
bugs		: cpu_meltdown spectre_v1 spectre_v2 spec_store_bypass l1tf mds swapgs
bogomips	: 6785.06
clflush size	: 64
cache_alignment	: 64
address sizes	: 36 bits physical, 48 bits virtual
power management:

processor	: 6
vendor_id	: GenuineIntel
cpu family	: 6
model		: 58
model name	: Intel(R) Core(TM) i7-3770 CPU @ 3.40GHz
stepping	: 9
microcode	: 0x21
cpu MHz		: 2549.528
cache size	: 8192 KB
physical id	: 0
siblings	: 8
core id		: 2
cpu cores	: 4
apicid		: 5
initial apicid	: 5
fpu		: yes
fpu_exception	: yes
cpuid level	: 13
wp		: yes
flags		: fpu vme de pse tsc msr pae mce cx8 apic sep mtrr pge mca cmov pat pse36 clflush dts acpi mmx fxsr sse sse2 ss ht tm pbe syscall nx rdtscp lm constant_tsc arch_perfmon pebs bts rep_good nopl xtopology nonstop_tsc cpuid aperfmperf pni pclmulqdq dtes64 monitor ds_cpl vmx smx est tm2 ssse3 cx16 xtpr pdcm pcid sse4_1 sse4_2 x2apic popcnt tsc_deadline_timer aes xsave avx f16c rdrand lahf_lm cpuid_fault epb pti ssbd ibrs ibpb stibp tpr_shadow vnmi flexpriority ept vpid fsgsbase smep erms xsaveopt dtherm ida arat pln pts md_clear flush_l1d
bugs		: cpu_meltdown spectre_v1 spectre_v2 spec_store_bypass l1tf mds swapgs
bogomips	: 6785.06
clflush size	: 64
cache_alignment	: 64
address sizes	: 36 bits physical, 48 bits virtual
power management:

processor	: 7
vendor_id	: GenuineIntel
cpu family	: 6
model		: 58
model name	: Intel(R) Core(TM) i7-3770 CPU @ 3.40GHz
stepping	: 9
microcode	: 0x21
cpu MHz		: 2659.509
cache size	: 8192 KB
physical id	: 0
siblings	: 8
core id		: 3
cpu cores	: 4
apicid		: 7
initial apicid	: 7
fpu		: yes
fpu_exception	: yes
cpuid level	: 13
wp		: yes
flags		: fpu vme de pse tsc msr pae mce cx8 apic sep mtrr pge mca cmov pat pse36 clflush dts acpi mmx fxsr sse sse2 ss ht tm pbe syscall nx rdtscp lm constant_tsc arch_perfmon pebs bts rep_good nopl xtopology nonstop_tsc cpuid aperfmperf pni pclmulqdq dtes64 monitor ds_cpl vmx smx est tm2 ssse3 cx16 xtpr pdcm pcid sse4_1 sse4_2 x2apic popcnt tsc_deadline_timer aes xsave avx f16c rdrand lahf_lm cpuid_fault epb pti ssbd ibrs ibpb stibp tpr_shadow vnmi flexpriority ept vpid fsgsbase smep erms xsaveopt dtherm ida arat pln pts md_clear flush_l1d
bugs		: cpu_meltdown spectre_v1 spectre_v2 spec_store_bypass l1tf mds swapgs
bogomips	: 6785.06
clflush size	: 64
cache_alignment	: 64
address sizes	: 36 bits physical, 48 bits virtual
power management:



Memory: 4k page, physical 3821336k(117560k free), swap 998396k(0k free)

vm_info: Java HotSpot(TM) 64-Bit Server VM (25.201-b09) for linux-amd64 JRE (1.8.0_201-b09), built on Dec 15 2018 11:35:59 by "java_re" with gcc 7.3.0

time: Fri Jan 17 16:13:43 2020
timezone: -05
elapsed time: 33 seconds (0d 0h 0m 33s)

