#
# There is insufficient memory for the Java Runtime Environment to continue.
# Native memory allocation (mmap) failed to map 137363456 bytes for committing reserved memory.
# Possible reasons:
#   The system is out of physical RAM or swap space
#   The process is running with CompressedOops enabled, and the Java Heap may be blocking the growth of the native heap
# Possible solutions:
#   Reduce memory load on the system
#   Increase physical memory or swap space
#   Check if swap backing store is full
#   Decrease Java heap size (-Xmx/-Xms)
#   Decrease number of Java threads
#   Decrease Java thread stack sizes (-Xss)
#   Set larger code cache with -XX:ReservedCodeCacheSize=
#   JVM is running with Unscaled Compressed Oops mode in which the Java heap is
#     placed in the first 4GB address space. The Java Heap base address is the
#     maximum limit for the native heap growth. Please use -XX:HeapBaseMinAddress
#     to set the Java Heap base and to place the Java Heap above 4GB virtual address.
# This output file may be truncated or incomplete.
#
#  Out of Memory Error (os_linux.cpp:2749), pid=24986, tid=0x00007f589a8e8700
#
# JRE version: Java(TM) SE Runtime Environment (8.0_201-b09) (build 1.8.0_201-b09)
# Java VM: Java HotSpot(TM) 64-Bit Server VM (25.201-b09 mixed mode linux-amd64 compressed oops)
# Failed to write core dump. Core dumps have been disabled. To enable core dumping, try "ulimit -c unlimited" before starting Java again
#

---------------  T H R E A D  ---------------

Current thread (0x00007f58b0081000):  VMThread [stack: 0x00007f589a7e8000,0x00007f589a8e9000] [id=24996]

Stack: [0x00007f589a7e8000,0x00007f589a8e9000],  sp=0x00007f589a8e7430,  free space=1021k
Native frames: (J=compiled Java code, j=interpreted, Vv=VM code, C=native code)
V  [libjvm.so+0xad3525]  VMError::report_and_die()+0x2e5
V  [libjvm.so+0x4e0457]  report_vm_out_of_memory(char const*, int, unsigned long, VMErrorType, char const*)+0x67
V  [libjvm.so+0x9102f0]  os::pd_commit_memory(char*, unsigned long, unsigned long, bool)+0x100
V  [libjvm.so+0x90791f]  os::commit_memory(char*, unsigned long, unsigned long, bool)+0x1f
V  [libjvm.so+0x98c806]  PSVirtualSpace::expand_by(unsigned long)+0x56
V  [libjvm.so+0x97badb]  PSOldGen::expand_by(unsigned long) [clone .part.28]+0x1b
V  [libjvm.so+0x97bc98]  PSOldGen::expand(unsigned long) [clone .part.29]+0xa8
V  [libjvm.so+0x97c841]  PSOldGen::resize(unsigned long)+0xe1
V  [libjvm.so+0x98297c]  PSParallelCompact::invoke_no_policy(bool) [clone .part.118]+0xa2c
V  [libjvm.so+0x98a795]  PSScavenge::invoke()+0x215
V  [libjvm.so+0x93a318]  ParallelScavengeHeap::failed_mem_allocate(unsigned long)+0x68
V  [libjvm.so+0xad5073]  VM_ParallelGCFailedAllocation::doit()+0x93
V  [libjvm.so+0xada296]  VM_Operation::evaluate()+0x46
V  [libjvm.so+0xad85cd]  VMThread::evaluate_operation(VM_Operation*) [clone .constprop.44]+0xcd
V  [libjvm.so+0xad8bb3]  VMThread::loop()+0x3a3
V  [libjvm.so+0xad8f88]  VMThread::run()+0x78
V  [libjvm.so+0x90d922]  java_start(Thread*)+0x102

VM_Operation (0x00007f58b9d2e6d0): ParallelGCFailedAllocation, mode: safepoint, requested by thread 0x00007f58b000a800


---------------  P R O C E S S  ---------------

Java Threads: ( => current thread )
  0x00007f58b00ee800 JavaThread "Service Thread" daemon [_thread_blocked, id=25004, stack(0x00007f5899621000,0x00007f5899722000)]
  0x00007f58b00c9000 JavaThread "C1 CompilerThread3" daemon [_thread_blocked, id=25003, stack(0x00007f5899722000,0x00007f5899823000)]
  0x00007f58b00c7000 JavaThread "C2 CompilerThread2" daemon [_thread_blocked, id=25002, stack(0x00007f5899823000,0x00007f5899924000)]
  0x00007f58b00c5000 JavaThread "C2 CompilerThread1" daemon [_thread_blocked, id=25001, stack(0x00007f5899924000,0x00007f5899a25000)]
  0x00007f58b00c2800 JavaThread "C2 CompilerThread0" daemon [_thread_blocked, id=25000, stack(0x00007f5899a25000,0x00007f5899b26000)]
  0x00007f58b00c1000 JavaThread "Signal Dispatcher" daemon [_thread_blocked, id=24999, stack(0x00007f5899b26000,0x00007f5899c27000)]
  0x00007f58b008d000 JavaThread "Finalizer" daemon [_thread_blocked, id=24998, stack(0x00007f589a5e6000,0x00007f589a6e7000)]
  0x00007f58b008a800 JavaThread "Reference Handler" daemon [_thread_blocked, id=24997, stack(0x00007f589a6e7000,0x00007f589a7e8000)]
  0x00007f58b000a800 JavaThread "main" [_thread_blocked, id=24987, stack(0x00007f58b9c2f000,0x00007f58b9d30000)]

Other Threads:
=>0x00007f58b0081000 VMThread [stack: 0x00007f589a7e8000,0x00007f589a8e9000] [id=24996]
  0x00007f58b00f1000 WatcherThread [stack: 0x00007f5899520000,0x00007f5899621000] [id=25005]

VM state:at safepoint (normal execution)

VM Mutex/Monitor currently owned by a thread:  ([mutex/lock_event])
[0x00007f58b00067f0] ExpandHeap_lock - owner thread: 0x00007f58b0081000
[0x00007f58b0006e70] Threads_lock - owner thread: 0x00007f58b0081000
[0x00007f58b0007370] Heap_lock - owner thread: 0x00007f58b000a800

heap address: 0x00000000c5a00000, size: 934 MB, Compressed Oops mode: 32-bit
Narrow klass base: 0x0000000000000000, Narrow klass shift: 3
Compressed class space size: 1073741824 Address: 0x0000000100000000

Heap:
 PSYoungGen      total 214016K, used 19202K [0x00000000ec900000, 0x0000000100000000, 0x0000000100000000)
  eden space 108544K, 0% used [0x00000000ec900000,0x00000000ec900000,0x00000000f3300000)
  from space 105472K, 18% used [0x00000000f9800000,0x00000000faac0b30,0x00000000fff00000)
  to   space 103424K, 0% used [0x00000000f3300000,0x00000000f3300000,0x00000000f9800000)
 ParOldGen       total 446464K, used 446103K [0x00000000c5a00000, 0x00000000e0e00000, 0x00000000ec900000)
  object space 446464K, 99% used [0x00000000c5a00000,0x00000000e0da5da8,0x00000000e0e00000)
 Metaspace       used 3420K, capacity 4562K, committed 4864K, reserved 1056768K
  class space    used 363K, capacity 386K, committed 512K, reserved 1048576K

Card table byte_map: [0x00007f58b67fc000,0x00007f58b69d0000] byte_map_base: 0x00007f58b61cf000

Marking Bits: (ParMarkBitMap*) 0x00007f58b9106d80
 Begin Bits: [0x00007f58b418c000, 0x00007f58b5024000)
 End Bits:   [0x00007f58b5024000, 0x00007f58b5ebc000)

Polling page: 0x00007f58b9d4a000

CodeCache: size=245760Kb used=2427Kb max_used=2452Kb free=243332Kb
 bounds [0x00007f58a1000000, 0x00007f58a1270000, 0x00007f58b0000000]
 total_blobs=589 nmethods=336 adapters=167
 compilation: enabled

Compilation events (10 events):
Event: 191,493 Thread 0x00007f58b00c5000  332       4       sun.misc.FloatingDecimal$BinaryToASCIIBuffer::getChars (502 bytes)
Event: 191,504 Thread 0x00007f58b00c5000 nmethod 332 0x00007f58a1200050 code [0x00007f58a1200200, 0x00007f58a1200b88]
Event: 194,029 Thread 0x00007f58b00c9000  333 % !   3       EnergyCheckUtils::main @ 32 (263 bytes)
Event: 194,060 Thread 0x00007f58b00c9000 nmethod 333% 0x00007f58a1250c10 code [0x00007f58a12511a0, 0x00007f58a1253ec8]
Event: 194,292 Thread 0x00007f58b00c7000  334   !   4       java.io.PrintStream::write (83 bytes)
Event: 194,292 Thread 0x00007f58b00c2800  335   !   4       java.io.PrintStream::newLine (73 bytes)
Event: 194,300 Thread 0x00007f58b00c2800 nmethod 335 0x00007f58a122bed0 code [0x00007f58a122c0c0, 0x00007f58a122d188]
Event: 194,301 Thread 0x00007f58b00c7000 nmethod 334 0x00007f58a1256c90 code [0x00007f58a1256e60, 0x00007f58a1257c98]
Event: 198,409 Thread 0x00007f58b00c5000  336 % !   4       EnergyCheckUtils::main @ 32 (263 bytes)
Event: 198,545 Thread 0x00007f58b00c5000 nmethod 336% 0x00007f58a125e550 code [0x00007f58a125eb40, 0x00007f58a1264190]

GC Heap History (10 events):
Event: 254,024 GC heap after
Heap after GC invocations=128 (full 6):
 PSYoungGen      total 212480K, used 80434K [0x00000000ec900000, 0x0000000100000000, 0x0000000100000000)
  eden space 106496K, 0% used [0x00000000ec900000,0x00000000ec900000,0x00000000f3100000)
  from space 105984K, 75% used [0x00000000f9880000,0x00000000fe70c808,0x0000000100000000)
  to   space 105984K, 0% used [0x00000000f3100000,0x00000000f3100000,0x00000000f9880000)
 ParOldGen       total 446464K, used 359958K [0x00000000c5a00000, 0x00000000e0e00000, 0x00000000ec900000)
  object space 446464K, 80% used [0x00000000c5a00000,0x00000000db9859a0,0x00000000e0e00000)
 Metaspace       used 3420K, capacity 4562K, committed 4864K, reserved 1056768K
  class space    used 363K, capacity 386K, committed 512K, reserved 1048576K
}
Event: 257,363 GC heap before
{Heap before GC invocations=129 (full 6):
 PSYoungGen      total 212480K, used 186930K [0x00000000ec900000, 0x0000000100000000, 0x0000000100000000)
  eden space 106496K, 100% used [0x00000000ec900000,0x00000000f3100000,0x00000000f3100000)
  from space 105984K, 75% used [0x00000000f9880000,0x00000000fe70c808,0x0000000100000000)
  to   space 105984K, 0% used [0x00000000f3100000,0x00000000f3100000,0x00000000f9880000)
 ParOldGen       total 446464K, used 359958K [0x00000000c5a00000, 0x00000000e0e00000, 0x00000000ec900000)
  object space 446464K, 80% used [0x00000000c5a00000,0x00000000db9859a0,0x00000000e0e00000)
 Metaspace       used 3420K, capacity 4562K, committed 4864K, reserved 1056768K
  class space    used 363K, capacity 386K, committed 512K, reserved 1048576K
Event: 257,423 GC heap after
Heap after GC invocations=129 (full 6):
 PSYoungGen      total 212480K, used 72722K [0x00000000ec900000, 0x0000000100000000, 0x0000000100000000)
  eden space 106496K, 0% used [0x00000000ec900000,0x00000000ec900000,0x00000000f3100000)
  from space 105984K, 68% used [0x00000000f3100000,0x00000000f7804808,0x00000000f9880000)
  to   space 105984K, 0% used [0x00000000f9880000,0x00000000f9880000,0x0000000100000000)
 ParOldGen       total 446464K, used 375238K [0x00000000c5a00000, 0x00000000e0e00000, 0x00000000ec900000)
  object space 446464K, 84% used [0x00000000c5a00000,0x00000000dc8719a0,0x00000000e0e00000)
 Metaspace       used 3420K, capacity 4562K, committed 4864K, reserved 1056768K
  class space    used 363K, capacity 386K, committed 512K, reserved 1048576K
}
Event: 260,753 GC heap before
{Heap before GC invocations=130 (full 6):
 PSYoungGen      total 212480K, used 179218K [0x00000000ec900000, 0x0000000100000000, 0x0000000100000000)
  eden space 106496K, 100% used [0x00000000ec900000,0x00000000f3100000,0x00000000f3100000)
  from space 105984K, 68% used [0x00000000f3100000,0x00000000f7804808,0x00000000f9880000)
  to   space 105984K, 0% used [0x00000000f9880000,0x00000000f9880000,0x0000000100000000)
 ParOldGen       total 446464K, used 375238K [0x00000000c5a00000, 0x00000000e0e00000, 0x00000000ec900000)
  object space 446464K, 84% used [0x00000000c5a00000,0x00000000dc8719a0,0x00000000e0e00000)
 Metaspace       used 3420K, capacity 4562K, committed 4864K, reserved 1056768K
  class space    used 363K, capacity 386K, committed 512K, reserved 1048576K
Event: 260,811 GC heap after
Heap after GC invocations=130 (full 6):
 PSYoungGen      total 212480K, used 64274K [0x00000000ec900000, 0x0000000100000000, 0x0000000100000000)
  eden space 106496K, 0% used [0x00000000ec900000,0x00000000ec900000,0x00000000f3100000)
  from space 105984K, 60% used [0x00000000f9880000,0x00000000fd744808,0x0000000100000000)
  to   space 105984K, 0% used [0x00000000f3100000,0x00000000f3100000,0x00000000f9880000)
 ParOldGen       total 446464K, used 391278K [0x00000000c5a00000, 0x00000000e0e00000, 0x00000000ec900000)
  object space 446464K, 87% used [0x00000000c5a00000,0x00000000dd81b9a0,0x00000000e0e00000)
 Metaspace       used 3420K, capacity 4562K, committed 4864K, reserved 1056768K
  class space    used 363K, capacity 386K, committed 512K, reserved 1048576K
}
Event: 264,118 GC heap before
{Heap before GC invocations=131 (full 6):
 PSYoungGen      total 212480K, used 170770K [0x00000000ec900000, 0x0000000100000000, 0x0000000100000000)
  eden space 106496K, 100% used [0x00000000ec900000,0x00000000f3100000,0x00000000f3100000)
  from space 105984K, 60% used [0x00000000f9880000,0x00000000fd744808,0x0000000100000000)
  to   space 105984K, 0% used [0x00000000f3100000,0x00000000f3100000,0x00000000f9880000)
 ParOldGen       total 446464K, used 391278K [0x00000000c5a00000, 0x00000000e0e00000, 0x00000000ec900000)
  object space 446464K, 87% used [0x00000000c5a00000,0x00000000dd81b9a0,0x00000000e0e00000)
 Metaspace       used 3420K, capacity 4562K, committed 4864K, reserved 1056768K
  class space    used 363K, capacity 386K, committed 512K, reserved 1048576K
Event: 264,172 GC heap after
Heap after GC invocations=131 (full 6):
 PSYoungGen      total 154624K, used 47936K [0x00000000ec900000, 0x00000000fff00000, 0x0000000100000000)
  eden space 106496K, 0% used [0x00000000ec900000,0x00000000ec900000,0x00000000f3100000)
  from space 48128K, 99% used [0x00000000f3100000,0x00000000f5fd0000,0x00000000f6000000)
  to   space 105472K, 0% used [0x00000000f9800000,0x00000000f9800000,0x00000000fff00000)
 ParOldGen       total 446464K, used 415248K [0x00000000c5a00000, 0x00000000e0e00000, 0x00000000ec900000)
  object space 446464K, 93% used [0x00000000c5a00000,0x00000000def841a8,0x00000000e0e00000)
 Metaspace       used 3420K, capacity 4562K, committed 4864K, reserved 1056768K
  class space    used 363K, capacity 386K, committed 512K, reserved 1048576K
}
Event: 267,885 GC heap before
{Heap before GC invocations=132 (full 6):
 PSYoungGen      total 154624K, used 154432K [0x00000000ec900000, 0x00000000fff00000, 0x0000000100000000)
  eden space 106496K, 100% used [0x00000000ec900000,0x00000000f3100000,0x00000000f3100000)
  from space 48128K, 99% used [0x00000000f3100000,0x00000000f5fd0000,0x00000000f6000000)
  to   space 105472K, 0% used [0x00000000f9800000,0x00000000f9800000,0x00000000fff00000)
 ParOldGen       total 446464K, used 415248K [0x00000000c5a00000, 0x00000000e0e00000, 0x00000000ec900000)
  object space 446464K, 93% used [0x00000000c5a00000,0x00000000def841a8,0x00000000e0e00000)
 Metaspace       used 3420K, capacity 4562K, committed 4864K, reserved 1056768K
  class space    used 363K, capacity 386K, committed 512K, reserved 1048576K
Event: 267,937 GC heap after
Heap after GC invocations=132 (full 6):
 PSYoungGen      total 214016K, used 46496K [0x00000000ec900000, 0x0000000100000000, 0x0000000100000000)
  eden space 108544K, 0% used [0x00000000ec900000,0x00000000ec900000,0x00000000f3300000)
  from space 105472K, 44% used [0x00000000f9800000,0x00000000fc568000,0x00000000fff00000)
  to   space 103424K, 0% used [0x00000000f3300000,0x00000000f3300000,0x00000000f9800000)
 ParOldGen       total 446464K, used 424280K [0x00000000c5a00000, 0x00000000e0e00000, 0x00000000ec900000)
  object space 446464K, 95% used [0x00000000c5a00000,0x00000000df8561a8,0x00000000e0e00000)
 Metaspace       used 3420K, capacity 4562K, committed 4864K, reserved 1056768K
  class space    used 363K, capacity 386K, committed 512K, reserved 1048576K
}
Event: 267,962 GC heap before
{Heap before GC invocations=133 (full 7):
 PSYoungGen      total 214016K, used 46496K [0x00000000ec900000, 0x0000000100000000, 0x0000000100000000)
  eden space 108544K, 0% used [0x00000000ec900000,0x00000000ec900000,0x00000000f3300000)
  from space 105472K, 44% used [0x00000000f9800000,0x00000000fc568000,0x00000000fff00000)
  to   space 103424K, 0% used [0x00000000f3300000,0x00000000f3300000,0x00000000f9800000)
 ParOldGen       total 446464K, used 424280K [0x00000000c5a00000, 0x00000000e0e00000, 0x00000000ec900000)
  object space 446464K, 95% used [0x00000000c5a00000,0x00000000df8561a8,0x00000000e0e00000)
 Metaspace       used 3420K, capacity 4562K, committed 4864K, reserved 1056768K
  class space    used 363K, capacity 386K, committed 512K, reserved 1048576K

Deoptimization events (10 events):
Event: 0,396 Thread 0x00007f58b000a800 Uncommon trap: reason=predicate action=maybe_recompile pc=0x00007f58a11e2470 method=java.util.AbstractCollection.toArray([Ljava/lang/Object;)[Ljava/lang/Object; @ 49
Event: 0,409 Thread 0x00007f58b000a800 Uncommon trap: reason=array_check action=maybe_recompile pc=0x00007f58a11e5e70 method=java.util.AbstractCollection.toArray([Ljava/lang/Object;)[Ljava/lang/Object; @ 119
Event: 0,409 Thread 0x00007f58b000a800 Uncommon trap: reason=array_check action=maybe_recompile pc=0x00007f58a11e5e70 method=java.util.AbstractCollection.toArray([Ljava/lang/Object;)[Ljava/lang/Object; @ 119
Event: 0,409 Thread 0x00007f58b000a800 Uncommon trap: reason=array_check action=maybe_recompile pc=0x00007f58a11e5e70 method=java.util.AbstractCollection.toArray([Ljava/lang/Object;)[Ljava/lang/Object; @ 119
Event: 0,409 Thread 0x00007f58b000a800 Uncommon trap: reason=array_check action=maybe_recompile pc=0x00007f58a11e5e70 method=java.util.AbstractCollection.toArray([Ljava/lang/Object;)[Ljava/lang/Object; @ 119
Event: 0,498 Thread 0x00007f58b000a800 Uncommon trap: reason=unstable_if action=reinterpret pc=0x00007f58a11cf3e4 method=sun.misc.FloatingDecimal$BinaryToASCIIBuffer.dtoa(IJIZ)V @ 859
Event: 7,725 Thread 0x00007f58b000a800 Uncommon trap: reason=unstable_if action=reinterpret pc=0x00007f58a12211a8 method=java.lang.Throwable.toString()Ljava/lang/String; @ 14
Event: 191,347 Thread 0x00007f58b000a800 Uncommon trap: reason=unstable_if action=reinterpret pc=0x00007f58a11b3f1c method=java.text.DecimalFormat.subparse(Ljava/lang/String;Ljava/text/ParsePosition;Ljava/lang/String;Ljava/lang/String;Ljava/text/DigitList;Z[Z)Z @ 332
Event: 191,347 Thread 0x00007f58b000a800 Uncommon trap: reason=unstable_if action=reinterpret pc=0x00007f58a1235538 method=sun.misc.FloatingDecimal.getBinaryToASCIIConverter(DZ)Lsun/misc/FloatingDecimal$BinaryToASCIIConverter; @ 12
Event: 191,347 Thread 0x00007f58b000a800 Uncommon trap: reason=unstable_if action=reinterpret pc=0x00007f58a11d8a70 method=sun.misc.FloatingDecimal$BinaryToASCIIBuffer.getChars([C)I @ 33

Classes redefined (0 events):
No events

Internal exceptions (10 events):
Event: 199,808 Thread 0x00007f58b000a800 Exception <a 'java/lang/ArrayIndexOutOfBoundsException': 0> (0x00000000f344bce0) thrown at [/HUDSON/workspace/8-2-build-linux-amd64/jdk8u201/12317/hotspot/src/share/vm/interpreter/interpreterRuntime.cpp, line 368]
Event: 199,808 Thread 0x00007f58b000a800 Exception <a 'java/lang/ArrayIndexOutOfBoundsException': 0> (0x00000000f344d1b0) thrown at [/HUDSON/workspace/8-2-build-linux-amd64/jdk8u201/12317/hotspot/src/share/vm/interpreter/interpreterRuntime.cpp, line 368]
Event: 199,808 Thread 0x00007f58b000a800 Exception <a 'java/lang/ArrayIndexOutOfBoundsException': 0> (0x00000000f344e680) thrown at [/HUDSON/workspace/8-2-build-linux-amd64/jdk8u201/12317/hotspot/src/share/vm/interpreter/interpreterRuntime.cpp, line 368]
Event: 199,808 Thread 0x00007f58b000a800 Exception <a 'java/lang/ArrayIndexOutOfBoundsException': 0> (0x00000000f344fb50) thrown at [/HUDSON/workspace/8-2-build-linux-amd64/jdk8u201/12317/hotspot/src/share/vm/interpreter/interpreterRuntime.cpp, line 368]
Event: 199,808 Thread 0x00007f58b000a800 Exception <a 'java/lang/ArrayIndexOutOfBoundsException': 0> (0x00000000f3451020) thrown at [/HUDSON/workspace/8-2-build-linux-amd64/jdk8u201/12317/hotspot/src/share/vm/interpreter/interpreterRuntime.cpp, line 368]
Event: 199,808 Thread 0x00007f58b000a800 Exception <a 'java/lang/ArrayIndexOutOfBoundsException': 0> (0x00000000f34524f0) thrown at [/HUDSON/workspace/8-2-build-linux-amd64/jdk8u201/12317/hotspot/src/share/vm/interpreter/interpreterRuntime.cpp, line 368]
Event: 199,808 Thread 0x00007f58b000a800 Exception <a 'java/lang/ArrayIndexOutOfBoundsException': 0> (0x00000000f34539c0) thrown at [/HUDSON/workspace/8-2-build-linux-amd64/jdk8u201/12317/hotspot/src/share/vm/interpreter/interpreterRuntime.cpp, line 368]
Event: 199,808 Thread 0x00007f58b000a800 Exception <a 'java/lang/ArrayIndexOutOfBoundsException': 0> (0x00000000f3454e90) thrown at [/HUDSON/workspace/8-2-build-linux-amd64/jdk8u201/12317/hotspot/src/share/vm/interpreter/interpreterRuntime.cpp, line 368]
Event: 199,808 Thread 0x00007f58b000a800 Exception <a 'java/lang/ArrayIndexOutOfBoundsException': 0> (0x00000000f3456360) thrown at [/HUDSON/workspace/8-2-build-linux-amd64/jdk8u201/12317/hotspot/src/share/vm/interpreter/interpreterRuntime.cpp, line 368]
Event: 199,808 Thread 0x00007f58b000a800 Exception <a 'java/lang/ArrayIndexOutOfBoundsException': 0> (0x00000000f3457830) thrown at [/HUDSON/workspace/8-2-build-linux-amd64/jdk8u201/12317/hotspot/src/share/vm/interpreter/interpreterRuntime.cpp, line 368]

Events (10 events):
Event: 250,384 Executing VM operation: ParallelGCFailedAllocation done
Event: 253,953 Executing VM operation: ParallelGCFailedAllocation
Event: 254,024 Executing VM operation: ParallelGCFailedAllocation done
Event: 257,363 Executing VM operation: ParallelGCFailedAllocation
Event: 257,423 Executing VM operation: ParallelGCFailedAllocation done
Event: 260,753 Executing VM operation: ParallelGCFailedAllocation
Event: 260,811 Executing VM operation: ParallelGCFailedAllocation done
Event: 264,118 Executing VM operation: ParallelGCFailedAllocation
Event: 264,172 Executing VM operation: ParallelGCFailedAllocation done
Event: 267,885 Executing VM operation: ParallelGCFailedAllocation


Dynamic libraries:
00400000-00401000 r-xp 00000000 08:01 17566262                           /usr/lib/jvm/java-8-oracle/bin/java
00600000-00601000 r--p 00000000 08:01 17566262                           /usr/lib/jvm/java-8-oracle/bin/java
00601000-00602000 rw-p 00001000 08:01 17566262                           /usr/lib/jvm/java-8-oracle/bin/java
00cf8000-00d19000 rw-p 00000000 00:00 0                                  [heap]
c5a00000-e0e00000 rw-p 00000000 00:00 0 
e9100000-ec900000 ---p 00000000 00:00 0 
ec900000-100000000 rw-p 00000000 00:00 0 
100000000-100080000 rw-p 00000000 00:00 0 
100080000-140000000 ---p 00000000 00:00 0 
7f583c000000-7f583c021000 rw-p 00000000 00:00 0 
7f583c021000-7f5840000000 ---p 00000000 00:00 0 
7f5844000000-7f584435e000 rw-p 00000000 00:00 0 
7f584435e000-7f5848000000 ---p 00000000 00:00 0 
7f5848000000-7f5848021000 rw-p 00000000 00:00 0 
7f5848021000-7f584c000000 ---p 00000000 00:00 0 
7f584c000000-7f584cbd4000 rw-p 00000000 00:00 0 
7f584cbd4000-7f5850000000 ---p 00000000 00:00 0 
7f5850000000-7f585064e000 rw-p 00000000 00:00 0 
7f585064e000-7f5854000000 ---p 00000000 00:00 0 
7f5854000000-7f5854021000 rw-p 00000000 00:00 0 
7f5854021000-7f5858000000 ---p 00000000 00:00 0 
7f5858000000-7f5858bb2000 rw-p 00000000 00:00 0 
7f5858bb2000-7f585c000000 ---p 00000000 00:00 0 
7f585c000000-7f585c021000 rw-p 00000000 00:00 0 
7f585c021000-7f5860000000 ---p 00000000 00:00 0 
7f5860000000-7f5860021000 rw-p 00000000 00:00 0 
7f5860021000-7f5864000000 ---p 00000000 00:00 0 
7f5864000000-7f5864021000 rw-p 00000000 00:00 0 
7f5864021000-7f5868000000 ---p 00000000 00:00 0 
7f5868000000-7f586829d000 rw-p 00000000 00:00 0 
7f586829d000-7f586c000000 ---p 00000000 00:00 0 
7f586c000000-7f586c021000 rw-p 00000000 00:00 0 
7f586c021000-7f5870000000 ---p 00000000 00:00 0 
7f5874000000-7f587403d000 rw-p 00000000 00:00 0 
7f587403d000-7f5878000000 ---p 00000000 00:00 0 
7f587c000000-7f587c021000 rw-p 00000000 00:00 0 
7f587c021000-7f5880000000 ---p 00000000 00:00 0 
7f5884000000-7f588402d000 rw-p 00000000 00:00 0 
7f588402d000-7f5888000000 ---p 00000000 00:00 0 
7f588c000000-7f588c021000 rw-p 00000000 00:00 0 
7f588c021000-7f5890000000 ---p 00000000 00:00 0 
7f5894000000-7f5894021000 rw-p 00000000 00:00 0 
7f5894021000-7f5898000000 ---p 00000000 00:00 0 
7f5899319000-7f589931f000 r-xp 00000000 08:01 7212659                    /home/laboratorio/NetBeansProjects/jRAPLEnergy/src/libCPUScaler.so
7f589931f000-7f589951e000 ---p 00006000 08:01 7212659                    /home/laboratorio/NetBeansProjects/jRAPLEnergy/src/libCPUScaler.so
7f589951e000-7f589951f000 r--p 00005000 08:01 7212659                    /home/laboratorio/NetBeansProjects/jRAPLEnergy/src/libCPUScaler.so
7f589951f000-7f5899520000 rw-p 00006000 08:01 7212659                    /home/laboratorio/NetBeansProjects/jRAPLEnergy/src/libCPUScaler.so
7f5899520000-7f5899521000 ---p 00000000 00:00 0 
7f5899521000-7f5899621000 rw-p 00000000 00:00 0 
7f5899621000-7f5899624000 ---p 00000000 00:00 0 
7f5899624000-7f5899722000 rw-p 00000000 00:00 0 
7f5899722000-7f5899725000 ---p 00000000 00:00 0 
7f5899725000-7f5899823000 rw-p 00000000 00:00 0 
7f5899823000-7f5899826000 ---p 00000000 00:00 0 
7f5899826000-7f5899924000 rw-p 00000000 00:00 0 
7f5899924000-7f5899927000 ---p 00000000 00:00 0 
7f5899927000-7f5899a25000 rw-p 00000000 00:00 0 
7f5899a25000-7f5899a28000 ---p 00000000 00:00 0 
7f5899a28000-7f5899b26000 rw-p 00000000 00:00 0 
7f5899b26000-7f5899b29000 ---p 00000000 00:00 0 
7f5899b29000-7f5899c27000 rw-p 00000000 00:00 0 
7f5899c27000-7f589a5e6000 r--p 00000000 08:01 17439542                   /usr/lib/locale/locale-archive
7f589a5e6000-7f589a5e9000 ---p 00000000 00:00 0 
7f589a5e9000-7f589a6e7000 rw-p 00000000 00:00 0 
7f589a6e7000-7f589a6ea000 ---p 00000000 00:00 0 
7f589a6ea000-7f589a7e8000 rw-p 00000000 00:00 0 
7f589a7e8000-7f589a7e9000 ---p 00000000 00:00 0 
7f589a7e9000-7f589c000000 rw-p 00000000 00:00 0 
7f589c000000-7f589c02b000 rw-p 00000000 00:00 0 
7f589c02b000-7f58a0000000 ---p 00000000 00:00 0 
7f58a002e000-7f58a0453000 rw-p 00000000 00:00 0 
7f58a0453000-7f58a062d000 r--s 03d6f000 08:01 17967127                   /usr/lib/jvm/java-8-oracle/jre/lib/rt.jar
7f58a062d000-7f58a0a6d000 rw-p 00000000 00:00 0 
7f58a0a6d000-7f58a0e2d000 ---p 00000000 00:00 0 
7f58a0e2d000-7f58a1000000 rw-p 00000000 00:00 0 
7f58a1000000-7f58a1270000 rwxp 00000000 00:00 0 
7f58a1270000-7f58b0000000 ---p 00000000 00:00 0 
7f58b0000000-7f58b03e2000 rw-p 00000000 00:00 0 
7f58b03e2000-7f58b4000000 ---p 00000000 00:00 0 
7f58b4001000-7f58b5ebc000 rw-p 00000000 00:00 0 
7f58b5ebc000-7f58b5ebd000 ---p 00000000 00:00 0 
7f58b5ebd000-7f58b5fbd000 rw-p 00000000 00:00 0 
7f58b5fbd000-7f58b5fbe000 ---p 00000000 00:00 0 
7f58b5fbe000-7f58b60be000 rw-p 00000000 00:00 0 
7f58b60be000-7f58b60bf000 ---p 00000000 00:00 0 
7f58b60bf000-7f58b61bf000 rw-p 00000000 00:00 0 
7f58b61bf000-7f58b61c0000 ---p 00000000 00:00 0 
7f58b61c0000-7f58b62c0000 rw-p 00000000 00:00 0 
7f58b62c0000-7f58b62c1000 ---p 00000000 00:00 0 
7f58b62c1000-7f58b63c1000 rw-p 00000000 00:00 0 
7f58b63c1000-7f58b63c2000 ---p 00000000 00:00 0 
7f58b63c2000-7f58b64c2000 rw-p 00000000 00:00 0 
7f58b64c2000-7f58b64c3000 ---p 00000000 00:00 0 
7f58b64c3000-7f58b65c3000 rw-p 00000000 00:00 0 
7f58b65c3000-7f58b65c4000 ---p 00000000 00:00 0 
7f58b65c4000-7f58b679e000 rw-p 00000000 00:00 0 
7f58b679e000-7f58b67fc000 ---p 00000000 00:00 0 
7f58b67fc000-7f58b68d6000 rw-p 00000000 00:00 0 
7f58b68d6000-7f58b6933000 ---p 00000000 00:00 0 
7f58b6933000-7f58b69cf000 rw-p 00000000 00:00 0 
7f58b69cf000-7f58b69da000 rw-p 00000000 00:00 0 
7f58b69da000-7f58b6d90000 ---p 00000000 00:00 0 
7f58b6d90000-7f58b6dab000 r-xp 00000000 08:01 18090705                   /usr/lib/jvm/java-8-oracle/jre/lib/amd64/libzip.so
7f58b6dab000-7f58b6faa000 ---p 0001b000 08:01 18090705                   /usr/lib/jvm/java-8-oracle/jre/lib/amd64/libzip.so
7f58b6faa000-7f58b6fab000 r--p 0001a000 08:01 18090705                   /usr/lib/jvm/java-8-oracle/jre/lib/amd64/libzip.so
7f58b6fab000-7f58b6fac000 rw-p 0001b000 08:01 18090705                   /usr/lib/jvm/java-8-oracle/jre/lib/amd64/libzip.so
7f58b6fac000-7f58b6fb7000 r-xp 00000000 08:01 4985510                    /lib/x86_64-linux-gnu/libnss_files-2.23.so
7f58b6fb7000-7f58b71b6000 ---p 0000b000 08:01 4985510                    /lib/x86_64-linux-gnu/libnss_files-2.23.so
7f58b71b6000-7f58b71b7000 r--p 0000a000 08:01 4985510                    /lib/x86_64-linux-gnu/libnss_files-2.23.so
7f58b71b7000-7f58b71b8000 rw-p 0000b000 08:01 4985510                    /lib/x86_64-linux-gnu/libnss_files-2.23.so
7f58b71b8000-7f58b71be000 rw-p 00000000 00:00 0 
7f58b71be000-7f58b71c9000 r-xp 00000000 08:01 4985520                    /lib/x86_64-linux-gnu/libnss_nis-2.23.so
7f58b71c9000-7f58b73c8000 ---p 0000b000 08:01 4985520                    /lib/x86_64-linux-gnu/libnss_nis-2.23.so
7f58b73c8000-7f58b73c9000 r--p 0000a000 08:01 4985520                    /lib/x86_64-linux-gnu/libnss_nis-2.23.so
7f58b73c9000-7f58b73ca000 rw-p 0000b000 08:01 4985520                    /lib/x86_64-linux-gnu/libnss_nis-2.23.so
7f58b73ca000-7f58b73e0000 r-xp 00000000 08:01 4985504                    /lib/x86_64-linux-gnu/libnsl-2.23.so
7f58b73e0000-7f58b75df000 ---p 00016000 08:01 4985504                    /lib/x86_64-linux-gnu/libnsl-2.23.so
7f58b75df000-7f58b75e0000 r--p 00015000 08:01 4985504                    /lib/x86_64-linux-gnu/libnsl-2.23.so
7f58b75e0000-7f58b75e1000 rw-p 00016000 08:01 4985504                    /lib/x86_64-linux-gnu/libnsl-2.23.so
7f58b75e1000-7f58b75e3000 rw-p 00000000 00:00 0 
7f58b75e3000-7f58b75eb000 r-xp 00000000 08:01 4985506                    /lib/x86_64-linux-gnu/libnss_compat-2.23.so
7f58b75eb000-7f58b77ea000 ---p 00008000 08:01 4985506                    /lib/x86_64-linux-gnu/libnss_compat-2.23.so
7f58b77ea000-7f58b77eb000 r--p 00007000 08:01 4985506                    /lib/x86_64-linux-gnu/libnss_compat-2.23.so
7f58b77eb000-7f58b77ec000 rw-p 00008000 08:01 4985506                    /lib/x86_64-linux-gnu/libnss_compat-2.23.so
7f58b77ec000-7f58b7818000 r-xp 00000000 08:01 18090338                   /usr/lib/jvm/java-8-oracle/jre/lib/amd64/libjava.so
7f58b7818000-7f58b7a18000 ---p 0002c000 08:01 18090338                   /usr/lib/jvm/java-8-oracle/jre/lib/amd64/libjava.so
7f58b7a18000-7f58b7a19000 r--p 0002c000 08:01 18090338                   /usr/lib/jvm/java-8-oracle/jre/lib/amd64/libjava.so
7f58b7a19000-7f58b7a1b000 rw-p 0002d000 08:01 18090338                   /usr/lib/jvm/java-8-oracle/jre/lib/amd64/libjava.so
7f58b7a1b000-7f58b7a28000 r-xp 00000000 08:01 18090704                   /usr/lib/jvm/java-8-oracle/jre/lib/amd64/libverify.so
7f58b7a28000-7f58b7c27000 ---p 0000d000 08:01 18090704                   /usr/lib/jvm/java-8-oracle/jre/lib/amd64/libverify.so
7f58b7c27000-7f58b7c29000 r--p 0000c000 08:01 18090704                   /usr/lib/jvm/java-8-oracle/jre/lib/amd64/libverify.so
7f58b7c29000-7f58b7c2a000 rw-p 0000e000 08:01 18090704                   /usr/lib/jvm/java-8-oracle/jre/lib/amd64/libverify.so
7f58b7c2a000-7f58b7c31000 r-xp 00000000 08:01 4985565                    /lib/x86_64-linux-gnu/librt-2.23.so
7f58b7c31000-7f58b7e30000 ---p 00007000 08:01 4985565                    /lib/x86_64-linux-gnu/librt-2.23.so
7f58b7e30000-7f58b7e31000 r--p 00006000 08:01 4985565                    /lib/x86_64-linux-gnu/librt-2.23.so
7f58b7e31000-7f58b7e32000 rw-p 00007000 08:01 4985565                    /lib/x86_64-linux-gnu/librt-2.23.so
7f58b7e32000-7f58b7f3a000 r-xp 00000000 08:01 4985481                    /lib/x86_64-linux-gnu/libm-2.23.so
7f58b7f3a000-7f58b8139000 ---p 00108000 08:01 4985481                    /lib/x86_64-linux-gnu/libm-2.23.so
7f58b8139000-7f58b813a000 r--p 00107000 08:01 4985481                    /lib/x86_64-linux-gnu/libm-2.23.so
7f58b813a000-7f58b813b000 rw-p 00108000 08:01 4985481                    /lib/x86_64-linux-gnu/libm-2.23.so
7f58b813b000-7f58b8e23000 r-xp 00000000 08:01 18090320                   /usr/lib/jvm/java-8-oracle/jre/lib/amd64/server/libjvm.so
7f58b8e23000-7f58b9022000 ---p 00ce8000 08:01 18090320                   /usr/lib/jvm/java-8-oracle/jre/lib/amd64/server/libjvm.so
7f58b9022000-7f58b90b8000 r--p 00ce7000 08:01 18090320                   /usr/lib/jvm/java-8-oracle/jre/lib/amd64/server/libjvm.so
7f58b90b8000-7f58b90e9000 rw-p 00d7d000 08:01 18090320                   /usr/lib/jvm/java-8-oracle/jre/lib/amd64/server/libjvm.so
7f58b90e9000-7f58b9124000 rw-p 00000000 00:00 0 
7f58b9124000-7f58b92e4000 r-xp 00000000 08:01 4985411                    /lib/x86_64-linux-gnu/libc-2.23.so
7f58b92e4000-7f58b94e4000 ---p 001c0000 08:01 4985411                    /lib/x86_64-linux-gnu/libc-2.23.so
7f58b94e4000-7f58b94e8000 r--p 001c0000 08:01 4985411                    /lib/x86_64-linux-gnu/libc-2.23.so
7f58b94e8000-7f58b94ea000 rw-p 001c4000 08:01 4985411                    /lib/x86_64-linux-gnu/libc-2.23.so
7f58b94ea000-7f58b94ee000 rw-p 00000000 00:00 0 
7f58b94ee000-7f58b94f1000 r-xp 00000000 08:01 4985435                    /lib/x86_64-linux-gnu/libdl-2.23.so
7f58b94f1000-7f58b96f0000 ---p 00003000 08:01 4985435                    /lib/x86_64-linux-gnu/libdl-2.23.so
7f58b96f0000-7f58b96f1000 r--p 00002000 08:01 4985435                    /lib/x86_64-linux-gnu/libdl-2.23.so
7f58b96f1000-7f58b96f2000 rw-p 00003000 08:01 4985435                    /lib/x86_64-linux-gnu/libdl-2.23.so
7f58b96f2000-7f58b9709000 r-xp 00000000 08:01 17699223                   /usr/lib/jvm/java-8-oracle/lib/amd64/jli/libjli.so
7f58b9709000-7f58b9908000 ---p 00017000 08:01 17699223                   /usr/lib/jvm/java-8-oracle/lib/amd64/jli/libjli.so
7f58b9908000-7f58b9909000 r--p 00016000 08:01 17699223                   /usr/lib/jvm/java-8-oracle/lib/amd64/jli/libjli.so
7f58b9909000-7f58b990a000 rw-p 00017000 08:01 17699223                   /usr/lib/jvm/java-8-oracle/lib/amd64/jli/libjli.so
7f58b990a000-7f58b9922000 r-xp 00000000 08:01 4985557                    /lib/x86_64-linux-gnu/libpthread-2.23.so
7f58b9922000-7f58b9b21000 ---p 00018000 08:01 4985557                    /lib/x86_64-linux-gnu/libpthread-2.23.so
7f58b9b21000-7f58b9b22000 r--p 00017000 08:01 4985557                    /lib/x86_64-linux-gnu/libpthread-2.23.so
7f58b9b22000-7f58b9b23000 rw-p 00018000 08:01 4985557                    /lib/x86_64-linux-gnu/libpthread-2.23.so
7f58b9b23000-7f58b9b27000 rw-p 00000000 00:00 0 
7f58b9b27000-7f58b9b4d000 r-xp 00000000 08:01 4985383                    /lib/x86_64-linux-gnu/ld-2.23.so
7f58b9b57000-7f58b9c2f000 rw-p 00000000 00:00 0 
7f58b9c2f000-7f58b9c32000 ---p 00000000 00:00 0 
7f58b9c32000-7f58b9d34000 rw-p 00000000 00:00 0 
7f58b9d39000-7f58b9d41000 r--s 000c4000 08:01 7079880                    /home/laboratorio/netbeans-8.2/ide/modules/ext/mysql-connector-java-5.1.23-bin.jar
7f58b9d41000-7f58b9d49000 rw-s 00000000 08:01 8126537                    /tmp/hsperfdata_root/24986
7f58b9d49000-7f58b9d4a000 rw-p 00000000 00:00 0 
7f58b9d4a000-7f58b9d4b000 ---p 00000000 00:00 0 
7f58b9d4b000-7f58b9d4c000 rw-p 00000000 00:00 0 
7f58b9d4c000-7f58b9d4d000 r--p 00025000 08:01 4985383                    /lib/x86_64-linux-gnu/ld-2.23.so
7f58b9d4d000-7f58b9d4e000 rw-p 00026000 08:01 4985383                    /lib/x86_64-linux-gnu/ld-2.23.so
7f58b9d4e000-7f58b9d4f000 rw-p 00000000 00:00 0 
7fff9d94d000-7fff9d96e000 rw-p 00000000 00:00 0                          [stack]
7fff9d9d2000-7fff9d9d5000 r--p 00000000 00:00 0                          [vvar]
7fff9d9d5000-7fff9d9d7000 r-xp 00000000 00:00 0                          [vdso]
ffffffffff600000-ffffffffff601000 r-xp 00000000 00:00 0                  [vsyscall]

VM Arguments:
jvm_args: -Dfile.encoding=UTF-8 
java_command: EnergyCheckUtils
java_class_path (initial): /home/laboratorio/netbeans-8.2/ide/modules/ext/mysql-connector-java-5.1.23-bin.jar:/home/laboratorio/NetBeansProjects/jRAPLEnergy/build/classes
Launcher Type: SUN_STANDARD

Environment Variables:
PATH=/usr/local/sbin:/usr/local/bin:/usr/sbin:/usr/bin:/sbin:/bin:/usr/games:/usr/local/games
USERNAME=root
LD_LIBRARY_PATH=/usr/lib/jvm/java-8-oracle/jre/lib/amd64:/usr/lib/jvm/java-8-oracle/jre/lib/i386:
SHELL=/bin/bash
DISPLAY=:0

Signal Handlers:
SIGSEGV: [libjvm.so+0xad3e60], sa_mask[0]=11111111011111111101111111111110, sa_flags=SA_RESTART|SA_SIGINFO
SIGBUS: [libjvm.so+0xad3e60], sa_mask[0]=11111111011111111101111111111110, sa_flags=SA_RESTART|SA_SIGINFO
SIGFPE: [libjvm.so+0x90b880], sa_mask[0]=11111111011111111101111111111110, sa_flags=SA_RESTART|SA_SIGINFO
SIGPIPE: [libjvm.so+0x90b880], sa_mask[0]=11111111011111111101111111111110, sa_flags=SA_RESTART|SA_SIGINFO
SIGXFSZ: [libjvm.so+0x90b880], sa_mask[0]=11111111011111111101111111111110, sa_flags=SA_RESTART|SA_SIGINFO
SIGILL: [libjvm.so+0x90b880], sa_mask[0]=11111111011111111101111111111110, sa_flags=SA_RESTART|SA_SIGINFO
SIGUSR1: SIG_DFL, sa_mask[0]=00000000000000000000000000000000, sa_flags=none
SIGUSR2: [libjvm.so+0x90b750], sa_mask[0]=00100000000000000000000000000000, sa_flags=SA_RESTART|SA_SIGINFO
SIGHUP: [libjvm.so+0x90bd70], sa_mask[0]=11111111011111111101111111111110, sa_flags=SA_RESTART|SA_SIGINFO
SIGINT: SIG_IGN, sa_mask[0]=00000000000000000000000000000000, sa_flags=none
SIGTERM: [libjvm.so+0x90bd70], sa_mask[0]=11111111011111111101111111111110, sa_flags=SA_RESTART|SA_SIGINFO
SIGQUIT: [libjvm.so+0x90bd70], sa_mask[0]=11111111011111111101111111111110, sa_flags=SA_RESTART|SA_SIGINFO


---------------  S Y S T E M  ---------------

OS:DISTRIB_ID=Ubuntu
DISTRIB_RELEASE=16.04
DISTRIB_CODENAME=xenial
DISTRIB_DESCRIPTION="Ubuntu 16.04.5 LTS"

uname:Linux 4.15.0-76-generic #86~16.04.1-Ubuntu SMP Mon Jan 20 11:02:50 UTC 2020 x86_64
libc:glibc 2.23 NPTL 2.23 
rlimit: STACK 8192k, CORE 0k, NPROC 14687, NOFILE 1048576, AS infinity
load average:3,89 2,45 1,31

/proc/meminfo:
MemTotal:        3821048 kB
MemFree:          112928 kB
MemAvailable:      39764 kB
Buffers:            1668 kB
Cached:           313764 kB
SwapCached:         2996 kB
Active:          2889176 kB
Inactive:         598448 kB
Active(anon):    2869360 kB
Inactive(anon):   572540 kB
Active(file):      19816 kB
Inactive(file):    25908 kB
Unevictable:          48 kB
Mlocked:              48 kB
SwapTotal:        998396 kB
SwapFree:              0 kB
Dirty:                64 kB
Writeback:           848 kB
AnonPages:       3169684 kB
Mapped:           228924 kB
Shmem:            269560 kB
Slab:              99164 kB
SReclaimable:      43220 kB
SUnreclaim:        55944 kB
KernelStack:       17184 kB
PageTables:        57288 kB
NFS_Unstable:          0 kB
Bounce:                0 kB
WritebackTmp:          0 kB
CommitLimit:     2908920 kB
Committed_AS:   11364552 kB
VmallocTotal:   34359738367 kB
VmallocUsed:           0 kB
VmallocChunk:          0 kB
HardwareCorrupted:     0 kB
AnonHugePages:         0 kB
ShmemHugePages:        0 kB
ShmemPmdMapped:        0 kB
CmaTotal:              0 kB
CmaFree:               0 kB
HugePages_Total:       0
HugePages_Free:        0
HugePages_Rsvd:        0
HugePages_Surp:        0
Hugepagesize:       2048 kB
DirectMap4k:      169320 kB
DirectMap2M:     3805184 kB

container (cgroup) information:
container_type: cgroupv1
cpu_cpuset_cpus: 0-7
cpu_memory_nodes: 0
active_processor_count: 8
cpu_quota: -1
cpu_period: 100000
cpu_shares: -1
memory_limit_in_bytes: -1
memory_and_swap_limit_in_bytes: -2
memory_soft_limit_in_bytes: -1
memory_usage_in_bytes: 3571941376
memory_max_usage_in_bytes: 0


CPU:total 8 (initial active 8) (4 cores per cpu, 2 threads per core) family 6 model 58 stepping 9, cmov, cx8, fxsr, mmx, sse, sse2, sse3, ssse3, sse4.1, sse4.2, popcnt, avx, aes, clmul, erms, ht, tsc, tscinvbit, tscinv

/proc/cpuinfo:
processor	: 0
vendor_id	: GenuineIntel
cpu family	: 6
model		: 58
model name	: Intel(R) Core(TM) i7-3770 CPU @ 3.40GHz
stepping	: 9
microcode	: 0x21
cpu MHz		: 1749.736
cache size	: 8192 KB
physical id	: 0
siblings	: 8
core id		: 0
cpu cores	: 4
apicid		: 0
initial apicid	: 0
fpu		: yes
fpu_exception	: yes
cpuid level	: 13
wp		: yes
flags		: fpu vme de pse tsc msr pae mce cx8 apic sep mtrr pge mca cmov pat pse36 clflush dts acpi mmx fxsr sse sse2 ss ht tm pbe syscall nx rdtscp lm constant_tsc arch_perfmon pebs bts rep_good nopl xtopology nonstop_tsc cpuid aperfmperf pni pclmulqdq dtes64 monitor ds_cpl vmx smx est tm2 ssse3 cx16 xtpr pdcm pcid sse4_1 sse4_2 x2apic popcnt tsc_deadline_timer aes xsave avx f16c rdrand lahf_lm cpuid_fault epb pti ssbd ibrs ibpb stibp tpr_shadow vnmi flexpriority ept vpid fsgsbase smep erms xsaveopt dtherm ida arat pln pts md_clear flush_l1d
bugs		: cpu_meltdown spectre_v1 spectre_v2 spec_store_bypass l1tf mds swapgs itlb_multihit
bogomips	: 6784.73
clflush size	: 64
cache_alignment	: 64
address sizes	: 36 bits physical, 48 bits virtual
power management:

processor	: 1
vendor_id	: GenuineIntel
cpu family	: 6
model		: 58
model name	: Intel(R) Core(TM) i7-3770 CPU @ 3.40GHz
stepping	: 9
microcode	: 0x21
cpu MHz		: 2979.051
cache size	: 8192 KB
physical id	: 0
siblings	: 8
core id		: 1
cpu cores	: 4
apicid		: 2
initial apicid	: 2
fpu		: yes
fpu_exception	: yes
cpuid level	: 13
wp		: yes
flags		: fpu vme de pse tsc msr pae mce cx8 apic sep mtrr pge mca cmov pat pse36 clflush dts acpi mmx fxsr sse sse2 ss ht tm pbe syscall nx rdtscp lm constant_tsc arch_perfmon pebs bts rep_good nopl xtopology nonstop_tsc cpuid aperfmperf pni pclmulqdq dtes64 monitor ds_cpl vmx smx est tm2 ssse3 cx16 xtpr pdcm pcid sse4_1 sse4_2 x2apic popcnt tsc_deadline_timer aes xsave avx f16c rdrand lahf_lm cpuid_fault epb pti ssbd ibrs ibpb stibp tpr_shadow vnmi flexpriority ept vpid fsgsbase smep erms xsaveopt dtherm ida arat pln pts md_clear flush_l1d
bugs		: cpu_meltdown spectre_v1 spectre_v2 spec_store_bypass l1tf mds swapgs itlb_multihit
bogomips	: 6784.73
clflush size	: 64
cache_alignment	: 64
address sizes	: 36 bits physical, 48 bits virtual
power management:

processor	: 2
vendor_id	: GenuineIntel
cpu family	: 6
model		: 58
model name	: Intel(R) Core(TM) i7-3770 CPU @ 3.40GHz
stepping	: 9
microcode	: 0x21
cpu MHz		: 2890.160
cache size	: 8192 KB
physical id	: 0
siblings	: 8
core id		: 2
cpu cores	: 4
apicid		: 4
initial apicid	: 4
fpu		: yes
fpu_exception	: yes
cpuid level	: 13
wp		: yes
flags		: fpu vme de pse tsc msr pae mce cx8 apic sep mtrr pge mca cmov pat pse36 clflush dts acpi mmx fxsr sse sse2 ss ht tm pbe syscall nx rdtscp lm constant_tsc arch_perfmon pebs bts rep_good nopl xtopology nonstop_tsc cpuid aperfmperf pni pclmulqdq dtes64 monitor ds_cpl vmx smx est tm2 ssse3 cx16 xtpr pdcm pcid sse4_1 sse4_2 x2apic popcnt tsc_deadline_timer aes xsave avx f16c rdrand lahf_lm cpuid_fault epb pti ssbd ibrs ibpb stibp tpr_shadow vnmi flexpriority ept vpid fsgsbase smep erms xsaveopt dtherm ida arat pln pts md_clear flush_l1d
bugs		: cpu_meltdown spectre_v1 spectre_v2 spec_store_bypass l1tf mds swapgs itlb_multihit
bogomips	: 6784.73
clflush size	: 64
cache_alignment	: 64
address sizes	: 36 bits physical, 48 bits virtual
power management:

processor	: 3
vendor_id	: GenuineIntel
cpu family	: 6
model		: 58
model name	: Intel(R) Core(TM) i7-3770 CPU @ 3.40GHz
stepping	: 9
microcode	: 0x21
cpu MHz		: 2809.479
cache size	: 8192 KB
physical id	: 0
siblings	: 8
core id		: 3
cpu cores	: 4
apicid		: 6
initial apicid	: 6
fpu		: yes
fpu_exception	: yes
cpuid level	: 13
wp		: yes
flags		: fpu vme de pse tsc msr pae mce cx8 apic sep mtrr pge mca cmov pat pse36 clflush dts acpi mmx fxsr sse sse2 ss ht tm pbe syscall nx rdtscp lm constant_tsc arch_perfmon pebs bts rep_good nopl xtopology nonstop_tsc cpuid aperfmperf pni pclmulqdq dtes64 monitor ds_cpl vmx smx est tm2 ssse3 cx16 xtpr pdcm pcid sse4_1 sse4_2 x2apic popcnt tsc_deadline_timer aes xsave avx f16c rdrand lahf_lm cpuid_fault epb pti ssbd ibrs ibpb stibp tpr_shadow vnmi flexpriority ept vpid fsgsbase smep erms xsaveopt dtherm ida arat pln pts md_clear flush_l1d
bugs		: cpu_meltdown spectre_v1 spectre_v2 spec_store_bypass l1tf mds swapgs itlb_multihit
bogomips	: 6784.73
clflush size	: 64
cache_alignment	: 64
address sizes	: 36 bits physical, 48 bits virtual
power management:

processor	: 4
vendor_id	: GenuineIntel
cpu family	: 6
model		: 58
model name	: Intel(R) Core(TM) i7-3770 CPU @ 3.40GHz
stepping	: 9
microcode	: 0x21
cpu MHz		: 1990.848
cache size	: 8192 KB
physical id	: 0
siblings	: 8
core id		: 0
cpu cores	: 4
apicid		: 1
initial apicid	: 1
fpu		: yes
fpu_exception	: yes
cpuid level	: 13
wp		: yes
flags		: fpu vme de pse tsc msr pae mce cx8 apic sep mtrr pge mca cmov pat pse36 clflush dts acpi mmx fxsr sse sse2 ss ht tm pbe syscall nx rdtscp lm constant_tsc arch_perfmon pebs bts rep_good nopl xtopology nonstop_tsc cpuid aperfmperf pni pclmulqdq dtes64 monitor ds_cpl vmx smx est tm2 ssse3 cx16 xtpr pdcm pcid sse4_1 sse4_2 x2apic popcnt tsc_deadline_timer aes xsave avx f16c rdrand lahf_lm cpuid_fault epb pti ssbd ibrs ibpb stibp tpr_shadow vnmi flexpriority ept vpid fsgsbase smep erms xsaveopt dtherm ida arat pln pts md_clear flush_l1d
bugs		: cpu_meltdown spectre_v1 spectre_v2 spec_store_bypass l1tf mds swapgs itlb_multihit
bogomips	: 6784.73
clflush size	: 64
cache_alignment	: 64
address sizes	: 36 bits physical, 48 bits virtual
power management:

processor	: 5
vendor_id	: GenuineIntel
cpu family	: 6
model		: 58
model name	: Intel(R) Core(TM) i7-3770 CPU @ 3.40GHz
stepping	: 9
microcode	: 0x21
cpu MHz		: 1899.002
cache size	: 8192 KB
physical id	: 0
siblings	: 8
core id		: 1
cpu cores	: 4
apicid		: 3
initial apicid	: 3
fpu		: yes
fpu_exception	: yes
cpuid level	: 13
wp		: yes
flags		: fpu vme de pse tsc msr pae mce cx8 apic sep mtrr pge mca cmov pat pse36 clflush dts acpi mmx fxsr sse sse2 ss ht tm pbe syscall nx rdtscp lm constant_tsc arch_perfmon pebs bts rep_good nopl xtopology nonstop_tsc cpuid aperfmperf pni pclmulqdq dtes64 monitor ds_cpl vmx smx est tm2 ssse3 cx16 xtpr pdcm pcid sse4_1 sse4_2 x2apic popcnt tsc_deadline_timer aes xsave avx f16c rdrand lahf_lm cpuid_fault epb pti ssbd ibrs ibpb stibp tpr_shadow vnmi flexpriority ept vpid fsgsbase smep erms xsaveopt dtherm ida arat pln pts md_clear flush_l1d
bugs		: cpu_meltdown spectre_v1 spectre_v2 spec_store_bypass l1tf mds swapgs itlb_multihit
bogomips	: 6784.73
clflush size	: 64
cache_alignment	: 64
address sizes	: 36 bits physical, 48 bits virtual
power management:

processor	: 6
vendor_id	: GenuineIntel
cpu family	: 6
model		: 58
model name	: Intel(R) Core(TM) i7-3770 CPU @ 3.40GHz
stepping	: 9
microcode	: 0x21
cpu MHz		: 2230.983
cache size	: 8192 KB
physical id	: 0
siblings	: 8
core id		: 2
cpu cores	: 4
apicid		: 5
initial apicid	: 5
fpu		: yes
fpu_exception	: yes
cpuid level	: 13
wp		: yes
flags		: fpu vme de pse tsc msr pae mce cx8 apic sep mtrr pge mca cmov pat pse36 clflush dts acpi mmx fxsr sse sse2 ss ht tm pbe syscall nx rdtscp lm constant_tsc arch_perfmon pebs bts rep_good nopl xtopology nonstop_tsc cpuid aperfmperf pni pclmulqdq dtes64 monitor ds_cpl vmx smx est tm2 ssse3 cx16 xtpr pdcm pcid sse4_1 sse4_2 x2apic popcnt tsc_deadline_timer aes xsave avx f16c rdrand lahf_lm cpuid_fault epb pti ssbd ibrs ibpb stibp tpr_shadow vnmi flexpriority ept vpid fsgsbase smep erms xsaveopt dtherm ida arat pln pts md_clear flush_l1d
bugs		: cpu_meltdown spectre_v1 spectre_v2 spec_store_bypass l1tf mds swapgs itlb_multihit
bogomips	: 6784.73
clflush size	: 64
cache_alignment	: 64
address sizes	: 36 bits physical, 48 bits virtual
power management:

processor	: 7
vendor_id	: GenuineIntel
cpu family	: 6
model		: 58
model name	: Intel(R) Core(TM) i7-3770 CPU @ 3.40GHz
stepping	: 9
microcode	: 0x21
cpu MHz		: 2299.207
cache size	: 8192 KB
physical id	: 0
siblings	: 8
core id		: 3
cpu cores	: 4
apicid		: 7
initial apicid	: 7
fpu		: yes
fpu_exception	: yes
cpuid level	: 13
wp		: yes
flags		: fpu vme de pse tsc msr pae mce cx8 apic sep mtrr pge mca cmov pat pse36 clflush dts acpi mmx fxsr sse sse2 ss ht tm pbe syscall nx rdtscp lm constant_tsc arch_perfmon pebs bts rep_good nopl xtopology nonstop_tsc cpuid aperfmperf pni pclmulqdq dtes64 monitor ds_cpl vmx smx est tm2 ssse3 cx16 xtpr pdcm pcid sse4_1 sse4_2 x2apic popcnt tsc_deadline_timer aes xsave avx f16c rdrand lahf_lm cpuid_fault epb pti ssbd ibrs ibpb stibp tpr_shadow vnmi flexpriority ept vpid fsgsbase smep erms xsaveopt dtherm ida arat pln pts md_clear flush_l1d
bugs		: cpu_meltdown spectre_v1 spectre_v2 spec_store_bypass l1tf mds swapgs itlb_multihit
bogomips	: 6784.73
clflush size	: 64
cache_alignment	: 64
address sizes	: 36 bits physical, 48 bits virtual
power management:



Memory: 4k page, physical 3821048k(112680k free), swap 998396k(0k free)

vm_info: Java HotSpot(TM) 64-Bit Server VM (25.201-b09) for linux-amd64 JRE (1.8.0_201-b09), built on Dec 15 2018 11:35:59 by "java_re" with gcc 7.3.0

time: Mon Feb 10 19:33:23 2020
timezone: -05
elapsed time: 271 seconds (0d 0h 4m 31s)

