#
# There is insufficient memory for the Java Runtime Environment to continue.
# Native memory allocation (mmap) failed to map 48234496 bytes for committing reserved memory.
# Possible reasons:
#   The system is out of physical RAM or swap space
#   The process is running with CompressedOops enabled, and the Java Heap may be blocking the growth of the native heap
# Possible solutions:
#   Reduce memory load on the system
#   Increase physical memory or swap space
#   Check if swap backing store is full
#   Decrease Java heap size (-Xmx/-Xms)
#   Decrease number of Java threads
#   Decrease Java thread stack sizes (-Xss)
#   Set larger code cache with -XX:ReservedCodeCacheSize=
#   JVM is running with Unscaled Compressed Oops mode in which the Java heap is
#     placed in the first 4GB address space. The Java Heap base address is the
#     maximum limit for the native heap growth. Please use -XX:HeapBaseMinAddress
#     to set the Java Heap base and to place the Java Heap above 4GB virtual address.
# This output file may be truncated or incomplete.
#
#  Out of Memory Error (os_linux.cpp:2749), pid=15839, tid=0x00007fbb7e4e4700
#
# JRE version: Java(TM) SE Runtime Environment (8.0_201-b09) (build 1.8.0_201-b09)
# Java VM: Java HotSpot(TM) 64-Bit Server VM (25.201-b09 mixed mode linux-amd64 compressed oops)
# Failed to write core dump. Core dumps have been disabled. To enable core dumping, try "ulimit -c unlimited" before starting Java again
#

---------------  T H R E A D  ---------------

Current thread (0x00007fbbac1c7800):  VMThread [stack: 0x00007fbb7e3e4000,0x00007fbb7e4e5000] [id=15943]

Stack: [0x00007fbb7e3e4000,0x00007fbb7e4e5000],  sp=0x00007fbb7e4e3430,  free space=1021k
Native frames: (J=compiled Java code, j=interpreted, Vv=VM code, C=native code)
V  [libjvm.so+0xad3525]  VMError::report_and_die()+0x2e5
V  [libjvm.so+0x4e0457]  report_vm_out_of_memory(char const*, int, unsigned long, VMErrorType, char const*)+0x67
V  [libjvm.so+0x9102f0]  os::pd_commit_memory(char*, unsigned long, unsigned long, bool)+0x100
V  [libjvm.so+0x90791f]  os::commit_memory(char*, unsigned long, unsigned long, bool)+0x1f
V  [libjvm.so+0x98c806]  PSVirtualSpace::expand_by(unsigned long)+0x56
V  [libjvm.so+0x97badb]  PSOldGen::expand_by(unsigned long) [clone .part.28]+0x1b
V  [libjvm.so+0x97bc98]  PSOldGen::expand(unsigned long) [clone .part.29]+0xa8
V  [libjvm.so+0x97c841]  PSOldGen::resize(unsigned long)+0xe1
V  [libjvm.so+0x98297c]  PSParallelCompact::invoke_no_policy(bool) [clone .part.118]+0xa2c
V  [libjvm.so+0x98a795]  PSScavenge::invoke()+0x215
V  [libjvm.so+0x93a318]  ParallelScavengeHeap::failed_mem_allocate(unsigned long)+0x68
V  [libjvm.so+0xad5073]  VM_ParallelGCFailedAllocation::doit()+0x93
V  [libjvm.so+0xada296]  VM_Operation::evaluate()+0x46
V  [libjvm.so+0xad85cd]  VMThread::evaluate_operation(VM_Operation*) [clone .constprop.44]+0xcd
V  [libjvm.so+0xad8bb3]  VMThread::loop()+0x3a3
V  [libjvm.so+0xad8f88]  VMThread::run()+0x78
V  [libjvm.so+0x90d922]  java_start(Thread*)+0x102

VM_Operation (0x00007fbbb3b4c8a0): ParallelGCFailedAllocation, mode: safepoint, requested by thread 0x00007fbbac00a800


---------------  P R O C E S S  ---------------

Java Threads: ( => current thread )
  0x00007fbbac213000 JavaThread "Service Thread" daemon [_thread_blocked, id=16016, stack(0x00007fbb7d21d000,0x00007fbb7d31e000)]
  0x00007fbbac210000 JavaThread "C1 CompilerThread3" daemon [_thread_blocked, id=16002, stack(0x00007fbb7d31e000,0x00007fbb7d41f000)]
  0x00007fbbac20e000 JavaThread "C2 CompilerThread2" daemon [_thread_blocked, id=15995, stack(0x00007fbb7d41f000,0x00007fbb7d520000)]
  0x00007fbbac20c000 JavaThread "C2 CompilerThread1" daemon [_thread_blocked, id=15987, stack(0x00007fbb7d520000,0x00007fbb7d621000)]
  0x00007fbbac209800 JavaThread "C2 CompilerThread0" daemon [_thread_blocked, id=15981, stack(0x00007fbb7d621000,0x00007fbb7d722000)]
  0x00007fbbac208000 JavaThread "Signal Dispatcher" daemon [_thread_blocked, id=15976, stack(0x00007fbb7d722000,0x00007fbb7d823000)]
  0x00007fbbac1d4000 JavaThread "Finalizer" daemon [_thread_blocked, id=15957, stack(0x00007fbb7e1e2000,0x00007fbb7e2e3000)]
  0x00007fbbac1d1800 JavaThread "Reference Handler" daemon [_thread_blocked, id=15954, stack(0x00007fbb7e2e3000,0x00007fbb7e3e4000)]
  0x00007fbbac00a800 JavaThread "main" [_thread_blocked, id=15853, stack(0x00007fbbb3a4d000,0x00007fbbb3b4e000)]

Other Threads:
=>0x00007fbbac1c7800 VMThread [stack: 0x00007fbb7e3e4000,0x00007fbb7e4e5000] [id=15943]
  0x00007fbbac215800 WatcherThread [stack: 0x00007fbb7d11c000,0x00007fbb7d21d000] [id=16024]

VM state:at safepoint (normal execution)

VM Mutex/Monitor currently owned by a thread:  ([mutex/lock_event])
[0x00007fbbac0065e0] ExpandHeap_lock - owner thread: 0x00007fbbac1c7800
[0x00007fbbac006c60] Threads_lock - owner thread: 0x00007fbbac1c7800
[0x00007fbbac007160] Heap_lock - owner thread: 0x00007fbbac00a800

heap address: 0x00000000c5a00000, size: 934 MB, Compressed Oops mode: 32-bit
Narrow klass base: 0x0000000000000000, Narrow klass shift: 3
Compressed class space size: 1073741824 Address: 0x0000000100000000

Heap:
 PSYoungGen      total 47616K, used 0K [0x00000000ec900000, 0x00000000f0a00000, 0x0000000100000000)
  eden space 45056K, 0% used [0x00000000ec900000,0x00000000ec900000,0x00000000ef500000)
  from space 2560K, 0% used [0x00000000f0780000,0x00000000f0780000,0x00000000f0a00000)
  to   space 2560K, 0% used [0x00000000f0500000,0x00000000f0500000,0x00000000f0780000)
 ParOldGen       total 89600K, used 59642K [0x00000000c5a00000, 0x00000000cb180000, 0x00000000ec900000)
  object space 89600K, 66% used [0x00000000c5a00000,0x00000000c943eb10,0x00000000cb180000)
 Metaspace       used 2863K, capacity 4486K, committed 4864K, reserved 1056768K
  class space    used 308K, capacity 386K, committed 512K, reserved 1048576K

Card table byte_map: [0x00007fbbb061a000,0x00007fbbb07ee000] byte_map_base: 0x00007fbbaffed000

Marking Bits: (ParMarkBitMap*) 0x00007fbbb2f24d80
 Begin Bits: [0x00007fbb762d0000, 0x00007fbb77168000)
 End Bits:   [0x00007fbb77168000, 0x00007fbb78000000)

Polling page: 0x00007fbbb3b69000

CodeCache: size=245760Kb used=1107Kb max_used=1119Kb free=244652Kb
 bounds [0x00007fbb9d000000, 0x00007fbb9d270000, 0x00007fbbac000000]
 total_blobs=259 nmethods=28 adapters=146
 compilation: enabled

Compilation events (10 events):
Event: 0,291 Thread 0x00007fbbac20c000   24       4       java.util.ArrayList::add (29 bytes)
Event: 0,293 Thread 0x00007fbbac20c000 nmethod 24 0x00007fbb9d1145d0 code [0x00007fbb9d114740, 0x00007fbb9d1148c8]
Event: 0,293 Thread 0x00007fbbac20c000   25       4       java.lang.Integer::valueOf (32 bytes)
Event: 0,293 Thread 0x00007fbbac20c000 nmethod 25 0x00007fbb9d114a90 code [0x00007fbb9d114be0, 0x00007fbb9d114cb8]
Event: 0,299 Thread 0x00007fbbac210000   26 %     3       algoritmo.Algoritmo::main @ 10 (57 bytes)
Event: 0,300 Thread 0x00007fbbac210000 nmethod 26% 0x00007fbb9d113610 code [0x00007fbb9d113800, 0x00007fbb9d1140f8]
Event: 0,306 Thread 0x00007fbbac210000   27       3       algoritmo.Algoritmo::main (57 bytes)
Event: 0,307 Thread 0x00007fbbac210000 nmethod 27 0x00007fbb9d1120d0 code [0x00007fbb9d112300, 0x00007fbb9d112ea8]
Event: 0,308 Thread 0x00007fbbac20c000   28 %     4       algoritmo.Algoritmo::main @ 10 (57 bytes)
Event: 0,312 Thread 0x00007fbbac20c000 nmethod 28% 0x00007fbb9d111850 code [0x00007fbb9d1119e0, 0x00007fbb9d111cc8]

GC Heap History (10 events):
Event: 0,535 GC heap after
Heap after GC invocations=1 (full 0):
 PSYoungGen      total 17920K, used 2558K [0x00000000ec900000, 0x00000000eec00000, 0x0000000100000000)
  eden space 15360K, 0% used [0x00000000ec900000,0x00000000ec900000,0x00000000ed800000)
  from space 2560K, 99% used [0x00000000ed800000,0x00000000eda7f918,0x00000000eda80000)
  to   space 2560K, 0% used [0x00000000ee980000,0x00000000ee980000,0x00000000eec00000)
 ParOldGen       total 40960K, used 8144K [0x00000000c5a00000, 0x00000000c8200000, 0x00000000ec900000)
  object space 40960K, 19% used [0x00000000c5a00000,0x00000000c61f4000,0x00000000c8200000)
 Metaspace       used 2863K, capacity 4486K, committed 4864K, reserved 1056768K
  class space    used 308K, capacity 386K, committed 512K, reserved 1048576K
}
Event: 0,622 GC heap before
{Heap before GC invocations=2 (full 0):
 PSYoungGen      total 17920K, used 17918K [0x00000000ec900000, 0x00000000eec00000, 0x0000000100000000)
  eden space 15360K, 100% used [0x00000000ec900000,0x00000000ed800000,0x00000000ed800000)
  from space 2560K, 99% used [0x00000000ed800000,0x00000000eda7f918,0x00000000eda80000)
  to   space 2560K, 0% used [0x00000000ee980000,0x00000000ee980000,0x00000000eec00000)
 ParOldGen       total 40960K, used 8144K [0x00000000c5a00000, 0x00000000c8200000, 0x00000000ec900000)
  object space 40960K, 19% used [0x00000000c5a00000,0x00000000c61f4000,0x00000000c8200000)
 Metaspace       used 2863K, capacity 4486K, committed 4864K, reserved 1056768K
  class space    used 308K, capacity 386K, committed 512K, reserved 1048576K
Event: 0,690 GC heap after
Heap after GC invocations=2 (full 0):
 PSYoungGen      total 33280K, used 2528K [0x00000000ec900000, 0x00000000eec00000, 0x0000000100000000)
  eden space 30720K, 0% used [0x00000000ec900000,0x00000000ec900000,0x00000000ee700000)
  from space 2560K, 98% used [0x00000000ee980000,0x00000000eebf8020,0x00000000eec00000)
  to   space 2560K, 0% used [0x00000000ee700000,0x00000000ee700000,0x00000000ee980000)
 ParOldGen       total 40960K, used 18316K [0x00000000c5a00000, 0x00000000c8200000, 0x00000000ec900000)
  object space 40960K, 44% used [0x00000000c5a00000,0x00000000c6be3010,0x00000000c8200000)
 Metaspace       used 2863K, capacity 4486K, committed 4864K, reserved 1056768K
  class space    used 308K, capacity 386K, committed 512K, reserved 1048576K
}
Event: 0,906 GC heap before
{Heap before GC invocations=3 (full 0):
 PSYoungGen      total 33280K, used 33248K [0x00000000ec900000, 0x00000000eec00000, 0x0000000100000000)
  eden space 30720K, 100% used [0x00000000ec900000,0x00000000ee700000,0x00000000ee700000)
  from space 2560K, 98% used [0x00000000ee980000,0x00000000eebf8020,0x00000000eec00000)
  to   space 2560K, 0% used [0x00000000ee700000,0x00000000ee700000,0x00000000ee980000)
 ParOldGen       total 40960K, used 18316K [0x00000000c5a00000, 0x00000000c8200000, 0x00000000ec900000)
  object space 40960K, 44% used [0x00000000c5a00000,0x00000000c6be3010,0x00000000c8200000)
 Metaspace       used 2863K, capacity 4486K, committed 4864K, reserved 1056768K
  class space    used 308K, capacity 386K, committed 512K, reserved 1048576K
Event: 1,052 GC heap after
Heap after GC invocations=3 (full 0):
 PSYoungGen      total 33280K, used 2528K [0x00000000ec900000, 0x00000000f0a00000, 0x0000000100000000)
  eden space 30720K, 0% used [0x00000000ec900000,0x00000000ec900000,0x00000000ee700000)
  from space 2560K, 98% used [0x00000000ee700000,0x00000000ee978020,0x00000000ee980000)
  to   space 2560K, 0% used [0x00000000f0780000,0x00000000f0780000,0x00000000f0a00000)
 ParOldGen       total 41984K, used 41967K [0x00000000c5a00000, 0x00000000c8300000, 0x00000000ec900000)
  object space 41984K, 99% used [0x00000000c5a00000,0x00000000c82fbc18,0x00000000c8300000)
 Metaspace       used 2863K, capacity 4486K, committed 4864K, reserved 1056768K
  class space    used 308K, capacity 386K, committed 512K, reserved 1048576K
}
Event: 1,052 GC heap before
{Heap before GC invocations=4 (full 1):
 PSYoungGen      total 33280K, used 2528K [0x00000000ec900000, 0x00000000f0a00000, 0x0000000100000000)
  eden space 30720K, 0% used [0x00000000ec900000,0x00000000ec900000,0x00000000ee700000)
  from space 2560K, 98% used [0x00000000ee700000,0x00000000ee978020,0x00000000ee980000)
  to   space 2560K, 0% used [0x00000000f0780000,0x00000000f0780000,0x00000000f0a00000)
 ParOldGen       total 41984K, used 41967K [0x00000000c5a00000, 0x00000000c8300000, 0x00000000ec900000)
  object space 41984K, 99% used [0x00000000c5a00000,0x00000000c82fbc18,0x00000000c8300000)
 Metaspace       used 2863K, capacity 4486K, committed 4864K, reserved 1056768K
  class space    used 308K, capacity 386K, committed 512K, reserved 1048576K
Event: 2,195 GC heap after
Heap after GC invocations=4 (full 1):
 PSYoungGen      total 33280K, used 0K [0x00000000ec900000, 0x00000000f0a00000, 0x0000000100000000)
  eden space 30720K, 0% used [0x00000000ec900000,0x00000000ec900000,0x00000000ee700000)
  from space 2560K, 0% used [0x00000000ee700000,0x00000000ee700000,0x00000000ee980000)
  to   space 2560K, 0% used [0x00000000f0780000,0x00000000f0780000,0x00000000f0a00000)
 ParOldGen       total 89600K, used 39606K [0x00000000c5a00000, 0x00000000cb180000, 0x00000000ec900000)
  object space 89600K, 44% used [0x00000000c5a00000,0x00000000c80ad8a8,0x00000000cb180000)
 Metaspace       used 2863K, capacity 4486K, committed 4864K, reserved 1056768K
  class space    used 308K, capacity 386K, committed 512K, reserved 1048576K
}
Event: 2,258 GC heap before
{Heap before GC invocations=5 (full 1):
 PSYoungGen      total 33280K, used 30720K [0x00000000ec900000, 0x00000000f0a00000, 0x0000000100000000)
  eden space 30720K, 100% used [0x00000000ec900000,0x00000000ee700000,0x00000000ee700000)
  from space 2560K, 0% used [0x00000000ee700000,0x00000000ee700000,0x00000000ee980000)
  to   space 2560K, 0% used [0x00000000f0780000,0x00000000f0780000,0x00000000f0a00000)
 ParOldGen       total 89600K, used 39606K [0x00000000c5a00000, 0x00000000cb180000, 0x00000000ec900000)
  object space 89600K, 44% used [0x00000000c5a00000,0x00000000c80ad8a8,0x00000000cb180000)
 Metaspace       used 2863K, capacity 4486K, committed 4864K, reserved 1056768K
  class space    used 308K, capacity 386K, committed 512K, reserved 1048576K
Event: 8,908 GC heap after
Heap after GC invocations=5 (full 1):
 PSYoungGen      total 47616K, used 2560K [0x00000000ec900000, 0x00000000f0a00000, 0x0000000100000000)
  eden space 45056K, 0% used [0x00000000ec900000,0x00000000ec900000,0x00000000ef500000)
  from space 2560K, 100% used [0x00000000f0780000,0x00000000f0a00000,0x00000000f0a00000)
  to   space 2560K, 0% used [0x00000000f0500000,0x00000000f0500000,0x00000000f0780000)
 ParOldGen       total 89600K, used 67830K [0x00000000c5a00000, 0x00000000cb180000, 0x00000000ec900000)
  object space 89600K, 75% used [0x00000000c5a00000,0x00000000c9c3daa8,0x00000000cb180000)
 Metaspace       used 2863K, capacity 4486K, committed 4864K, reserved 1056768K
  class space    used 308K, capacity 386K, committed 512K, reserved 1048576K
}
Event: 8,908 GC heap before
{Heap before GC invocations=6 (full 2):
 PSYoungGen      total 47616K, used 2560K [0x00000000ec900000, 0x00000000f0a00000, 0x0000000100000000)
  eden space 45056K, 0% used [0x00000000ec900000,0x00000000ec900000,0x00000000ef500000)
  from space 2560K, 100% used [0x00000000f0780000,0x00000000f0a00000,0x00000000f0a00000)
  to   space 2560K, 0% used [0x00000000f0500000,0x00000000f0500000,0x00000000f0780000)
 ParOldGen       total 89600K, used 67830K [0x00000000c5a00000, 0x00000000cb180000, 0x00000000ec900000)
  object space 89600K, 75% used [0x00000000c5a00000,0x00000000c9c3daa8,0x00000000cb180000)
 Metaspace       used 2863K, capacity 4486K, committed 4864K, reserved 1056768K
  class space    used 308K, capacity 386K, committed 512K, reserved 1048576K

Deoptimization events (0 events):
No events

Classes redefined (0 events):
No events

Internal exceptions (2 events):
Event: 0,051 Thread 0x00007fbbac00a800 Exception <a 'java/lang/NoSuchMethodError': Method sun.misc.Unsafe.defineClass(Ljava/lang/String;[BII)Ljava/lang/Class; name or signature does not match> (0x00000000ec907cb0) thrown at [/HUDSON/workspace/8-2-build-linux-amd64/jdk8u201/12317/hotspot/src/sh
Event: 0,051 Thread 0x00007fbbac00a800 Exception <a 'java/lang/NoSuchMethodError': Method sun.misc.Unsafe.prefetchRead(Ljava/lang/Object;J)V name or signature does not match> (0x00000000ec907f98) thrown at [/HUDSON/workspace/8-2-build-linux-amd64/jdk8u201/12317/hotspot/src/share/vm/prims/jni.c

Events (10 events):
Event: 0,284 loading class java/lang/Void done
Event: 0,312 Thread 0x00007fbbac00a800 DEOPT PACKING pc=0x00007fbb9d113fd0 sp=0x00007fbbb3b4c9a0
Event: 0,312 Thread 0x00007fbbac00a800 DEOPT UNPACKING pc=0x00007fbb9d047784 sp=0x00007fbbb3b4c738 mode 0
Event: 0,477 Executing VM operation: ParallelGCFailedAllocation
Event: 0,535 Executing VM operation: ParallelGCFailedAllocation done
Event: 0,622 Executing VM operation: ParallelGCFailedAllocation
Event: 0,691 Executing VM operation: ParallelGCFailedAllocation done
Event: 0,906 Executing VM operation: ParallelGCFailedAllocation
Event: 2,199 Executing VM operation: ParallelGCFailedAllocation done
Event: 2,258 Executing VM operation: ParallelGCFailedAllocation


Dynamic libraries:
00400000-00401000 r-xp 00000000 08:01 17829650                           /usr/lib/jvm/java-8-oracle/jre/bin/java
00600000-00601000 r--p 00000000 08:01 17829650                           /usr/lib/jvm/java-8-oracle/jre/bin/java
00601000-00602000 rw-p 00001000 08:01 17829650                           /usr/lib/jvm/java-8-oracle/jre/bin/java
01f20000-01f41000 rw-p 00000000 00:00 0                                  [heap]
c5a00000-cb180000 rw-p 00000000 00:00 0 
cdf80000-ec900000 ---p 00000000 00:00 0 
ec900000-f0a00000 rw-p 00000000 00:00 0 
f0a00000-100000000 ---p 00000000 00:00 0 
100000000-100080000 rw-p 00000000 00:00 0 
100080000-140000000 ---p 00000000 00:00 0 
7fbb48000000-7fbb48021000 rw-p 00000000 00:00 0 
7fbb48021000-7fbb4c000000 ---p 00000000 00:00 0 
7fbb50000000-7fbb50021000 rw-p 00000000 00:00 0 
7fbb50021000-7fbb54000000 ---p 00000000 00:00 0 
7fbb54000000-7fbb54021000 rw-p 00000000 00:00 0 
7fbb54021000-7fbb58000000 ---p 00000000 00:00 0 
7fbb58000000-7fbb58056000 rw-p 00000000 00:00 0 
7fbb58056000-7fbb5c000000 ---p 00000000 00:00 0 
7fbb5c000000-7fbb5c021000 rw-p 00000000 00:00 0 
7fbb5c021000-7fbb60000000 ---p 00000000 00:00 0 
7fbb60000000-7fbb60021000 rw-p 00000000 00:00 0 
7fbb60021000-7fbb64000000 ---p 00000000 00:00 0 
7fbb64000000-7fbb6404e000 rw-p 00000000 00:00 0 
7fbb6404e000-7fbb68000000 ---p 00000000 00:00 0 
7fbb68000000-7fbb68021000 rw-p 00000000 00:00 0 
7fbb68021000-7fbb6c000000 ---p 00000000 00:00 0 
7fbb6c000000-7fbb6c021000 rw-p 00000000 00:00 0 
7fbb6c021000-7fbb70000000 ---p 00000000 00:00 0 
7fbb70000000-7fbb70021000 rw-p 00000000 00:00 0 
7fbb70021000-7fbb74000000 ---p 00000000 00:00 0 
7fbb762d0000-7fbb78000000 rw-p 00000000 00:00 0 
7fbb78000000-7fbb78021000 rw-p 00000000 00:00 0 
7fbb78021000-7fbb7c000000 ---p 00000000 00:00 0 
7fbb7ce87000-7fbb7d11c000 rw-p 00000000 00:00 0 
7fbb7d11c000-7fbb7d11d000 ---p 00000000 00:00 0 
7fbb7d11d000-7fbb7d21d000 rw-p 00000000 00:00 0 
7fbb7d21d000-7fbb7d220000 ---p 00000000 00:00 0 
7fbb7d220000-7fbb7d31e000 rw-p 00000000 00:00 0 
7fbb7d31e000-7fbb7d321000 ---p 00000000 00:00 0 
7fbb7d321000-7fbb7d41f000 rw-p 00000000 00:00 0 
7fbb7d41f000-7fbb7d422000 ---p 00000000 00:00 0 
7fbb7d422000-7fbb7d520000 rw-p 00000000 00:00 0 
7fbb7d520000-7fbb7d523000 ---p 00000000 00:00 0 
7fbb7d523000-7fbb7d621000 rw-p 00000000 00:00 0 
7fbb7d621000-7fbb7d624000 ---p 00000000 00:00 0 
7fbb7d624000-7fbb7d722000 rw-p 00000000 00:00 0 
7fbb7d722000-7fbb7d725000 ---p 00000000 00:00 0 
7fbb7d725000-7fbb7d823000 rw-p 00000000 00:00 0 
7fbb7d823000-7fbb7e1e2000 r--p 00000000 08:01 17439542                   /usr/lib/locale/locale-archive
7fbb7e1e2000-7fbb7e1e5000 ---p 00000000 00:00 0 
7fbb7e1e5000-7fbb7e2e3000 rw-p 00000000 00:00 0 
7fbb7e2e3000-7fbb7e2e6000 ---p 00000000 00:00 0 
7fbb7e2e6000-7fbb7e3e4000 rw-p 00000000 00:00 0 
7fbb7e3e4000-7fbb7e3e5000 ---p 00000000 00:00 0 
7fbb7e3e5000-7fbb80000000 rw-p 00000000 00:00 0 
7fbb80000000-7fbb80021000 rw-p 00000000 00:00 0 
7fbb80021000-7fbb84000000 ---p 00000000 00:00 0 
7fbb84000000-7fbb84163000 rw-p 00000000 00:00 0 
7fbb84163000-7fbb88000000 ---p 00000000 00:00 0 
7fbb88000000-7fbb88021000 rw-p 00000000 00:00 0 
7fbb88021000-7fbb8c000000 ---p 00000000 00:00 0 
7fbb8c000000-7fbb8c1b4000 rw-p 00000000 00:00 0 
7fbb8c1b4000-7fbb90000000 ---p 00000000 00:00 0 
7fbb90000000-7fbb90021000 rw-p 00000000 00:00 0 
7fbb90021000-7fbb94000000 ---p 00000000 00:00 0 
7fbb94000000-7fbb94021000 rw-p 00000000 00:00 0 
7fbb94021000-7fbb98000000 ---p 00000000 00:00 0 
7fbb98000000-7fbb98021000 rw-p 00000000 00:00 0 
7fbb98021000-7fbb9c000000 ---p 00000000 00:00 0 
7fbb9c04f000-7fbb9c229000 r--s 03d6f000 08:01 17967127                   /usr/lib/jvm/java-8-oracle/jre/lib/rt.jar
7fbb9c229000-7fbb9c669000 rw-p 00000000 00:00 0 
7fbb9c669000-7fbb9ca29000 ---p 00000000 00:00 0 
7fbb9ca29000-7fbb9cbfc000 rw-p 00000000 00:00 0 
7fbb9cbfc000-7fbb9cbfd000 ---p 00000000 00:00 0 
7fbb9cbfd000-7fbb9ccfd000 rw-p 00000000 00:00 0 
7fbb9ccfd000-7fbb9ccfe000 ---p 00000000 00:00 0 
7fbb9ccfe000-7fbb9cdfe000 rw-p 00000000 00:00 0 
7fbb9cdfe000-7fbb9cdff000 ---p 00000000 00:00 0 
7fbb9cdff000-7fbb9ceff000 rw-p 00000000 00:00 0 
7fbb9ceff000-7fbb9cf00000 ---p 00000000 00:00 0 
7fbb9cf00000-7fbb9d000000 rw-p 00000000 00:00 0 
7fbb9d000000-7fbb9d270000 rwxp 00000000 00:00 0 
7fbb9d270000-7fbbac000000 ---p 00000000 00:00 0 
7fbbac000000-7fbbac239000 rw-p 00000000 00:00 0 
7fbbac239000-7fbbb0000000 ---p 00000000 00:00 0 
7fbbb0068000-7fbbb00de000 rw-p 00000000 00:00 0 
7fbbb00de000-7fbbb00df000 ---p 00000000 00:00 0 
7fbbb00df000-7fbbb01df000 rw-p 00000000 00:00 0 
7fbbb01df000-7fbbb01e0000 ---p 00000000 00:00 0 
7fbbb01e0000-7fbbb02e0000 rw-p 00000000 00:00 0 
7fbbb02e0000-7fbbb02e1000 ---p 00000000 00:00 0 
7fbbb02e1000-7fbbb03e1000 rw-p 00000000 00:00 0 
7fbbb03e1000-7fbbb03e2000 ---p 00000000 00:00 0 
7fbbb03e2000-7fbbb050e000 rw-p 00000000 00:00 0 
7fbbb050e000-7fbbb061a000 ---p 00000000 00:00 0 
7fbbb061a000-7fbbb0646000 rw-p 00000000 00:00 0 
7fbbb0646000-7fbbb0751000 ---p 00000000 00:00 0 
7fbbb0751000-7fbbb0772000 rw-p 00000000 00:00 0 
7fbbb0772000-7fbbb07ed000 ---p 00000000 00:00 0 
7fbbb07ed000-7fbbb07f8000 rw-p 00000000 00:00 0 
7fbbb07f8000-7fbbb0bae000 ---p 00000000 00:00 0 
7fbbb0bae000-7fbbb0bc9000 r-xp 00000000 08:01 18090705                   /usr/lib/jvm/java-8-oracle/jre/lib/amd64/libzip.so
7fbbb0bc9000-7fbbb0dc8000 ---p 0001b000 08:01 18090705                   /usr/lib/jvm/java-8-oracle/jre/lib/amd64/libzip.so
7fbbb0dc8000-7fbbb0dc9000 r--p 0001a000 08:01 18090705                   /usr/lib/jvm/java-8-oracle/jre/lib/amd64/libzip.so
7fbbb0dc9000-7fbbb0dca000 rw-p 0001b000 08:01 18090705                   /usr/lib/jvm/java-8-oracle/jre/lib/amd64/libzip.so
7fbbb0dca000-7fbbb0dd5000 r-xp 00000000 08:01 4985510                    /lib/x86_64-linux-gnu/libnss_files-2.23.so
7fbbb0dd5000-7fbbb0fd4000 ---p 0000b000 08:01 4985510                    /lib/x86_64-linux-gnu/libnss_files-2.23.so
7fbbb0fd4000-7fbbb0fd5000 r--p 0000a000 08:01 4985510                    /lib/x86_64-linux-gnu/libnss_files-2.23.so
7fbbb0fd5000-7fbbb0fd6000 rw-p 0000b000 08:01 4985510                    /lib/x86_64-linux-gnu/libnss_files-2.23.so
7fbbb0fd6000-7fbbb0fdc000 rw-p 00000000 00:00 0 
7fbbb0fdc000-7fbbb0fe7000 r-xp 00000000 08:01 4985520                    /lib/x86_64-linux-gnu/libnss_nis-2.23.so
7fbbb0fe7000-7fbbb11e6000 ---p 0000b000 08:01 4985520                    /lib/x86_64-linux-gnu/libnss_nis-2.23.so
7fbbb11e6000-7fbbb11e7000 r--p 0000a000 08:01 4985520                    /lib/x86_64-linux-gnu/libnss_nis-2.23.so
7fbbb11e7000-7fbbb11e8000 rw-p 0000b000 08:01 4985520                    /lib/x86_64-linux-gnu/libnss_nis-2.23.so
7fbbb11e8000-7fbbb11fe000 r-xp 00000000 08:01 4985504                    /lib/x86_64-linux-gnu/libnsl-2.23.so
7fbbb11fe000-7fbbb13fd000 ---p 00016000 08:01 4985504                    /lib/x86_64-linux-gnu/libnsl-2.23.so
7fbbb13fd000-7fbbb13fe000 r--p 00015000 08:01 4985504                    /lib/x86_64-linux-gnu/libnsl-2.23.so
7fbbb13fe000-7fbbb13ff000 rw-p 00016000 08:01 4985504                    /lib/x86_64-linux-gnu/libnsl-2.23.so
7fbbb13ff000-7fbbb1401000 rw-p 00000000 00:00 0 
7fbbb1401000-7fbbb1409000 r-xp 00000000 08:01 4985506                    /lib/x86_64-linux-gnu/libnss_compat-2.23.so
7fbbb1409000-7fbbb1608000 ---p 00008000 08:01 4985506                    /lib/x86_64-linux-gnu/libnss_compat-2.23.so
7fbbb1608000-7fbbb1609000 r--p 00007000 08:01 4985506                    /lib/x86_64-linux-gnu/libnss_compat-2.23.so
7fbbb1609000-7fbbb160a000 rw-p 00008000 08:01 4985506                    /lib/x86_64-linux-gnu/libnss_compat-2.23.so
7fbbb160a000-7fbbb1636000 r-xp 00000000 08:01 18090338                   /usr/lib/jvm/java-8-oracle/jre/lib/amd64/libjava.so
7fbbb1636000-7fbbb1836000 ---p 0002c000 08:01 18090338                   /usr/lib/jvm/java-8-oracle/jre/lib/amd64/libjava.so
7fbbb1836000-7fbbb1837000 r--p 0002c000 08:01 18090338                   /usr/lib/jvm/java-8-oracle/jre/lib/amd64/libjava.so
7fbbb1837000-7fbbb1839000 rw-p 0002d000 08:01 18090338                   /usr/lib/jvm/java-8-oracle/jre/lib/amd64/libjava.so
7fbbb1839000-7fbbb1846000 r-xp 00000000 08:01 18090704                   /usr/lib/jvm/java-8-oracle/jre/lib/amd64/libverify.so
7fbbb1846000-7fbbb1a45000 ---p 0000d000 08:01 18090704                   /usr/lib/jvm/java-8-oracle/jre/lib/amd64/libverify.so
7fbbb1a45000-7fbbb1a47000 r--p 0000c000 08:01 18090704                   /usr/lib/jvm/java-8-oracle/jre/lib/amd64/libverify.so
7fbbb1a47000-7fbbb1a48000 rw-p 0000e000 08:01 18090704                   /usr/lib/jvm/java-8-oracle/jre/lib/amd64/libverify.so
7fbbb1a48000-7fbbb1a4f000 r-xp 00000000 08:01 4985565                    /lib/x86_64-linux-gnu/librt-2.23.so
7fbbb1a4f000-7fbbb1c4e000 ---p 00007000 08:01 4985565                    /lib/x86_64-linux-gnu/librt-2.23.so
7fbbb1c4e000-7fbbb1c4f000 r--p 00006000 08:01 4985565                    /lib/x86_64-linux-gnu/librt-2.23.so
7fbbb1c4f000-7fbbb1c50000 rw-p 00007000 08:01 4985565                    /lib/x86_64-linux-gnu/librt-2.23.so
7fbbb1c50000-7fbbb1d58000 r-xp 00000000 08:01 4985481                    /lib/x86_64-linux-gnu/libm-2.23.so
7fbbb1d58000-7fbbb1f57000 ---p 00108000 08:01 4985481                    /lib/x86_64-linux-gnu/libm-2.23.so
7fbbb1f57000-7fbbb1f58000 r--p 00107000 08:01 4985481                    /lib/x86_64-linux-gnu/libm-2.23.so
7fbbb1f58000-7fbbb1f59000 rw-p 00108000 08:01 4985481                    /lib/x86_64-linux-gnu/libm-2.23.so
7fbbb1f59000-7fbbb2c41000 r-xp 00000000 08:01 18090320                   /usr/lib/jvm/java-8-oracle/jre/lib/amd64/server/libjvm.so
7fbbb2c41000-7fbbb2e40000 ---p 00ce8000 08:01 18090320                   /usr/lib/jvm/java-8-oracle/jre/lib/amd64/server/libjvm.so
7fbbb2e40000-7fbbb2ed6000 r--p 00ce7000 08:01 18090320                   /usr/lib/jvm/java-8-oracle/jre/lib/amd64/server/libjvm.so
7fbbb2ed6000-7fbbb2f07000 rw-p 00d7d000 08:01 18090320                   /usr/lib/jvm/java-8-oracle/jre/lib/amd64/server/libjvm.so
7fbbb2f07000-7fbbb2f42000 rw-p 00000000 00:00 0 
7fbbb2f42000-7fbbb3102000 r-xp 00000000 08:01 4985411                    /lib/x86_64-linux-gnu/libc-2.23.so
7fbbb3102000-7fbbb3302000 ---p 001c0000 08:01 4985411                    /lib/x86_64-linux-gnu/libc-2.23.so
7fbbb3302000-7fbbb3306000 r--p 001c0000 08:01 4985411                    /lib/x86_64-linux-gnu/libc-2.23.so
7fbbb3306000-7fbbb3308000 rw-p 001c4000 08:01 4985411                    /lib/x86_64-linux-gnu/libc-2.23.so
7fbbb3308000-7fbbb330c000 rw-p 00000000 00:00 0 
7fbbb330c000-7fbbb330f000 r-xp 00000000 08:01 4985435                    /lib/x86_64-linux-gnu/libdl-2.23.so
7fbbb330f000-7fbbb350e000 ---p 00003000 08:01 4985435                    /lib/x86_64-linux-gnu/libdl-2.23.so
7fbbb350e000-7fbbb350f000 r--p 00002000 08:01 4985435                    /lib/x86_64-linux-gnu/libdl-2.23.so
7fbbb350f000-7fbbb3510000 rw-p 00003000 08:01 4985435                    /lib/x86_64-linux-gnu/libdl-2.23.so
7fbbb3510000-7fbbb3527000 r-xp 00000000 08:01 18090282                   /usr/lib/jvm/java-8-oracle/jre/lib/amd64/jli/libjli.so
7fbbb3527000-7fbbb3726000 ---p 00017000 08:01 18090282                   /usr/lib/jvm/java-8-oracle/jre/lib/amd64/jli/libjli.so
7fbbb3726000-7fbbb3727000 r--p 00016000 08:01 18090282                   /usr/lib/jvm/java-8-oracle/jre/lib/amd64/jli/libjli.so
7fbbb3727000-7fbbb3728000 rw-p 00017000 08:01 18090282                   /usr/lib/jvm/java-8-oracle/jre/lib/amd64/jli/libjli.so
7fbbb3728000-7fbbb3740000 r-xp 00000000 08:01 4985557                    /lib/x86_64-linux-gnu/libpthread-2.23.so
7fbbb3740000-7fbbb393f000 ---p 00018000 08:01 4985557                    /lib/x86_64-linux-gnu/libpthread-2.23.so
7fbbb393f000-7fbbb3940000 r--p 00017000 08:01 4985557                    /lib/x86_64-linux-gnu/libpthread-2.23.so
7fbbb3940000-7fbbb3941000 rw-p 00018000 08:01 4985557                    /lib/x86_64-linux-gnu/libpthread-2.23.so
7fbbb3941000-7fbbb3945000 rw-p 00000000 00:00 0 
7fbbb3945000-7fbbb396b000 r-xp 00000000 08:01 4985383                    /lib/x86_64-linux-gnu/ld-2.23.so
7fbbb3990000-7fbbb3a4d000 rw-p 00000000 00:00 0 
7fbbb3a4d000-7fbbb3a50000 ---p 00000000 00:00 0 
7fbbb3a50000-7fbbb3b53000 rw-p 00000000 00:00 0 
7fbbb3b5f000-7fbbb3b60000 r--s 00000000 08:01 7608180                    /home/laboratorio/bin/Algoritmo.jar
7fbbb3b60000-7fbbb3b68000 rw-s 00000000 08:01 8126767                    /tmp/hsperfdata_root/15839
7fbbb3b68000-7fbbb3b69000 rw-p 00000000 00:00 0 
7fbbb3b69000-7fbbb3b6a000 ---p 00000000 00:00 0 
7fbbb3b6a000-7fbbb3b6b000 r--p 00025000 08:01 4985383                    /lib/x86_64-linux-gnu/ld-2.23.so
7fbbb3b6b000-7fbbb3b6c000 rw-p 00026000 08:01 4985383                    /lib/x86_64-linux-gnu/ld-2.23.so
7fbbb3b6c000-7fbbb3b6d000 rw-p 00000000 00:00 0 
7ffe100a6000-7ffe100c7000 rw-p 00000000 00:00 0                          [stack]
7ffe10114000-7ffe10117000 r--p 00000000 00:00 0                          [vvar]
7ffe10117000-7ffe10119000 r-xp 00000000 00:00 0                          [vdso]
ffffffffff600000-ffffffffff601000 r-xp 00000000 00:00 0                  [vsyscall]

VM Arguments:
java_command: /home/laboratorio/bin/Algoritmo.jar
java_class_path (initial): /home/laboratorio/bin/Algoritmo.jar
Launcher Type: SUN_STANDARD

Environment Variables:
PATH=/usr/local/sbin:/usr/local/bin:/usr/sbin:/usr/bin:/sbin:/bin:/snap/bin
USERNAME=root
SHELL=/bin/bash
DISPLAY=:0

Signal Handlers:
SIGSEGV: [libjvm.so+0xad3e60], sa_mask[0]=11111111011111111101111111111110, sa_flags=SA_RESTART|SA_SIGINFO
SIGBUS: [libjvm.so+0xad3e60], sa_mask[0]=11111111011111111101111111111110, sa_flags=SA_RESTART|SA_SIGINFO
SIGFPE: [libjvm.so+0x90b880], sa_mask[0]=11111111011111111101111111111110, sa_flags=SA_RESTART|SA_SIGINFO
SIGPIPE: [libjvm.so+0x90b880], sa_mask[0]=11111111011111111101111111111110, sa_flags=SA_RESTART|SA_SIGINFO
SIGXFSZ: [libjvm.so+0x90b880], sa_mask[0]=11111111011111111101111111111110, sa_flags=SA_RESTART|SA_SIGINFO
SIGILL: [libjvm.so+0x90b880], sa_mask[0]=11111111011111111101111111111110, sa_flags=SA_RESTART|SA_SIGINFO
SIGUSR1: SIG_DFL, sa_mask[0]=00000000000000000000000000000000, sa_flags=none
SIGUSR2: [libjvm.so+0x90b750], sa_mask[0]=00000000000000000000000000000000, sa_flags=SA_RESTART|SA_SIGINFO
SIGHUP: [libjvm.so+0x90bd70], sa_mask[0]=11111111011111111101111111111110, sa_flags=SA_RESTART|SA_SIGINFO
SIGINT: SIG_IGN, sa_mask[0]=00000000000000000000000000000000, sa_flags=none
SIGTERM: [libjvm.so+0x90bd70], sa_mask[0]=11111111011111111101111111111110, sa_flags=SA_RESTART|SA_SIGINFO
SIGQUIT: [libjvm.so+0x90bd70], sa_mask[0]=11111111011111111101111111111110, sa_flags=SA_RESTART|SA_SIGINFO


---------------  S Y S T E M  ---------------

OS:DISTRIB_ID=Ubuntu
DISTRIB_RELEASE=16.04
DISTRIB_CODENAME=xenial
DISTRIB_DESCRIPTION="Ubuntu 16.04.5 LTS"

uname:Linux 4.15.0-65-generic #74~16.04.1-Ubuntu SMP Wed Sep 18 09:51:44 UTC 2019 x86_64
libc:glibc 2.23 NPTL 2.23 
rlimit: STACK 8192k, CORE 0k, NPROC 14690, NOFILE 1048576, AS infinity
load average:62,74 32,11 13,23

/proc/meminfo:
MemTotal:        3821336 kB
MemFree:          951464 kB
MemAvailable:     890568 kB
Buffers:            2192 kB
Cached:           250892 kB
SwapCached:         2156 kB
Active:          2250676 kB
Inactive:         375088 kB
Active(anon):    2246536 kB
Inactive(anon):   317208 kB
Active(file):       4140 kB
Inactive(file):    57880 kB
Unevictable:          48 kB
Mlocked:              48 kB
SwapTotal:        998396 kB
SwapFree:             12 kB
Dirty:               292 kB
Writeback:           624 kB
AnonPages:       2371676 kB
Mapped:           134520 kB
Shmem:            190540 kB
Slab:             111648 kB
SReclaimable:      51472 kB
SUnreclaim:        60176 kB
KernelStack:       19104 kB
PageTables:        56972 kB
NFS_Unstable:          0 kB
Bounce:                0 kB
WritebackTmp:          0 kB
CommitLimit:     2909064 kB
Committed_AS:   10365124 kB
VmallocTotal:   34359738367 kB
VmallocUsed:           0 kB
VmallocChunk:          0 kB
HardwareCorrupted:     0 kB
AnonHugePages:         0 kB
ShmemHugePages:        0 kB
ShmemPmdMapped:        0 kB
CmaTotal:              0 kB
CmaFree:               0 kB
HugePages_Total:       0
HugePages_Free:        0
HugePages_Rsvd:        0
HugePages_Surp:        0
Hugepagesize:       2048 kB
DirectMap4k:      222568 kB
DirectMap2M:     3751936 kB

container (cgroup) information:
container_type: cgroupv1
cpu_cpuset_cpus: 0-7
cpu_memory_nodes: 0
active_processor_count: 8
cpu_quota: -1
cpu_period: 100000
cpu_shares: -1
memory_limit_in_bytes: -1
memory_and_swap_limit_in_bytes: -2
memory_soft_limit_in_bytes: -1
memory_usage_in_bytes: 2690584576
memory_max_usage_in_bytes: 4726784


CPU:total 8 (initial active 8) (4 cores per cpu, 2 threads per core) family 6 model 58 stepping 9, cmov, cx8, fxsr, mmx, sse, sse2, sse3, ssse3, sse4.1, sse4.2, popcnt, avx, aes, clmul, erms, ht, tsc, tscinvbit, tscinv

/proc/cpuinfo:
processor	: 0
vendor_id	: GenuineIntel
cpu family	: 6
model		: 58
model name	: Intel(R) Core(TM) i7-3770 CPU @ 3.40GHz
stepping	: 9
microcode	: 0x21
cpu MHz		: 3691.872
cache size	: 8192 KB
physical id	: 0
siblings	: 8
core id		: 0
cpu cores	: 4
apicid		: 0
initial apicid	: 0
fpu		: yes
fpu_exception	: yes
cpuid level	: 13
wp		: yes
flags		: fpu vme de pse tsc msr pae mce cx8 apic sep mtrr pge mca cmov pat pse36 clflush dts acpi mmx fxsr sse sse2 ss ht tm pbe syscall nx rdtscp lm constant_tsc arch_perfmon pebs bts rep_good nopl xtopology nonstop_tsc cpuid aperfmperf pni pclmulqdq dtes64 monitor ds_cpl vmx smx est tm2 ssse3 cx16 xtpr pdcm pcid sse4_1 sse4_2 x2apic popcnt tsc_deadline_timer aes xsave avx f16c rdrand lahf_lm cpuid_fault epb pti ssbd ibrs ibpb stibp tpr_shadow vnmi flexpriority ept vpid fsgsbase smep erms xsaveopt dtherm ida arat pln pts md_clear flush_l1d
bugs		: cpu_meltdown spectre_v1 spectre_v2 spec_store_bypass l1tf mds swapgs
bogomips	: 6785.06
clflush size	: 64
cache_alignment	: 64
address sizes	: 36 bits physical, 48 bits virtual
power management:

processor	: 1
vendor_id	: GenuineIntel
cpu family	: 6
model		: 58
model name	: Intel(R) Core(TM) i7-3770 CPU @ 3.40GHz
stepping	: 9
microcode	: 0x21
cpu MHz		: 3691.872
cache size	: 8192 KB
physical id	: 0
siblings	: 8
core id		: 1
cpu cores	: 4
apicid		: 2
initial apicid	: 2
fpu		: yes
fpu_exception	: yes
cpuid level	: 13
wp		: yes
flags		: fpu vme de pse tsc msr pae mce cx8 apic sep mtrr pge mca cmov pat pse36 clflush dts acpi mmx fxsr sse sse2 ss ht tm pbe syscall nx rdtscp lm constant_tsc arch_perfmon pebs bts rep_good nopl xtopology nonstop_tsc cpuid aperfmperf pni pclmulqdq dtes64 monitor ds_cpl vmx smx est tm2 ssse3 cx16 xtpr pdcm pcid sse4_1 sse4_2 x2apic popcnt tsc_deadline_timer aes xsave avx f16c rdrand lahf_lm cpuid_fault epb pti ssbd ibrs ibpb stibp tpr_shadow vnmi flexpriority ept vpid fsgsbase smep erms xsaveopt dtherm ida arat pln pts md_clear flush_l1d
bugs		: cpu_meltdown spectre_v1 spectre_v2 spec_store_bypass l1tf mds swapgs
bogomips	: 6785.06
clflush size	: 64
cache_alignment	: 64
address sizes	: 36 bits physical, 48 bits virtual
power management:

processor	: 2
vendor_id	: GenuineIntel
cpu family	: 6
model		: 58
model name	: Intel(R) Core(TM) i7-3770 CPU @ 3.40GHz
stepping	: 9
microcode	: 0x21
cpu MHz		: 3691.873
cache size	: 8192 KB
physical id	: 0
siblings	: 8
core id		: 2
cpu cores	: 4
apicid		: 4
initial apicid	: 4
fpu		: yes
fpu_exception	: yes
cpuid level	: 13
wp		: yes
flags		: fpu vme de pse tsc msr pae mce cx8 apic sep mtrr pge mca cmov pat pse36 clflush dts acpi mmx fxsr sse sse2 ss ht tm pbe syscall nx rdtscp lm constant_tsc arch_perfmon pebs bts rep_good nopl xtopology nonstop_tsc cpuid aperfmperf pni pclmulqdq dtes64 monitor ds_cpl vmx smx est tm2 ssse3 cx16 xtpr pdcm pcid sse4_1 sse4_2 x2apic popcnt tsc_deadline_timer aes xsave avx f16c rdrand lahf_lm cpuid_fault epb pti ssbd ibrs ibpb stibp tpr_shadow vnmi flexpriority ept vpid fsgsbase smep erms xsaveopt dtherm ida arat pln pts md_clear flush_l1d
bugs		: cpu_meltdown spectre_v1 spectre_v2 spec_store_bypass l1tf mds swapgs
bogomips	: 6785.06
clflush size	: 64
cache_alignment	: 64
address sizes	: 36 bits physical, 48 bits virtual
power management:

processor	: 3
vendor_id	: GenuineIntel
cpu family	: 6
model		: 58
model name	: Intel(R) Core(TM) i7-3770 CPU @ 3.40GHz
stepping	: 9
microcode	: 0x21
cpu MHz		: 3691.873
cache size	: 8192 KB
physical id	: 0
siblings	: 8
core id		: 3
cpu cores	: 4
apicid		: 6
initial apicid	: 6
fpu		: yes
fpu_exception	: yes
cpuid level	: 13
wp		: yes
flags		: fpu vme de pse tsc msr pae mce cx8 apic sep mtrr pge mca cmov pat pse36 clflush dts acpi mmx fxsr sse sse2 ss ht tm pbe syscall nx rdtscp lm constant_tsc arch_perfmon pebs bts rep_good nopl xtopology nonstop_tsc cpuid aperfmperf pni pclmulqdq dtes64 monitor ds_cpl vmx smx est tm2 ssse3 cx16 xtpr pdcm pcid sse4_1 sse4_2 x2apic popcnt tsc_deadline_timer aes xsave avx f16c rdrand lahf_lm cpuid_fault epb pti ssbd ibrs ibpb stibp tpr_shadow vnmi flexpriority ept vpid fsgsbase smep erms xsaveopt dtherm ida arat pln pts md_clear flush_l1d
bugs		: cpu_meltdown spectre_v1 spectre_v2 spec_store_bypass l1tf mds swapgs
bogomips	: 6785.06
clflush size	: 64
cache_alignment	: 64
address sizes	: 36 bits physical, 48 bits virtual
power management:

processor	: 4
vendor_id	: GenuineIntel
cpu family	: 6
model		: 58
model name	: Intel(R) Core(TM) i7-3770 CPU @ 3.40GHz
stepping	: 9
microcode	: 0x21
cpu MHz		: 3691.873
cache size	: 8192 KB
physical id	: 0
siblings	: 8
core id		: 0
cpu cores	: 4
apicid		: 1
initial apicid	: 1
fpu		: yes
fpu_exception	: yes
cpuid level	: 13
wp		: yes
flags		: fpu vme de pse tsc msr pae mce cx8 apic sep mtrr pge mca cmov pat pse36 clflush dts acpi mmx fxsr sse sse2 ss ht tm pbe syscall nx rdtscp lm constant_tsc arch_perfmon pebs bts rep_good nopl xtopology nonstop_tsc cpuid aperfmperf pni pclmulqdq dtes64 monitor ds_cpl vmx smx est tm2 ssse3 cx16 xtpr pdcm pcid sse4_1 sse4_2 x2apic popcnt tsc_deadline_timer aes xsave avx f16c rdrand lahf_lm cpuid_fault epb pti ssbd ibrs ibpb stibp tpr_shadow vnmi flexpriority ept vpid fsgsbase smep erms xsaveopt dtherm ida arat pln pts md_clear flush_l1d
bugs		: cpu_meltdown spectre_v1 spectre_v2 spec_store_bypass l1tf mds swapgs
bogomips	: 6785.06
clflush size	: 64
cache_alignment	: 64
address sizes	: 36 bits physical, 48 bits virtual
power management:

processor	: 5
vendor_id	: GenuineIntel
cpu family	: 6
model		: 58
model name	: Intel(R) Core(TM) i7-3770 CPU @ 3.40GHz
stepping	: 9
microcode	: 0x21
cpu MHz		: 3691.874
cache size	: 8192 KB
physical id	: 0
siblings	: 8
core id		: 1
cpu cores	: 4
apicid		: 3
initial apicid	: 3
fpu		: yes
fpu_exception	: yes
cpuid level	: 13
wp		: yes
flags		: fpu vme de pse tsc msr pae mce cx8 apic sep mtrr pge mca cmov pat pse36 clflush dts acpi mmx fxsr sse sse2 ss ht tm pbe syscall nx rdtscp lm constant_tsc arch_perfmon pebs bts rep_good nopl xtopology nonstop_tsc cpuid aperfmperf pni pclmulqdq dtes64 monitor ds_cpl vmx smx est tm2 ssse3 cx16 xtpr pdcm pcid sse4_1 sse4_2 x2apic popcnt tsc_deadline_timer aes xsave avx f16c rdrand lahf_lm cpuid_fault epb pti ssbd ibrs ibpb stibp tpr_shadow vnmi flexpriority ept vpid fsgsbase smep erms xsaveopt dtherm ida arat pln pts md_clear flush_l1d
bugs		: cpu_meltdown spectre_v1 spectre_v2 spec_store_bypass l1tf mds swapgs
bogomips	: 6785.06
clflush size	: 64
cache_alignment	: 64
address sizes	: 36 bits physical, 48 bits virtual
power management:

processor	: 6
vendor_id	: GenuineIntel
cpu family	: 6
model		: 58
model name	: Intel(R) Core(TM) i7-3770 CPU @ 3.40GHz
stepping	: 9
microcode	: 0x21
cpu MHz		: 3691.874
cache size	: 8192 KB
physical id	: 0
siblings	: 8
core id		: 2
cpu cores	: 4
apicid		: 5
initial apicid	: 5
fpu		: yes
fpu_exception	: yes
cpuid level	: 13
wp		: yes
flags		: fpu vme de pse tsc msr pae mce cx8 apic sep mtrr pge mca cmov pat pse36 clflush dts acpi mmx fxsr sse sse2 ss ht tm pbe syscall nx rdtscp lm constant_tsc arch_perfmon pebs bts rep_good nopl xtopology nonstop_tsc cpuid aperfmperf pni pclmulqdq dtes64 monitor ds_cpl vmx smx est tm2 ssse3 cx16 xtpr pdcm pcid sse4_1 sse4_2 x2apic popcnt tsc_deadline_timer aes xsave avx f16c rdrand lahf_lm cpuid_fault epb pti ssbd ibrs ibpb stibp tpr_shadow vnmi flexpriority ept vpid fsgsbase smep erms xsaveopt dtherm ida arat pln pts md_clear flush_l1d
bugs		: cpu_meltdown spectre_v1 spectre_v2 spec_store_bypass l1tf mds swapgs
bogomips	: 6785.06
clflush size	: 64
cache_alignment	: 64
address sizes	: 36 bits physical, 48 bits virtual
power management:

processor	: 7
vendor_id	: GenuineIntel
cpu family	: 6
model		: 58
model name	: Intel(R) Core(TM) i7-3770 CPU @ 3.40GHz
stepping	: 9
microcode	: 0x21
cpu MHz		: 3691.874
cache size	: 8192 KB
physical id	: 0
siblings	: 8
core id		: 3
cpu cores	: 4
apicid		: 7
initial apicid	: 7
fpu		: yes
fpu_exception	: yes
cpuid level	: 13
wp		: yes
flags		: fpu vme de pse tsc msr pae mce cx8 apic sep mtrr pge mca cmov pat pse36 clflush dts acpi mmx fxsr sse sse2 ss ht tm pbe syscall nx rdtscp lm constant_tsc arch_perfmon pebs bts rep_good nopl xtopology nonstop_tsc cpuid aperfmperf pni pclmulqdq dtes64 monitor ds_cpl vmx smx est tm2 ssse3 cx16 xtpr pdcm pcid sse4_1 sse4_2 x2apic popcnt tsc_deadline_timer aes xsave avx f16c rdrand lahf_lm cpuid_fault epb pti ssbd ibrs ibpb stibp tpr_shadow vnmi flexpriority ept vpid fsgsbase smep erms xsaveopt dtherm ida arat pln pts md_clear flush_l1d
bugs		: cpu_meltdown spectre_v1 spectre_v2 spec_store_bypass l1tf mds swapgs
bogomips	: 6785.06
clflush size	: 64
cache_alignment	: 64
address sizes	: 36 bits physical, 48 bits virtual
power management:



Memory: 4k page, physical 3821336k(950704k free), swap 998396k(12k free)

vm_info: Java HotSpot(TM) 64-Bit Server VM (25.201-b09) for linux-amd64 JRE (1.8.0_201-b09), built on Dec 15 2018 11:35:59 by "java_re" with gcc 7.3.0

time: Fri Jan 17 13:46:12 2020
timezone: -05
elapsed time: 149 seconds (0d 0h 2m 29s)

